Log file open, 12/03/16 12:36:38
LogInit:Display: Running engine for game: NailBound
LogPlatformFile: Not using cached read wrapper
LogInit:Display: RandInit(-1603477620) SRandInit(-1603477620).
LogTaskGraph: Started task graph with 5 named threads and 8 total threads with 1 sets of task threads.
LogStats: Stats thread started at 0.073767
LogPluginManager: Loaded Plugin Paper2D, From C:/Program Files (x86)/Epic Games/4.14/Engine/Plugins/2D/Paper2D/Paper2D.uplugin
LogPluginManager: Loaded Plugin LightPropagationVolume, From C:/Program Files (x86)/Epic Games/4.14/Engine/Plugins/Blendables/LightPropagationVolume/LightPropagationVolume.uplugin
LogPluginManager: Loaded Plugin BlankPlugin, From C:/Program Files (x86)/Epic Games/4.14/Engine/Plugins/Developer/BlankPlugin/BlankPlugin.uplugin
LogPluginManager: Loaded Plugin CodeLiteSourceCodeAccess, From C:/Program Files (x86)/Epic Games/4.14/Engine/Plugins/Developer/CodeLiteSourceCodeAccess/CodeLiteSourceCodeAccess.uplugin
LogPluginManager: Loaded Plugin GitSourceControl, From C:/Program Files (x86)/Epic Games/4.14/Engine/Plugins/Developer/GitSourceControl/GitSourceControl.uplugin
LogPluginManager: Loaded Plugin KDevelopSourceCodeAccess, From C:/Program Files (x86)/Epic Games/4.14/Engine/Plugins/Developer/KDevelopSourceCodeAccess/KDevelopSourceCodeAccess.uplugin
LogPluginManager: Loaded Plugin NullSourceCodeAccess, From C:/Program Files (x86)/Epic Games/4.14/Engine/Plugins/Developer/NullSourceCodeAccess/NullSourceCodeAccess.uplugin
LogPluginManager: Loaded Plugin OneSkyLocalizationService, From C:/Program Files (x86)/Epic Games/4.14/Engine/Plugins/Developer/OneSkyLocalizationService/OneSkyLocalizationService.uplugin
LogPluginManager: Loaded Plugin PerforceSourceControl, From C:/Program Files (x86)/Epic Games/4.14/Engine/Plugins/Developer/PerforceSourceControl/PerforceSourceControl.uplugin
LogPluginManager: Loaded Plugin SubversionSourceControl, From C:/Program Files (x86)/Epic Games/4.14/Engine/Plugins/Developer/SubversionSourceControl/SubversionSourceControl.uplugin
LogPluginManager: Loaded Plugin UObjectPlugin, From C:/Program Files (x86)/Epic Games/4.14/Engine/Plugins/Developer/UObjectPlugin/UObjectPlugin.uplugin
LogPluginManager: Loaded Plugin VisualStudioSourceCodeAccess, From C:/Program Files (x86)/Epic Games/4.14/Engine/Plugins/Developer/VisualStudioSourceCodeAccess/VisualStudioSourceCodeAccess.uplugin
LogPluginManager: Loaded Plugin XCodeSourceCodeAccess, From C:/Program Files (x86)/Epic Games/4.14/Engine/Plugins/Developer/XCodeSourceCodeAccess/XCodeSourceCodeAccess.uplugin
LogPluginManager: Loaded Plugin AudioCapture, From C:/Program Files (x86)/Epic Games/4.14/Engine/Plugins/Editor/AudioCapture/AudioCapture.uplugin
LogPluginManager: Loaded Plugin EpicSurvey, From C:/Program Files (x86)/Epic Games/4.14/Engine/Plugins/Editor/EpicSurvey/EpicSurvey.uplugin
LogPluginManager: Loaded Plugin MacGraphicsSwitching, From C:/Program Files (x86)/Epic Games/4.14/Engine/Plugins/Editor/MacGraphicsSwitching/MacGraphicsSwitching.uplugin
LogPluginManager: Loaded Plugin MobileLauncherProfileWizard, From C:/Program Files (x86)/Epic Games/4.14/Engine/Plugins/Editor/MobileLauncherProfileWizard/MobileLauncherProfileWizard.uplugin
LogPluginManager: Loaded Plugin PluginBrowser, From C:/Program Files (x86)/Epic Games/4.14/Engine/Plugins/Editor/PluginBrowser/PluginBrowser.uplugin
LogPluginManager: Loaded Plugin SpeedTreeImporter, From C:/Program Files (x86)/Epic Games/4.14/Engine/Plugins/Editor/SpeedTreeImporter/SpeedTreeImporter.uplugin
LogPluginManager: Loaded Plugin SuperSearchEditor, From C:/Program Files (x86)/Epic Games/4.14/Engine/Plugins/Editor/SuperSearchEditor/SuperSearchEditor.uplugin
LogPluginManager: Loaded Plugin AlembicImporter, From C:/Program Files (x86)/Epic Games/4.14/Engine/Plugins/Experimental/AlembicImporter/AlembicImporter.uplugin
LogPluginManager: Loaded Plugin BlueprintStats, From C:/Program Files (x86)/Epic Games/4.14/Engine/Plugins/Experimental/BlueprintStats/BlueprintStats.uplugin
LogPluginManager: Loaded Plugin CharacterAI, From C:/Program Files (x86)/Epic Games/4.14/Engine/Plugins/Experimental/CharacterAI/CharacterAI.uplugin
LogPluginManager: Loaded Plugin CodeEditor, From C:/Program Files (x86)/Epic Games/4.14/Engine/Plugins/Experimental/CodeEditor/CodeEditor.uplugin
LogPluginManager: Loaded Plugin CodeView, From C:/Program Files (x86)/Epic Games/4.14/Engine/Plugins/Experimental/CodeView/CodeView.uplugin
LogPluginManager: Loaded Plugin HTML5Networking, From C:/Program Files (x86)/Epic Games/4.14/Engine/Plugins/Experimental/HTML5Networking/HTML5Networking.uplugin
LogPluginManager: Loaded Plugin OSVR, From C:/Program Files (x86)/Epic Games/4.14/Engine/Plugins/Experimental/OSVR/OSVR.uplugin
LogPluginManager: Loaded Plugin Phya, From C:/Program Files (x86)/Epic Games/4.14/Engine/Plugins/Experimental/Phya/Phya.uplugin
LogPluginManager: Loaded Plugin SignificanceManager, From C:/Program Files (x86)/Epic Games/4.14/Engine/Plugins/Experimental/SignificanceManager/SignificanceManager.uplugin
LogPluginManager: Loaded Plugin SimpleHMD, From C:/Program Files (x86)/Epic Games/4.14/Engine/Plugins/Experimental/SimpleHMD/SimpleHMD.uplugin
LogPluginManager: Loaded Plugin StereoPanorama, From C:/Program Files (x86)/Epic Games/4.14/Engine/Plugins/Experimental/StereoPanorama/StereoPanorama.uplugin
LogPluginManager: Loaded Plugin StructBox, From C:/Program Files (x86)/Epic Games/4.14/Engine/Plugins/Experimental/StructBox/StructBox.uplugin
LogPluginManager: Loaded Plugin AndroidMedia, From C:/Program Files (x86)/Epic Games/4.14/Engine/Plugins/Media/AndroidMedia/AndroidMedia.uplugin
LogPluginManager: Loaded Plugin AvfMedia, From C:/Program Files (x86)/Epic Games/4.14/Engine/Plugins/Media/AvfMedia/AvfMedia.uplugin
LogPluginManager: Loaded Plugin MediaPlayerEditor, From C:/Program Files (x86)/Epic Games/4.14/Engine/Plugins/Media/MediaPlayerEditor/MediaPlayerEditor.uplugin
LogPluginManager: Loaded Plugin WmfMedia, From C:/Program Files (x86)/Epic Games/4.14/Engine/Plugins/Media/WmfMedia/WmfMedia.uplugin
LogPluginManager: Loaded Plugin MessagingDebugger, From C:/Program Files (x86)/Epic Games/4.14/Engine/Plugins/Messaging/MessagingDebugger/MessagingDebugger.uplugin
LogPluginManager: Loaded Plugin TcpMessaging, From C:/Program Files (x86)/Epic Games/4.14/Engine/Plugins/Messaging/TcpMessaging/TcpMessaging.uplugin
LogPluginManager: Loaded Plugin UdpMessaging, From C:/Program Files (x86)/Epic Games/4.14/Engine/Plugins/Messaging/UdpMessaging/UdpMessaging.uplugin
LogPluginManager: Loaded Plugin LevelSequenceEditor, From C:/Program Files (x86)/Epic Games/4.14/Engine/Plugins/MovieScene/LevelSequenceEditor/LevelSequenceEditor.uplugin
LogPluginManager: Loaded Plugin MatineeToLevelSequence, From C:/Program Files (x86)/Epic Games/4.14/Engine/Plugins/MovieScene/MatineeToLevelSequence/MatineeToLevelSequence.uplugin
LogPluginManager: Loaded Plugin NetcodeUnitTest, From C:/Program Files (x86)/Epic Games/4.14/Engine/Plugins/NetcodeUnitTest/NetcodeUnitTest/NetcodeUnitTest.uplugin
LogPluginManager: Loaded Plugin NUTUnrealEngine4, From C:/Program Files (x86)/Epic Games/4.14/Engine/Plugins/NetcodeUnitTest/NUTUnrealEngine4/NUTUnrealEngine4.uplugin
LogPluginManager: Loaded Plugin OnlineSubsystemGameCircle, From C:/Program Files (x86)/Epic Games/4.14/Engine/Plugins/Online/Android/OnlineSubsystemGameCircle/OnlineSubsystemGameCircle.uplugin
LogPluginManager: Loaded Plugin OnlineSubsystemGooglePlay, From C:/Program Files (x86)/Epic Games/4.14/Engine/Plugins/Online/Android/OnlineSubsystemGooglePlay/OnlineSubsystemGooglePlay.uplugin
LogPluginManager: Loaded Plugin OnlineSubsystemIOS, From C:/Program Files (x86)/Epic Games/4.14/Engine/Plugins/Online/IOS/OnlineSubsystemIOS/OnlineSubsystemIOS.uplugin
LogPluginManager: Loaded Plugin OnlineFramework, From C:/Program Files (x86)/Epic Games/4.14/Engine/Plugins/Online/OnlineFramework/OnlineFramework.uplugin
LogPluginManager: Loaded Plugin OnlineSubsystem, From C:/Program Files (x86)/Epic Games/4.14/Engine/Plugins/Online/OnlineSubsystem/OnlineSubsystem.uplugin
LogPluginManager: Loaded Plugin OnlineSubsystemAmazon, From C:/Program Files (x86)/Epic Games/4.14/Engine/Plugins/Online/OnlineSubsystemAmazon/OnlineSubsystemAmazon.uplugin
LogPluginManager: Loaded Plugin OnlineSubsystemFacebook, From C:/Program Files (x86)/Epic Games/4.14/Engine/Plugins/Online/OnlineSubsystemFacebook/OnlineSubsystemFacebook.uplugin
LogPluginManager: Loaded Plugin OnlineSubsystemNull, From C:/Program Files (x86)/Epic Games/4.14/Engine/Plugins/Online/OnlineSubsystemNull/OnlineSubsystemNull.uplugin
LogPluginManager: Loaded Plugin OnlineSubsystemOculus, From C:/Program Files (x86)/Epic Games/4.14/Engine/Plugins/Online/OnlineSubsystemOculus/OnlineSubsystemOculus.uplugin
LogPluginManager: Loaded Plugin OnlineSubsystemSteam, From C:/Program Files (x86)/Epic Games/4.14/Engine/Plugins/Online/OnlineSubsystemSteam/OnlineSubsystemSteam.uplugin
LogPluginManager: Loaded Plugin OnlineSubsystemUtils, From C:/Program Files (x86)/Epic Games/4.14/Engine/Plugins/Online/OnlineSubsystemUtils/OnlineSubsystemUtils.uplugin
LogPluginManager: Loaded Plugin IOSTapJoy, From C:/Program Files (x86)/Epic Games/4.14/Engine/Plugins/Runtime/Advertising/IOSTapJoy/IOSTapJoy.uplugin
LogPluginManager: Loaded Plugin AnalyticsBlueprintLibrary, From C:/Program Files (x86)/Epic Games/4.14/Engine/Plugins/Runtime/Analytics/AnalyticsBlueprintLibrary/AnalyticsBlueprintLibrary.uplugin
LogPluginManager: Loaded Plugin AnalyticsMulticast, From C:/Program Files (x86)/Epic Games/4.14/Engine/Plugins/Runtime/Analytics/AnalyticsMulticast/AnalyticsMulticast.uplugin
LogPluginManager: Loaded Plugin Apsalar, From C:/Program Files (x86)/Epic Games/4.14/Engine/Plugins/Runtime/Analytics/Apsalar/Apsalar.uplugin
LogPluginManager: Loaded Plugin FileLogging, From C:/Program Files (x86)/Epic Games/4.14/Engine/Plugins/Runtime/Analytics/FileLogging/FileLogging.uplugin
LogPluginManager: Loaded Plugin Flurry, From C:/Program Files (x86)/Epic Games/4.14/Engine/Plugins/Runtime/Analytics/Flurry/Flurry.uplugin
LogPluginManager: Loaded Plugin AndroidDeviceProfileSelector, From C:/Program Files (x86)/Epic Games/4.14/Engine/Plugins/Runtime/AndroidDeviceProfileSelector/AndroidDeviceProfileSelector.uplugin
LogPluginManager: Loaded Plugin AndroidMoviePlayer, From C:/Program Files (x86)/Epic Games/4.14/Engine/Plugins/Runtime/AndroidMoviePlayer/AndroidMoviePlayer.uplugin
LogPluginManager: Loaded Plugin AppleMoviePlayer, From C:/Program Files (x86)/Epic Games/4.14/Engine/Plugins/Runtime/AppleMoviePlayer/AppleMoviePlayer.uplugin
LogPluginManager: Loaded Plugin ArchVisCharacter, From C:/Program Files (x86)/Epic Games/4.14/Engine/Plugins/Runtime/ArchVisCharacter/ArchVisCharacter.uplugin
LogPluginManager: Loaded Plugin CableComponent, From C:/Program Files (x86)/Epic Games/4.14/Engine/Plugins/Runtime/CableComponent/CableComponent.uplugin
LogPluginManager: Loaded Plugin CustomMeshComponent, From C:/Program Files (x86)/Epic Games/4.14/Engine/Plugins/Runtime/CustomMeshComponent/CustomMeshComponent.uplugin
LogPluginManager: Loaded Plugin ExampleDeviceProfileSelector, From C:/Program Files (x86)/Epic Games/4.14/Engine/Plugins/Runtime/ExampleDeviceProfileSelector/ExampleDeviceProfileSelector.uplugin
LogPluginManager: Loaded Plugin GearVR, From C:/Program Files (x86)/Epic Games/4.14/Engine/Plugins/Runtime/GearVR/GearVR.uplugin
LogPluginManager: Loaded Plugin GoogleVRController, From C:/Program Files (x86)/Epic Games/4.14/Engine/Plugins/Runtime/GoogleVR/GoogleVRController/GoogleVRController.uplugin
LogPluginManager: Loaded Plugin GoogleVRHMD, From C:/Program Files (x86)/Epic Games/4.14/Engine/Plugins/Runtime/GoogleVR/GoogleVRHMD/GoogleVRHMD.uplugin
LogPluginManager: Loaded Plugin IOSDeviceProfileSelector, From C:/Program Files (x86)/Epic Games/4.14/Engine/Plugins/Runtime/IOSDeviceProfileSelector/IOSDeviceProfileSelector.uplugin
LogPluginManager: Loaded Plugin LeapMotion, From C:/Program Files (x86)/Epic Games/4.14/Engine/Plugins/Runtime/LeapMotion/LeapMotion.uplugin
LogPluginManager: Loaded Plugin LinuxDeviceProfileSelector, From C:/Program Files (x86)/Epic Games/4.14/Engine/Plugins/Runtime/LinuxDeviceProfileSelector/LinuxDeviceProfileSelector.uplugin
LogPluginManager: Loaded Plugin MIDIDevice, From C:/Program Files (x86)/Epic Games/4.14/Engine/Plugins/Runtime/MIDIDevice/MIDIDevice.uplugin
LogPluginManager: Loaded Plugin MobilePatchingUtils, From C:/Program Files (x86)/Epic Games/4.14/Engine/Plugins/Runtime/MobilePatchingUtils/MobilePatchingUtils.uplugin
LogPluginManager: Loaded Plugin Ansel, From C:/Program Files (x86)/Epic Games/4.14/Engine/Plugins/Runtime/Nvidia/Ansel/Ansel.uplugin
LogPluginManager: Loaded Plugin OculusAudio, From C:/Program Files (x86)/Epic Games/4.14/Engine/Plugins/Runtime/OculusAudio/OculusAudio.uplugin
LogPluginManager: Loaded Plugin OculusInput, From C:/Program Files (x86)/Epic Games/4.14/Engine/Plugins/Runtime/OculusInput/OculusInput.uplugin
LogPluginManager: Loaded Plugin OculusLibrary, From C:/Program Files (x86)/Epic Games/4.14/Engine/Plugins/Runtime/OculusLibrary/OculusLibrary.uplugin
LogPluginManager: Loaded Plugin OculusRift, From C:/Program Files (x86)/Epic Games/4.14/Engine/Plugins/Runtime/OculusRift/OculusRift.uplugin
LogPluginManager: Loaded Plugin Oodle, From C:/Program Files (x86)/Epic Games/4.14/Engine/Plugins/Runtime/PacketHandlers/CompressionComponents/Oodle/Oodle.uplugin
LogPluginManager: Loaded Plugin ProceduralMeshComponent, From C:/Program Files (x86)/Epic Games/4.14/Engine/Plugins/Runtime/ProceduralMeshComponent/ProceduralMeshComponent.uplugin
LogPluginManager: Loaded Plugin SoundMod, From C:/Program Files (x86)/Epic Games/4.14/Engine/Plugins/Runtime/SoundMod/SoundMod.uplugin
LogPluginManager: Loaded Plugin SoundVisualizations, From C:/Program Files (x86)/Epic Games/4.14/Engine/Plugins/Runtime/SoundVisualizations/SoundVisualizations.uplugin
LogPluginManager: Loaded Plugin SteamController, From C:/Program Files (x86)/Epic Games/4.14/Engine/Plugins/Runtime/Steam/SteamController/SteamController.uplugin
LogPluginManager: Loaded Plugin SteamVR, From C:/Program Files (x86)/Epic Games/4.14/Engine/Plugins/Runtime/Steam/SteamVR/SteamVR.uplugin
LogPluginManager: Loaded Plugin WebBrowserWidget, From C:/Program Files (x86)/Epic Games/4.14/Engine/Plugins/Runtime/WebBrowserWidget/WebBrowserWidget.uplugin
LogPluginManager: Loaded Plugin WindowsDeviceProfileSelector, From C:/Program Files (x86)/Epic Games/4.14/Engine/Plugins/Runtime/WindowsDeviceProfileSelector/WindowsDeviceProfileSelector.uplugin
LogPluginManager: Loaded Plugin WindowsMoviePlayer, From C:/Program Files (x86)/Epic Games/4.14/Engine/Plugins/Runtime/WindowsMoviePlayer/WindowsMoviePlayer.uplugin
LogPluginManager: Loaded Plugin ScriptPlugin, From C:/Program Files (x86)/Epic Games/4.14/Engine/Plugins/ScriptPlugin/ScriptPlugin.uplugin
LogPluginManager: Loaded Plugin SlateRemote, From C:/Program Files (x86)/Epic Games/4.14/Engine/Plugins/Slate/SlateRemote/SlateRemote.uplugin
LogPluginManager: Loaded Plugin EditorTests, From C:/Program Files (x86)/Epic Games/4.14/Engine/Plugins/Tests/EditorTests/EditorTests.uplugin
LogPluginManager: Loaded Plugin FbxAutomationTestBuilder, From C:/Program Files (x86)/Epic Games/4.14/Engine/Plugins/Tests/FbxAutomationTestBuilder/FbxAutomationTestBuilder.uplugin
LogPluginManager: Loaded Plugin FunctionalTestingEditor, From C:/Program Files (x86)/Epic Games/4.14/Engine/Plugins/Tests/FunctionalTestingEditor/FunctionalTestingEditor.uplugin
LogPluginManager: Loaded Plugin RuntimeTests, From C:/Program Files (x86)/Epic Games/4.14/Engine/Plugins/Tests/RuntimeTests/RuntimeTests.uplugin
LogPluginManager: Loaded Plugin ScreenshotTools, From C:/Program Files (x86)/Epic Games/4.14/Engine/Plugins/Tests/ScreenshotTools/ScreenshotTools.uplugin
LogInit: Using libcurl 7.47.1
LogInit:  - built for x86_64-pc-win32
LogInit:  - supports SSL with OpenSSL/1.0.2g
LogInit:  - supports HTTP deflate (compression) using libz 1.2.8
LogInit:  - other features:
LogInit:      CURL_VERSION_SSL
LogInit:      CURL_VERSION_LIBZ
LogInit:      CURL_VERSION_IPV6
LogInit:      CURL_VERSION_ASYNCHDNS
LogInit:      CURL_VERSION_LARGEFILE
LogInit:      CURL_VERSION_IDN
LogInit:  CurlRequestOptions (configurable via config and command line):
LogInit:  - bVerifyPeer = false  - Libcurl will NOT verify peer certificate
LogInit:  - bUseHttpProxy = false  - Libcurl will NOT use HTTP proxy
LogInit:  - bDontReuseConnections = false  - Libcurl will reuse connections
LogInit:  - CertBundlePath = nullptr  - Libcurl will use whatever was configured at build time.
LogOnline:Display: STEAM: Loading Steam SDK 1.32
LogOnline:Warning: STEAM: Steam API disabled!
LogOnline:Display: STEAM: OnlineSubsystemSteam::Shutdown()
LogInit: WinSock: version 1.1 (2.2), MaxSocks=32767, MaxUdp=65467
LogInit: Build: ++UE4+Release-4.14-CL-3195953
LogInit: Engine Version: 4.14.0-3195953+++UE4+Release-4.14
LogInit: Compatible Engine Version: 4.14.0-3195953+++UE4+Release-4.14
LogInit: Net CL: 3195953
LogDevObjectVersion: Number of dev versions registered: 13
LogDevObjectVersion:   Dev-Blueprints (B0D832E4-1F89-4F0D-ACCF-7EB736FD4AA2): 7
LogDevObjectVersion:   Dev-Build (E1C64328-A22C-4D53-A36C-8E866417BD8C): 0
LogDevObjectVersion:   Dev-Core (375EC13C-06E4-48FB-B500-84F0262A717E): 1
LogDevObjectVersion:   Dev-Editor (E4B068ED-F494-42E9-A231-DA0B2E46BB41): 8
LogDevObjectVersion:   Dev-Framework (CFFC743F-43B0-4480-9391-14DF171D2073): 17
LogDevObjectVersion:   Dev-Mobile (B02B49B5-BB20-44E9-A304-32B752E40360): 0
LogDevObjectVersion:   Dev-Networking (A4E4105C-59A1-49B5-A7C5-40C4547EDFEE): 0
LogDevObjectVersion:   Dev-Online (39C831C9-5AE6-47DC-9A44-9C173E1C8E7C): 0
LogDevObjectVersion:   Dev-Physics (78F01B33-EBEA-4F98-B9B4-84EACCB95AA2): 0
LogDevObjectVersion:   Dev-Platform (6631380F-2D4D-43E0-8009-CF276956A95A): 0
LogDevObjectVersion:   Dev-Rendering (12F88B9F-8875-4AFC-A67C-D90C383ABD29): 12
LogDevObjectVersion:   Dev-Sequencer (7B5AE74C-D270-4C10-A958-57980B212A5A): 1
LogDevObjectVersion:   Dev-VR (D7296918-1DD6-4BDD-9DE2-64A83CC13884): 0
LogInit: Compiled (64-bit): Nov 12 2016 02:14:10
LogInit: Compiled with Visual C++: 19.00.23026.00
LogInit: Build Configuration: Development
LogInit: Branch Name: ++UE4+Release-4.14
LogInit: Command line: 
LogInit: Base directory: C:/Program Files (x86)/Epic Games/4.14/Engine/Binaries/Win64/
LogInit: Installed Engine Build: 1
LogInit: Presizing for max 8388607 objects, including 0 objects not considered by GC, pre-allocating 0 bytes for permanent pool.
LogInit: Object subsystem initialized
[2016.12.03-17.36.38:986][  0]LogInit: Selected Device Profile: [Windows]
[2016.12.03-17.36.38:986][  0]LogInit: Applying CVar settings loaded from the selected device profile: [Windows]
[2016.12.03-17.36.38:995][  0]LogInit: Computer: WEAK
[2016.12.03-17.36.38:995][  0]LogInit: User: WhisperedLullaby
[2016.12.03-17.36.38:995][  0]LogInit: CPU Page size=65536, Cores=4
[2016.12.03-17.36.38:995][  0]LogInit: High frequency timer resolution =3.117186 MHz
[2016.12.03-17.36.38:995][  0]LogMemory: Memory total: Physical=15.9GB (16GB approx)
[2016.12.03-17.36.38:995][  0]LogMemory: Platform Memory Stats for Windows
[2016.12.03-17.36.38:995][  0]LogMemory: Process Physical Memory: 266.62 MB used, 266.62 MB peak
[2016.12.03-17.36.38:995][  0]LogMemory: Process Virtual Memory: 263.13 MB used, 263.13 MB peak
[2016.12.03-17.36.38:995][  0]LogMemory: Physical Memory: 9039.32 MB used,  7291.57 MB free, 16330.89 MB total
[2016.12.03-17.36.38:995][  0]LogMemory: Virtual Memory: 664.82 MB used,  7291.57 MB free, 134217728.00 MB total
[2016.12.03-17.36.39:027][  0]LogTextLocalizationManager: No specific translations for ('en-US') exist, so ('en') translations will be used.
[2016.12.03-17.36.39:721][  0]LogD3D11RHI: D3D11 adapters:
[2016.12.03-17.36.39:749][  0]LogD3D11RHI:    0. 'Radeon (TM) RX 480 Graphics' (Feature Level 11_0)
[2016.12.03-17.36.39:749][  0]LogD3D11RHI:       8140/0/8165 MB DedicatedVideo/DedicatedSystem/SharedSystem, Outputs:2, VendorId:0x1002
[2016.12.03-17.36.39:750][  0]LogD3D11RHI:    1. 'Microsoft Basic Render Driver' (Feature Level 11_0)
[2016.12.03-17.36.39:750][  0]LogD3D11RHI:       0/0/8165 MB DedicatedVideo/DedicatedSystem/SharedSystem, Outputs:0, VendorId:0x1414
[2016.12.03-17.36.39:750][  0]LogD3D11RHI: Chosen D3D11 Adapter: 0
[2016.12.03-17.36.39:760][  0]LogD3D11RHI: Creating new Direct3DDevice
[2016.12.03-17.36.39:760][  0]LogD3D11RHI:     GPU DeviceId: 0x67df (for the marketing name, search the web for "GPU Device Id")
[2016.12.03-17.36.39:760][  0]LogWindows: EnumDisplayDevices:
[2016.12.03-17.36.39:760][  0]LogWindows:    0. 'Radeon (TM) RX 480 Graphics' (P:1 D:1)
[2016.12.03-17.36.39:760][  0]LogWindows:    1. 'Radeon (TM) RX 480 Graphics' (P:0 D:1)
[2016.12.03-17.36.39:761][  0]LogWindows:    2. 'Radeon (TM) RX 480 Graphics' (P:0 D:0)
[2016.12.03-17.36.39:761][  0]LogWindows:    3. 'Radeon (TM) RX 480 Graphics' (P:0 D:0)
[2016.12.03-17.36.39:761][  0]LogWindows:    4. 'Radeon (TM) RX 480 Graphics' (P:0 D:0)
[2016.12.03-17.36.39:761][  0]LogWindows:    5. 'Radeon (TM) RX 480 Graphics' (P:0 D:0)
[2016.12.03-17.36.39:761][  0]LogWindows: DebugString: FoundDriverCount:6 
[2016.12.03-17.36.39:761][  0]LogD3D11RHI:     Adapter Name: Radeon (TM) RX 480 Graphics
[2016.12.03-17.36.39:761][  0]LogD3D11RHI:   Driver Version: Crimson 16.9.2 (internal:21.19.137.1, unified:21.19.137.1)
[2016.12.03-17.36.39:761][  0]LogD3D11RHI:      Driver Date: 9-16-2016
[2016.12.03-17.36.39:761][  0]LogRHI: Texture pool is 1361 MB (70% of 1945 MB)
[2016.12.03-17.36.39:779][  0]LogD3D11RHI: Async texture creation enabled
[2016.12.03-17.36.39:789][  0]LogD3D11RHI: GPU Timing Frequency: 25.000000 (Debug: 2 1)
[2016.12.03-17.36.39:790][  0]LogShaderCompilers: Guid format shader working directory is -22 characters bigger than the processId version (../../../../../../Users/WhisperedLullaby/Desktop/GameClone/NailBound/NailBound/Intermediate/Shaders/WorkingDirectory/31280/).
[2016.12.03-17.36.39:790][  0]LogShaderCompilers: Cleaned the shader compiler working directory 'C:/Users/WhisperedLullaby/AppData/Local/Temp/UnrealShaderWorkingDir/37E412364C5E4CCAA319B7AC4295B083/'.
[2016.12.03-17.36.39:790][  0]LogShaderCompilers:Display: Using Local Shader Compiler.
[2016.12.03-17.36.40:880][  0]LogTemp:Display: Loaded TP AllDesktopTargetPlatform
[2016.12.03-17.36.40:938][  0]LogTemp:Display: Loaded TP MacClientTargetPlatform
[2016.12.03-17.36.40:995][  0]LogTemp:Display: Loaded TP MacNoEditorTargetPlatform
[2016.12.03-17.36.41:054][  0]LogTemp:Display: Loaded TP MacServerTargetPlatform
[2016.12.03-17.36.41:114][  0]LogTemp:Display: Loaded TP MacTargetPlatform
[2016.12.03-17.36.41:174][  0]LogTemp:Display: Loaded TP WindowsClientTargetPlatform
[2016.12.03-17.36.41:234][  0]LogTemp:Display: Loaded TP WindowsNoEditorTargetPlatform
[2016.12.03-17.36.41:296][  0]LogTemp:Display: Loaded TP WindowsServerTargetPlatform
[2016.12.03-17.36.41:343][  0]LogTemp:Display: Loaded TP WindowsTargetPlatform
[2016.12.03-17.36.41:399][  0]LogTemp:Display: Loaded TP AndroidTargetPlatform
[2016.12.03-17.36.41:453][  0]LogTemp:Display: Loaded TP Android_ASTCTargetPlatform
[2016.12.03-17.36.41:508][  0]LogTemp:Display: Loaded TP Android_ATCTargetPlatform
[2016.12.03-17.36.41:564][  0]LogTemp:Display: Loaded TP Android_DXTTargetPlatform
[2016.12.03-17.36.41:616][  0]LogTemp:Display: Loaded TP Android_ETC1TargetPlatform
[2016.12.03-17.36.41:669][  0]LogTemp:Display: Loaded TP Android_ETC2TargetPlatform
[2016.12.03-17.36.41:781][  0]LogTemp:Display: Loaded TP Android_MultiTargetPlatform
[2016.12.03-17.36.41:781][  0]LogTemp:Display: Loaded TP Android_PVRTCTargetPlatform
[2016.12.03-17.36.41:821][  0]LogTemp:Display: Loaded TP HTML5TargetPlatform
[2016.12.03-17.36.41:908][  0]LogTemp:Display: Loaded TP IOSTargetPlatform
[2016.12.03-17.36.41:943][  0]LogTemp:Display: Loaded TP TVOSTargetPlatform
[2016.12.03-17.36.41:996][  0]LogTemp:Display: Loaded TP LinuxClientTargetPlatform
[2016.12.03-17.36.42:048][  0]LogTemp:Display: Loaded TP LinuxNoEditorTargetPlatform
[2016.12.03-17.36.42:100][  0]LogTemp:Display: Loaded TP LinuxServerTargetPlatform
[2016.12.03-17.36.42:154][  0]LogTemp:Display: Loaded TP LinuxTargetPlatform
[2016.12.03-17.36.42:154][  0]LogTargetPlatformManager:Display: Building Assets For Windows
[2016.12.03-17.36.42:577][  0]LogDerivedDataCache:Display: Max Cache Size: 512 MB
[2016.12.03-17.36.42:754][  0]LogDerivedDataCache: Loaded boot cache 0.18s 49MB C:/Users/WhisperedLullaby/AppData/Local/UnrealEngine/4.14/DerivedDataCache/Boot.ddc.
[2016.12.03-17.36.42:754][  0]LogDerivedDataCache:Display: Loaded Boot cache: C:/Users/WhisperedLullaby/AppData/Local/UnrealEngine/4.14/DerivedDataCache/Boot.ddc
[2016.12.03-17.36.42:754][  0]LogDerivedDataCache: FDerivedDataBackendGraph:  Pak pak cache file ../../../../../../Users/WhisperedLullaby/Desktop/GameClone/NailBound/NailBound/DerivedDataCache/DDC.ddp not found, will not use a pak cache.
[2016.12.03-17.36.42:754][  0]LogDerivedDataCache: Unable to find inner node Pak for hierarchical cache Hierarchy.
[2016.12.03-17.36.42:754][  0]LogDerivedDataCache: FDerivedDataBackendGraph:  CompressedPak pak cache file ../../../../../../Users/WhisperedLullaby/Desktop/GameClone/NailBound/NailBound/DerivedDataCache/Compressed.ddp not found, will not use a pak cache.
[2016.12.03-17.36.42:754][  0]LogDerivedDataCache: Unable to find inner node CompressedPak for hierarchical cache Hierarchy.
[2016.12.03-17.36.42:770][  0]LogDerivedDataCache:Display: Pak cache opened for reading ../../../Engine/DerivedDataCache/Compressed.ddp.
[2016.12.03-17.36.42:782][  0]LogDerivedDataCache: Using Local data cache path C:/Users/WhisperedLullaby/AppData/Local/UnrealEngine/Common/DerivedDataCache: Writable
[2016.12.03-17.36.43:058][  0]LogInit: Selected Device Profile: [Windows]
[2016.12.03-17.36.43:061][  0]LogContentStreaming: Texture pool size is 0.00 MB
[2016.12.03-17.36.43:258][  0]LogMeshUtilities: Using QuadricMeshReduction for automatic static mesh reduction
[2016.12.03-17.36.43:301][  0]LogSimplygon: Simplygon DLL not present - disabling.
[2016.12.03-17.36.43:345][  0]LogMeshUtilities: Using SimplygonSwarm for distributed automatic mesh merging
[2016.12.03-17.36.43:345][  0]LogMeshUtilities: No automatic skeletal mesh reduction module available
[2016.12.03-17.36.43:345][  0]LogMeshUtilities: No automatic mesh merging module available
[2016.12.03-17.36.43:961][  0]LogNetVersion: GetLocalNetworkVersion: CL: 3195953, ProjectName: nailbound, ProjectVersion: , EngineNetworkVersion: 2, GameNetworkVersion: 0, NetworkChecksum: 3761550360
[2016.12.03-17.36.44:020][  0]LogAssetRegistry: FAssetRegistry took 0.0220 seconds to start up
[2016.12.03-17.36.44:068][  0]LogPackageLocalizationCache: Processed 3 localized package path(s) for 2 prioritized culture(s) in 0.027057 seconds
[2016.12.03-17.36.44:073][  0]LogUObjectArray: 31953 objects as part of root set at end of initial load.
[2016.12.03-17.36.44:073][  0]LogUObjectAllocator: 7149664 out of 0 bytes used by permanent object pool.
[2016.12.03-17.36.44:073][  0]LogUObjectArray: CloseDisregardForGC: 0/0 objects in disregard for GC pool
[2016.12.03-17.36.44:941][  0]LogSlate: Using Freetype 2.6.0
[2016.12.03-17.36.44:941][  0]LogSlate: SlateFontCache - WITH_FREETYPE: 1, WITH_HARFBUZZ: 1
[2016.12.03-17.36.44:941][  0]LogSlate: SlateFontCache - WITH_FREETYPE: 1, WITH_HARFBUZZ: 1
[2016.12.03-17.36.46:276][  0]LogTcpMessaging: Initializing TcpMessaging bridge
[2016.12.03-17.36.46:313][  0]LogUdpMessaging: Initializing bridge on interface 0.0.0.0:0 to multicast group 230.0.0.1:6666.
[2016.12.03-17.36.46:633][  0]LogMaterial: Uniform references updated for custom material expression Custom.
[2016.12.03-17.36.47:027][  0]SourceControl: Info Source control is disabled
[2016.12.03-17.36.49:338][  0]LogEngine: Initializing Engine...
[2016.12.03-17.36.49:339][  0]LogHMD: Failed to initialize OpenVR with code 110
[2016.12.03-17.36.49:587][  0]LogAIModule: Creating AISystem for world Untitled
[2016.12.03-17.36.49:609][  0]LogInit: XAudio2 using 'Speakers (High Definition Audio Device)' : 2 channels at 44.1 kHz using 16 bits per sample (channel mask 0x3)
[2016.12.03-17.36.49:623][  0]LogInit: FAudioDevice initialized.
[2016.12.03-17.36.49:646][  0]LogDerivedDataCache: Saved boot cache 0.02s 50MB C:/Users/WhisperedLullaby/AppData/Local/UnrealEngine/4.14/DerivedDataCache/Boot.ddc.
[2016.12.03-17.36.49:649][  0]LogInit: Texture streaming: Enabled
[2016.12.03-17.36.49:849][  0]LogInit: Transaction tracking system initialized
[2016.12.03-17.36.50:213][  0]BlueprintLog: New page: Editor Load
[2016.12.03-17.36.51:116][  0]LocalizationService: Info Localization service is disabled
[2016.12.03-17.36.51:767][  0]LogConsoleResponse:Display: 
[2016.12.03-17.36.51:932][  0]LogCook:Display: Max memory allowance for cook 16384mb min free memory 0mb
[2016.12.03-17.36.51:932][  0]LogCook:Display: Mobile HDR setting 1
[2016.12.03-17.36.52:100][  0]LogFileCache: Scanning file cache for directory 'C:/Users/WhisperedLullaby/Desktop/GameClone/NailBound/NailBound/Content/' took 0.02s
[2016.12.03-17.36.53:269][  0]LogWindowsTextInputMethodSystem:Display: IME system now deactivated.
[2016.12.03-17.36.55:521][  0]LogWindowsTextInputMethodSystem:Display: IME system now deactivated.
[2016.12.03-17.36.55:523][  0]LogWindowsTextInputMethodSystem:Display: IME system now deactivated.
[2016.12.03-17.36.55:527][  0]Cmd: MAP LOAD FILE="../../../../../../Users/WhisperedLullaby/Desktop/GameClone/NailBound/NailBound/Content/2DSideScrollerBP/Maps/MainMenu2.umap" TEMPLATE=0 SHOWPROGRESS=1 FEATURELEVEL=3
[2016.12.03-17.36.55:528][  0]LightingResults: New page: Lighting Build
[2016.12.03-17.36.55:600][  0]MapCheck: New page: Map Check
[2016.12.03-17.36.55:600][  0]LightingResults: New page: Lighting Build
[2016.12.03-17.36.56:076][  0]LogAIModule: Creating AISystem for world MainMenu2
[2016.12.03-17.36.56:080][  0]LogEditorServer: Finished looking for orphan Actors (0.000 secs)
[2016.12.03-17.36.56:082][  0]Cmd: MAP CHECKDEP NOCLEARLOG
[2016.12.03-17.36.56:139][  0]MapCheck: Info Map check complete: 0 Error(s), 0 Warning(s), took 56.36ms to complete.
[2016.12.03-17.36.56:139][  0]LogFileHelpers: Loading map 'MainMenu2' took 0.612
[2016.12.03-17.36.56:243][  0]LogStats:Warning: MetaData mismatch. Did you assign a stat to two groups? New //STATGROUP_Threads//SplashScreenThread///Thread_232c_0///####STATCAT_Advanced#### old //STATGROUP_Threads//SplashScreenThread///Thread_6d9c_0///####STATCAT_Advanced####
[2016.12.03-17.36.56:243][  0]LogCollectionManager: Loaded 1 collections in 0.001508 seconds
[2016.12.03-17.36.56:340][  0]LogFileCache: Scanning file cache for directory 'C:/Users/WhisperedLullaby/Desktop/GameClone/NailBound/NailBound/Saved/Collections/' took 0.01s
[2016.12.03-17.36.56:340][  0]LogFileCache: Scanning file cache for directory 'C:/Users/WhisperedLullaby/Desktop/GameClone/NailBound/NailBound/Content/Developers/WhisperedLullaby/Collections/' took 0.01s
[2016.12.03-17.36.56:340][  0]LogFileCache: Scanning file cache for directory 'C:/Users/WhisperedLullaby/Desktop/GameClone/NailBound/NailBound/Content/Collections/' took 0.01s
[2016.12.03-17.36.56:340][  0]LogCollectionManager: Rebuilt the GUID cache for 1 collections in 0.000004 seconds
[2016.12.03-17.36.56:340][  0]LogCollectionManager: Rebuilt the hierarchy cache for 1 collections in 0.000000 seconds
[2016.12.03-17.36.56:348][  0]LogContentBrowser: Native class hierarchy populated in 0.0078 seconds. Added 2192 classes and 431 folders.
[2016.12.03-17.36.56:395][  0]LogStats: UGameplayTagsManager::ConstructGameplayTagTree: Construct from data asset -  0.000 s
[2016.12.03-17.36.56:395][  0]LogStats: UGameplayTagsManager::ConstructGameplayTagTree: GameplayTagTreeChangedEvent.Broadcast -  0.000 s
[2016.12.03-17.36.56:396][  0]LogContentBrowser: Native class hierarchy updated for 'GameplayTags' in 0.0005 seconds. Added 13 classes and 0 folders.
[2016.12.03-17.36.56:458][  0]LogContentBrowser: Native class hierarchy updated for 'WidgetCarousel' in 0.0004 seconds. Added 0 classes and 0 folders.
[2016.12.03-17.36.56:553][  0]LogContentBrowser: Native class hierarchy updated for 'AddContentDialog' in 0.0004 seconds. Added 0 classes and 0 folders.
[2016.12.03-17.36.56:594][  0]LogContentBrowser: Native class hierarchy updated for 'SceneOutliner' in 0.0004 seconds. Added 1 classes and 2 folders.
[2016.12.03-17.36.56:665][  0]LogCrashTracker: Crashtracker disabled due to settings.
[2016.12.03-17.36.56:669][  0]LogUObjectGlobals:Warning: Failed to find object 'Class None.'
[2016.12.03-17.36.56:734][  0]LogContentBrowser: Native class hierarchy updated for 'HierarchicalLODOutliner' in 0.0005 seconds. Added 1 classes and 2 folders.
[2016.12.03-17.36.56:734][  0]LogLoad: (Engine Initialization) Total time: 19.25 seconds
[2016.12.03-17.36.56:734][  0]LogLoad: (Engine Initialization) Total Blueprint compile time: 0.20 seconds
[2016.12.03-17.36.56:734][  0]LogExternalProfiler: Found external profiler: VSPerf
[2016.12.03-17.36.56:734][  0]LogExternalProfiler: Using external profiler: VSPerf
[2016.12.03-17.36.56:743][  0]LogOcInput: OculusInput pre-init called
[2016.12.03-17.36.56:772][  0]SourceControl: Info On branch master
[2016.12.03-17.36.56:772][  0]SourceControl: Info Your branch is up-to-date with 'origin/master'.
[2016.12.03-17.36.56:772][  0]SourceControl: Info Changes to be committed:
[2016.12.03-17.36.56:772][  0]SourceControl: Info   (use "git reset HEAD <file>..." to unstage)
[2016.12.03-17.36.56:772][  0]SourceControl: Info 	new file:   NailBound/Content/2DSideScroller/Materials/gunbound-wallpaper-14_175183-1600x1200.uasset
[2016.12.03-17.36.56:772][  0]SourceControl: Info 	new file:   NailBound/Content/2DSideScroller/Materials/gunbound-wallpaper-14_175183-1600x1200_Sprite.uasset
[2016.12.03-17.36.56:772][  0]SourceControl: Info 	new file:   NailBound/Content/2DSideScroller/Sprites/NewBlueprint.uasset
[2016.12.03-17.36.56:772][  0]SourceControl: Info 	new file:   NailBound/Content/2DSideScroller/Sprites/gunbound-wallpaper-14_175183-1600x1200_Sprite.uasset
[2016.12.03-17.36.56:772][  0]SourceControl: Info 	new file:   NailBound/Content/2DSideScrollerBP/AllLevels/GameSettings.uasset
[2016.12.03-17.36.56:772][  0]SourceControl: Info 	new file:   NailBound/Content/2DSideScrollerBP/Maps/Lobby_BuiltData.uasset
[2016.12.03-17.36.56:773][  0]SourceControl: Info 	new file:   NailBound/Content/MainMenuUI/GameSettings.uasset
[2016.12.03-17.36.56:773][  0]SourceControl: Info 	new file:   NailBound/Content/MainMenuUI/MMGameSettings.uasset
[2016.12.03-17.36.56:773][  0]SourceControl: Info Changes not staged for commit:
[2016.12.03-17.36.56:773][  0]SourceControl: Info   (use "git add/rm <file>..." to update what will be committed)
[2016.12.03-17.36.56:773][  0]SourceControl: Info   (use "git checkout -- <file>..." to discard changes in working directory)
[2016.12.03-17.36.56:773][  0]SourceControl: Info 	modified:   NailBound/Config/DefaultEditor.ini
[2016.12.03-17.36.56:773][  0]SourceControl: Info 	modified:   NailBound/Content/2DSideScrollerBP/AllLevels/GameSettings.uasset
[2016.12.03-17.36.56:773][  0]SourceControl: Info 	modified:   NailBound/Content/2DSideScrollerBP/AllLevels/GameinfoInstance.uasset
[2016.12.03-17.36.56:773][  0]SourceControl: Info 	modified:   NailBound/Content/2DSideScrollerBP/Lobby/LobbyGM.uasset
[2016.12.03-17.36.56:773][  0]SourceControl: Info 	modified:   NailBound/Content/2DSideScrollerBP/Lobby/LobbyPC.uasset
[2016.12.03-17.36.56:773][  0]SourceControl: Info 	modified:   NailBound/Content/2DSideScrollerBP/Maps/Lobby.umap
[2016.12.03-17.36.56:773][  0]SourceControl: Info 	modified:   NailBound/Content/HUD/mainMenu.uasset
[2016.12.03-17.36.56:773][  0]SourceControl: Info 	modified:   NailBound/Content/LobbyUI/ConnectedPlayer.uasset
[2016.12.03-17.36.56:773][  0]SourceControl: Info 	modified:   NailBound/Content/LobbyUI/GameSettings.uasset
[2016.12.03-17.36.56:773][  0]SourceControl: Info 	modified:   NailBound/Content/LobbyUI/LobbyMenu.uasset
[2016.12.03-17.36.56:773][  0]SourceControl: Info 	modified:   NailBound/Content/MainMenuUI/HostMenu.uasset
[2016.12.03-17.36.56:773][  0]SourceControl: Info 	modified:   NailBound/Content/MainMenuUI/MainMenu2.uasset
[2016.12.03-17.36.56:773][  0]SourceControl: Info 	modified:   NailBound/Content/MainMenuUI/PlayerSettings.uasset
[2016.12.03-17.36.56:773][  0]SourceControl: Info 	modified:   NailBound/Content/MainMenuUI/ServerMenu.uasset
[2016.12.03-17.36.56:773][  0]SourceControl: Info 	modified:   NailBound/Intermediate/CachedAssetRegistry.bin
[2016.12.03-17.36.56:773][  0]SourceControl: Info 	modified:   NailBound/Intermediate/Config/CoalescedSourceConfigs/Editor.ini
[2016.12.03-17.36.56:773][  0]SourceControl: Info 	modified:   NailBound/Saved/Autosaves/Game/2DSideScrollerBP/Maps/UEDPCMainMenu2.umap
[2016.12.03-17.36.56:773][  0]SourceControl: Info 	modified:   NailBound/Saved/Autosaves/Game/MainMenuUI/ServerMenu_Auto6.uasset
[2016.12.03-17.36.56:773][  0]SourceControl: Info 	modified:   NailBound/Saved/Autosaves/Game/MainMenuUI/ServerMenu_Auto7.uasset
[2016.12.03-17.36.56:773][  0]SourceControl: Info 	modified:   NailBound/Saved/Autosaves/PackageRestoreData.json
[2016.12.03-17.36.56:773][  0]SourceControl: Info 	modified:   NailBound/Saved/Config/Windows/Editor.ini
[2016.12.03-17.36.56:773][  0]SourceControl: Info 	modified:   NailBound/Saved/Config/Windows/EditorPerProjectUserSettings.ini
[2016.12.03-17.36.56:773][  0]SourceControl: Info 	modified:   NailBound/Saved/Config/Windows/Engine.ini
[2016.12.03-17.36.56:773][  0]SourceControl: Info 	modified:   NailBound/Saved/Logs/NailBound.log
[2016.12.03-17.36.56:773][  0]SourceControl: Info 	deleted:    NailBound/Saved/Logs/NailBound_2-backup-2016.11.30-22.06.20.log
[2016.12.03-17.36.56:773][  0]SourceControl: Info 	deleted:    NailBound/Saved/Logs/NailBound_2-backup-2016.11.30-22.06.46.log
[2016.12.03-17.36.56:773][  0]SourceControl: Info 	modified:   NailBound/Saved/Logs/NailBound_2.log
[2016.12.03-17.36.56:773][  0]SourceControl: Info 	modified:   NailBound/Saved/SaveGames/PlayerSettingsSave.sav
[2016.12.03-17.36.56:773][  0]SourceControl: Info Untracked files:
[2016.12.03-17.36.56:773][  0]SourceControl: Info   (use "git add <file>..." to include in what will be committed)
[2016.12.03-17.36.56:773][  0]SourceControl: Info 	NailBound/Saved/Autosaves/Game/2DSideScroller/Sprites/Background_Sprite_Auto5.uasset
[2016.12.03-17.36.56:773][  0]SourceControl: Info 	NailBound/Saved/Autosaves/Game/2DSideScrollerBP/AllLevels/GameinfoInstance_Auto7.uasset
[2016.12.03-17.36.56:773][  0]SourceControl: Info 	NailBound/Saved/Autosaves/Game/2DSideScrollerBP/Lobby/LobbyGM_Auto2.uasset
[2016.12.03-17.36.56:773][  0]SourceControl: Info 	NailBound/Saved/Autosaves/Game/2DSideScrollerBP/Lobby/LobbyPC_Auto3.uasset
[2016.12.03-17.36.56:773][  0]SourceControl: Info 	NailBound/Saved/Autosaves/Game/Blueprints/
[2016.12.03-17.36.56:773][  0]SourceControl: Info 	NailBound/Saved/Autosaves/Game/LobbyUI/
[2016.12.03-17.36.56:773][  0]SourceControl: Info 	NailBound/Saved/Autosaves/Game/MainMenuUI/GameSettings_Auto7.uasset
[2016.12.03-17.36.56:773][  0]SourceControl: Info 	NailBound/Saved/Autosaves/Game/MainMenuUI/HostMenu_Auto6.uasset
[2016.12.03-17.36.56:773][  0]SourceControl: Info 	NailBound/Saved/Autosaves/Game/MainMenuUI/HostMenu_Auto7.uasset
[2016.12.03-17.36.56:773][  0]SourceControl: Info 	NailBound/Saved/Autosaves/Game/MainMenuUI/MainMenu2_Auto6.uasset
[2016.12.03-17.36.56:773][  0]SourceControl: Info 	NailBound/Saved/Autosaves/Game/MainMenuUI/MainMenu2_Auto7.uasset
[2016.12.03-17.36.56:773][  0]SourceControl: Info 	NailBound/Saved/Autosaves/Game/MainMenuUI/PlayerSettings_Auto7.uasset
[2016.12.03-17.36.56:773][  0]SourceControl: Info 	NailBound/Saved/Backup/Background_Sprite_2016-12-03-12-14-45.uasset
[2016.12.03-17.36.56:773][  0]SourceControl: Info 	NailBound/Saved/Backup/ConnectedPlayer_2016-12-02-02-24-25.uasset
[2016.12.03-17.36.56:773][  0]SourceControl: Info 	NailBound/Saved/Backup/GameSettings_2016-12-02-01-32-13.uasset
[2016.12.03-17.36.56:773][  0]SourceControl: Info 	NailBound/Saved/Backup/GameSettings_2016-12-02-01-41-09.uasset
[2016.12.03-17.36.56:773][  0]SourceControl: Info 	NailBound/Saved/Backup/GameSettings_2016-12-02-01-46-23.uasset
[2016.12.03-17.36.56:773][  0]SourceControl: Info 	NailBound/Saved/Backup/GameSettings_2016-12-02-02-05-05.uasset
[2016.12.03-17.36.56:773][  0]SourceControl: Info 	NailBound/Saved/Backup/GameSettings_2016-12-02-13-09-50.uasset
[2016.12.03-17.36.56:773][  0]SourceControl: Info 	NailBound/Saved/Backup/GameinfoInstance_2016-12-02-01-24-06.uasset
[2016.12.03-17.36.56:773][  0]SourceControl: Info 	NailBound/Saved/Backup/GameinfoInstance_2016-12-02-01-46-23.uasset
[2016.12.03-17.36.56:773][  0]SourceControl: Info 	NailBound/Saved/Backup/GameinfoInstance_2016-12-02-02-05-05.uasset
[2016.12.03-17.36.56:773][  0]SourceControl: Info 	NailBound/Saved/Backup/GameinfoInstance_2016-12-02-02-19-45.uasset
[2016.12.03-17.36.56:773][  0]SourceControl: Info 	NailBound/Saved/Backup/HostMenu_2016-12-02-00-57-27.uasset
[2016.12.03-17.36.56:773][  0]SourceControl: Info 	NailBound/Saved/Backup/HostMenu_2016-12-02-01-34-21.uasset
[2016.12.03-17.36.56:773][  0]SourceControl: Info 	NailBound/Saved/Backup/HostMenu_2016-12-02-01-46-23.uasset
[2016.12.03-17.36.56:773][  0]SourceControl: Info 	NailBound/Saved/Backup/HostMenu_2016-12-02-02-05-06.uasset
[2016.12.03-17.36.56:773][  0]SourceControl: Info 	NailBound/Saved/Backup/LobbyGM_2016-11-30-22-46-37.uasset
[2016.12.03-17.36.56:773][  0]SourceControl: Info 	NailBound/Saved/Backup/LobbyGM_2016-12-02-02-16-28.uasset
[2016.12.03-17.36.56:773][  0]SourceControl: Info 	NailBound/Saved/Backup/LobbyGM_2016-12-02-02-22-18.uasset
[2016.12.03-17.36.56:773][  0]SourceControl: Info 	NailBound/Saved/Backup/LobbyGM_2016-12-02-12-44-52.uasset
[2016.12.03-17.36.56:773][  0]SourceControl: Info 	NailBound/Saved/Backup/LobbyMenu_2016-11-30-22-49-59.uasset
[2016.12.03-17.36.56:773][  0]SourceControl: Info 	NailBound/Saved/Backup/LobbyMenu_2016-11-30-22-55-11.uasset
[2016.12.03-17.36.56:773][  0]SourceControl: Info 	NailBound/Saved/Backup/LobbyMenu_2016-12-01-17-24-48.uasset
[2016.12.03-17.36.56:773][  0]SourceControl: Info 	NailBound/Saved/Backup/LobbyMenu_2016-12-01-17-39-31.uasset
[2016.12.03-17.36.56:773][  0]SourceControl: Info 	NailBound/Saved/Backup/LobbyMenu_2016-12-02-00-57-27.uasset
[2016.12.03-17.36.56:773][  0]SourceControl: Info 	NailBound/Saved/Backup/LobbyMenu_2016-12-02-02-21-06.uasset
[2016.12.03-17.36.56:773][  0]SourceControl: Info 	NailBound/Saved/Backup/LobbyMenu_2016-12-02-02-32-30.uasset
[2016.12.03-17.36.56:773][  0]SourceControl: Info 	NailBound/Saved/Backup/LobbyMenu_2016-12-02-03-15-46.uasset
[2016.12.03-17.36.56:773][  0]SourceControl: Info 	NailBound/Saved/Backup/LobbyMenu_2016-12-02-12-38-49.uasset
[2016.12.03-17.36.56:773][  0]SourceControl: Info 	NailBound/Saved/Backup/LobbyMenu_2016-12-02-12-44-16.uasset
[2016.12.03-17.36.56:773][  0]SourceControl: Info 	NailBound/Saved/Backup/LobbyMenu_2016-12-02-12-49-52.uasset
[2016.12.03-17.36.56:773][  0]SourceControl: Info 	NailBound/Saved/Backup/LobbyMenu_2016-12-02-13-06-26.uasset
[2016.12.03-17.36.56:773][  0]SourceControl: Info 	NailBound/Saved/Backup/LobbyMenu_2016-12-02-13-19-51.uasset
[2016.12.03-17.36.56:773][  0]SourceControl: Info 	NailBound/Saved/Backup/LobbyMenu_2016-12-02-13-42-22.uasset
[2016.12.03-17.36.56:773][  0]SourceControl: Info 	NailBound/Saved/Backup/LobbyPC_2016-11-30-22-57-10.uasset
[2016.12.03-17.36.56:773][  0]SourceControl: Info 	NailBound/Saved/Backup/LobbyPC_2016-11-30-23-03-47.uasset
[2016.12.03-17.36.56:773][  0]SourceControl: Info 	NailBound/Saved/Backup/LobbyPC_2016-11-30-23-10-42.uasset
[2016.12.03-17.36.56:773][  0]SourceControl: Info 	NailBound/Saved/Backup/LobbyPC_2016-11-30-23-28-47.uasset
[2016.12.03-17.36.56:773][  0]SourceControl: Info 	NailBound/Saved/Backup/LobbyPC_2016-11-30-23-35-47.uasset
[2016.12.03-17.36.56:773][  0]SourceControl: Info 	NailBound/Saved/Backup/Lobby_2016-12-02-02-16-28.umap
[2016.12.03-17.36.56:773][  0]SourceControl: Info 	NailBound/Saved/Backup/MainMenu2_2016-11-30-23-14-15.umap
[2016.12.03-17.36.56:773][  0]SourceControl: Info 	NailBound/Saved/Backup/MainMenu2_2016-12-02-00-57-27.uasset
[2016.12.03-17.36.56:773][  0]SourceControl: Info 	NailBound/Saved/Backup/MainMenu2_2016-12-02-01-25-03.uasset
[2016.12.03-17.36.56:773][  0]SourceControl: Info 	NailBound/Saved/Backup/MainMenu2_2016-12-02-01-34-21.uasset
[2016.12.03-17.36.56:773][  0]SourceControl: Info 	NailBound/Saved/Backup/MainMenu2_2016-12-02-01-46-23.uasset
[2016.12.03-17.36.56:773][  0]SourceControl: Info 	NailBound/Saved/Backup/MainMenu2_2016-12-02-02-05-06.uasset
[2016.12.03-17.36.56:773][  0]SourceControl: Info 	NailBound/Saved/Backup/PlayerSettings_2016-12-02-01-27-49.uasset
[2016.12.03-17.36.56:773][  0]SourceControl: Info 	NailBound/Saved/Backup/PlayerSettings_2016-12-02-01-46-23.uasset
[2016.12.03-17.36.56:773][  0]SourceControl: Info 	NailBound/Saved/Backup/PlayerSettings_2016-12-02-02-05-06.uasset
[2016.12.03-17.36.56:773][  0]SourceControl: Info 	NailBound/Saved/Backup/ServerMenu_2016-12-02-00-54-48.uasset
[2016.12.03-17.36.56:773][  0]SourceControl: Info 	NailBound/Saved/Backup/ServerMenu_2016-12-02-00-59-49.uasset
[2016.12.03-17.36.56:773][  0]SourceControl: Info 	NailBound/Saved/Backup/ServerMenu_2016-12-02-01-34-22.uasset
[2016.12.03-17.36.56:773][  0]SourceControl: Info 	NailBound/Saved/Backup/ServerMenu_2016-12-02-01-46-23.uasset
[2016.12.03-17.36.56:773][  0]SourceControl: Info 	NailBound/Saved/Backup/ServerMenu_2016-12-02-02-05-06.uasset
[2016.12.03-17.36.56:773][  0]SourceControl: Info 	NailBound/Saved/Backup/mainMenu_2016-12-02-01-37-27.uasset
[2016.12.03-17.36.56:774][  0]SourceControl: Info 	NailBound/Saved/Logs/NailBound-backup-2016.12.03-12.36.38.log
[2016.12.03-17.36.56:774][  0]SourceControl: Info 	NailBound/Saved/Logs/NailBound_2-backup-2016.11.30-23.14.16.log
[2016.12.03-17.36.56:774][  0]SourceControl: Info 	NailBound/Saved/Logs/UE4CC-Windows-82E7E28A480C19C8BF5DEA917C6B0776/
[2016.12.03-17.36.56:774][  0]SourceControl: Info 	NailBound/Saved/Logs/UE4CC-Windows-CD17D19349125AB313D62EAE9D251859_0001/
[2016.12.03-17.36.56:774][  0]LogContentStreaming: Texture pool size now 1000 MB
[2016.12.03-17.36.56:905][  1]LogRenderer: Reallocating scene render targets to support 976x532 NumSamples 1 (Frame:2).
[2016.12.03-17.36.56:906][  1]LogFileCache: Retrieving MD5 hashes for directory 'C:/Users/WhisperedLullaby/Desktop/GameClone/NailBound/NailBound/Content/' took 0.15s
[2016.12.03-17.36.56:920][  1]LogAssetRegistry: Asset discovery search completed in 12.9224 seconds
[2016.12.03-17.36.56:920][  1]LogCollectionManager: Rebuilt the object cache for 1 collections in 0.000007 seconds (found 0 objects)
[2016.12.03-17.36.56:920][  1]LogCollectionManager: Fixed up redirectors for 1 collections in 0.000019 seconds (updated 0 objects)
[2016.12.03-17.37.18:209][531]LogLinker:Warning: Can't find file '/Game/ExampleContent/Input_Examples/Materials/M_Pixel_Cube_Enemy_2_Inst'
[2016.12.03-17.37.18:209][531]LogLinker:Warning: Can't find file for asset '/Game/ExampleContent/Input_Examples/Materials/M_Pixel_Cube_Enemy_2_Inst' while loading ../../../../../../Users/WhisperedLullaby/Desktop/GameClone/NailBound/NailBound/Content/ExampleContent/Input_Examples/Meshes/SM_Pixel_Enemy_1.uasset.
[2016.12.03-17.37.18:209][531]LoadErrors:Error: Error /Game/ExampleContent/Input_Examples/Meshes/SM_Pixel_Enemy_1 : Can't find file for asset. /Game/ExampleContent/Input_Examples/Materials/M_Pixel_Cube_Enemy_2_Inst
[2016.12.03-17.37.18:209][531]LogLinker:Warning: Can't find file '/Game/ExampleContent/Input_Examples/Materials/M_Pixel_Cube_Enemy_Inst'
[2016.12.03-17.37.18:209][531]LogLinker:Warning: Can't find file for asset '/Game/ExampleContent/Input_Examples/Materials/M_Pixel_Cube_Enemy_Inst' while loading ../../../../../../Users/WhisperedLullaby/Desktop/GameClone/NailBound/NailBound/Content/ExampleContent/Input_Examples/Meshes/SM_Pixel_Enemy_1.uasset.
[2016.12.03-17.37.18:209][531]LoadErrors:Error: Error /Game/ExampleContent/Input_Examples/Meshes/SM_Pixel_Enemy_1 : Can't find file for asset. /Game/ExampleContent/Input_Examples/Materials/M_Pixel_Cube_Enemy_Inst
[2016.12.03-17.37.18:209][531]LogLinker:Warning: Can't find file '/Game/ExampleContent/Input_Examples/Materials/M_Pixel_Cube_Enemy_2_Inst'
[2016.12.03-17.37.18:209][531]LogLinker:Warning: Can't find file for asset '/Game/ExampleContent/Input_Examples/Materials/M_Pixel_Cube_Enemy_2_Inst' while loading ../../../../../../Users/WhisperedLullaby/Desktop/GameClone/NailBound/NailBound/Content/ExampleContent/Input_Examples/Meshes/SM_Pixel_Enemy_1.uasset.
[2016.12.03-17.37.18:209][531]LogLinker:Warning: Can't find file '/Game/ExampleContent/Input_Examples/Materials/M_Pixel_Cube_Enemy_Inst'
[2016.12.03-17.37.18:209][531]LogLinker:Warning: Can't find file for asset '/Game/ExampleContent/Input_Examples/Materials/M_Pixel_Cube_Enemy_Inst' while loading ../../../../../../Users/WhisperedLullaby/Desktop/GameClone/NailBound/NailBound/Content/ExampleContent/Input_Examples/Meshes/SM_Pixel_Enemy_1.uasset.
[2016.12.03-17.37.18:210][531]LogLinker:Warning: Can't find file '/Game/ExampleContent/Input_Examples/Materials/M_Pixel_Cube_Enemy_Inst'
[2016.12.03-17.37.18:210][531]LoadErrors: Info Failed to load /Game/ExampleContent/Input_Examples/Materials/M_Pixel_Cube_Enemy_Inst.M_Pixel_Cube_Enemy_Inst Referenced by SM_Pixel_Enemy_1
[2016.12.03-17.37.18:210][531]LogLinker:Warning: Can't find file for asset '/Game/ExampleContent/Input_Examples/Materials/M_Pixel_Cube_Enemy_Inst' while loading NULL.
[2016.12.03-17.37.18:210][531]LogLinker:Warning: Can't find file '/Game/ExampleContent/Input_Examples/Materials/M_Pixel_Cube_Enemy_2_Inst'
[2016.12.03-17.37.18:210][531]LoadErrors: Info Failed to load /Game/ExampleContent/Input_Examples/Materials/M_Pixel_Cube_Enemy_2_Inst.M_Pixel_Cube_Enemy_2_Inst Referenced by SM_Pixel_Enemy_1
[2016.12.03-17.37.18:210][531]LogLinker:Warning: Can't find file for asset '/Game/ExampleContent/Input_Examples/Materials/M_Pixel_Cube_Enemy_2_Inst' while loading NULL.
[2016.12.03-17.37.19:545][676]LogContentBrowser: Native class hierarchy updated for 'DestructibleMeshEditor' in 0.0004 seconds. Added 1 classes and 2 folders.
