Log file open, 12/11/16 05:54:29
LogInit:Display: Running engine for game: NailBound
LogPlatformFile: Not using cached read wrapper
LogInit:Display: RandInit(1652228936) SRandInit(1652228936).
LogTaskGraph: Started task graph with 5 named threads and 8 total threads with 1 sets of task threads.
LogStats: Stats thread started at 0.097597
LogPluginManager: Loaded Plugin Paper2D, From C:/Program Files (x86)/Epic Games/4.14/Engine/Plugins/2D/Paper2D/Paper2D.uplugin
LogPluginManager: Loaded Plugin LightPropagationVolume, From C:/Program Files (x86)/Epic Games/4.14/Engine/Plugins/Blendables/LightPropagationVolume/LightPropagationVolume.uplugin
LogPluginManager: Loaded Plugin BlankPlugin, From C:/Program Files (x86)/Epic Games/4.14/Engine/Plugins/Developer/BlankPlugin/BlankPlugin.uplugin
LogPluginManager: Loaded Plugin CodeLiteSourceCodeAccess, From C:/Program Files (x86)/Epic Games/4.14/Engine/Plugins/Developer/CodeLiteSourceCodeAccess/CodeLiteSourceCodeAccess.uplugin
LogPluginManager: Loaded Plugin GitSourceControl, From C:/Program Files (x86)/Epic Games/4.14/Engine/Plugins/Developer/GitSourceControl/GitSourceControl.uplugin
LogPluginManager: Loaded Plugin KDevelopSourceCodeAccess, From C:/Program Files (x86)/Epic Games/4.14/Engine/Plugins/Developer/KDevelopSourceCodeAccess/KDevelopSourceCodeAccess.uplugin
LogPluginManager: Loaded Plugin NullSourceCodeAccess, From C:/Program Files (x86)/Epic Games/4.14/Engine/Plugins/Developer/NullSourceCodeAccess/NullSourceCodeAccess.uplugin
LogPluginManager: Loaded Plugin OneSkyLocalizationService, From C:/Program Files (x86)/Epic Games/4.14/Engine/Plugins/Developer/OneSkyLocalizationService/OneSkyLocalizationService.uplugin
LogPluginManager: Loaded Plugin PerforceSourceControl, From C:/Program Files (x86)/Epic Games/4.14/Engine/Plugins/Developer/PerforceSourceControl/PerforceSourceControl.uplugin
LogPluginManager: Loaded Plugin SubversionSourceControl, From C:/Program Files (x86)/Epic Games/4.14/Engine/Plugins/Developer/SubversionSourceControl/SubversionSourceControl.uplugin
LogPluginManager: Loaded Plugin UObjectPlugin, From C:/Program Files (x86)/Epic Games/4.14/Engine/Plugins/Developer/UObjectPlugin/UObjectPlugin.uplugin
LogPluginManager: Loaded Plugin VisualStudioSourceCodeAccess, From C:/Program Files (x86)/Epic Games/4.14/Engine/Plugins/Developer/VisualStudioSourceCodeAccess/VisualStudioSourceCodeAccess.uplugin
LogPluginManager: Loaded Plugin XCodeSourceCodeAccess, From C:/Program Files (x86)/Epic Games/4.14/Engine/Plugins/Developer/XCodeSourceCodeAccess/XCodeSourceCodeAccess.uplugin
LogPluginManager: Loaded Plugin AudioCapture, From C:/Program Files (x86)/Epic Games/4.14/Engine/Plugins/Editor/AudioCapture/AudioCapture.uplugin
LogPluginManager: Loaded Plugin EpicSurvey, From C:/Program Files (x86)/Epic Games/4.14/Engine/Plugins/Editor/EpicSurvey/EpicSurvey.uplugin
LogPluginManager: Loaded Plugin MacGraphicsSwitching, From C:/Program Files (x86)/Epic Games/4.14/Engine/Plugins/Editor/MacGraphicsSwitching/MacGraphicsSwitching.uplugin
LogPluginManager: Loaded Plugin MobileLauncherProfileWizard, From C:/Program Files (x86)/Epic Games/4.14/Engine/Plugins/Editor/MobileLauncherProfileWizard/MobileLauncherProfileWizard.uplugin
LogPluginManager: Loaded Plugin PluginBrowser, From C:/Program Files (x86)/Epic Games/4.14/Engine/Plugins/Editor/PluginBrowser/PluginBrowser.uplugin
LogPluginManager: Loaded Plugin SpeedTreeImporter, From C:/Program Files (x86)/Epic Games/4.14/Engine/Plugins/Editor/SpeedTreeImporter/SpeedTreeImporter.uplugin
LogPluginManager: Loaded Plugin SuperSearchEditor, From C:/Program Files (x86)/Epic Games/4.14/Engine/Plugins/Editor/SuperSearchEditor/SuperSearchEditor.uplugin
LogPluginManager: Loaded Plugin AlembicImporter, From C:/Program Files (x86)/Epic Games/4.14/Engine/Plugins/Experimental/AlembicImporter/AlembicImporter.uplugin
LogPluginManager: Loaded Plugin BlueprintStats, From C:/Program Files (x86)/Epic Games/4.14/Engine/Plugins/Experimental/BlueprintStats/BlueprintStats.uplugin
LogPluginManager: Loaded Plugin CharacterAI, From C:/Program Files (x86)/Epic Games/4.14/Engine/Plugins/Experimental/CharacterAI/CharacterAI.uplugin
LogPluginManager: Loaded Plugin CodeEditor, From C:/Program Files (x86)/Epic Games/4.14/Engine/Plugins/Experimental/CodeEditor/CodeEditor.uplugin
LogPluginManager: Loaded Plugin CodeView, From C:/Program Files (x86)/Epic Games/4.14/Engine/Plugins/Experimental/CodeView/CodeView.uplugin
LogPluginManager: Loaded Plugin HTML5Networking, From C:/Program Files (x86)/Epic Games/4.14/Engine/Plugins/Experimental/HTML5Networking/HTML5Networking.uplugin
LogPluginManager: Loaded Plugin OSVR, From C:/Program Files (x86)/Epic Games/4.14/Engine/Plugins/Experimental/OSVR/OSVR.uplugin
LogPluginManager: Loaded Plugin Phya, From C:/Program Files (x86)/Epic Games/4.14/Engine/Plugins/Experimental/Phya/Phya.uplugin
LogPluginManager: Loaded Plugin SignificanceManager, From C:/Program Files (x86)/Epic Games/4.14/Engine/Plugins/Experimental/SignificanceManager/SignificanceManager.uplugin
LogPluginManager: Loaded Plugin SimpleHMD, From C:/Program Files (x86)/Epic Games/4.14/Engine/Plugins/Experimental/SimpleHMD/SimpleHMD.uplugin
LogPluginManager: Loaded Plugin StereoPanorama, From C:/Program Files (x86)/Epic Games/4.14/Engine/Plugins/Experimental/StereoPanorama/StereoPanorama.uplugin
LogPluginManager: Loaded Plugin StructBox, From C:/Program Files (x86)/Epic Games/4.14/Engine/Plugins/Experimental/StructBox/StructBox.uplugin
LogPluginManager: Loaded Plugin AndroidMedia, From C:/Program Files (x86)/Epic Games/4.14/Engine/Plugins/Media/AndroidMedia/AndroidMedia.uplugin
LogPluginManager: Loaded Plugin AvfMedia, From C:/Program Files (x86)/Epic Games/4.14/Engine/Plugins/Media/AvfMedia/AvfMedia.uplugin
LogPluginManager: Loaded Plugin MediaPlayerEditor, From C:/Program Files (x86)/Epic Games/4.14/Engine/Plugins/Media/MediaPlayerEditor/MediaPlayerEditor.uplugin
LogPluginManager: Loaded Plugin WmfMedia, From C:/Program Files (x86)/Epic Games/4.14/Engine/Plugins/Media/WmfMedia/WmfMedia.uplugin
LogPluginManager: Loaded Plugin MessagingDebugger, From C:/Program Files (x86)/Epic Games/4.14/Engine/Plugins/Messaging/MessagingDebugger/MessagingDebugger.uplugin
LogPluginManager: Loaded Plugin TcpMessaging, From C:/Program Files (x86)/Epic Games/4.14/Engine/Plugins/Messaging/TcpMessaging/TcpMessaging.uplugin
LogPluginManager: Loaded Plugin UdpMessaging, From C:/Program Files (x86)/Epic Games/4.14/Engine/Plugins/Messaging/UdpMessaging/UdpMessaging.uplugin
LogPluginManager: Loaded Plugin LevelSequenceEditor, From C:/Program Files (x86)/Epic Games/4.14/Engine/Plugins/MovieScene/LevelSequenceEditor/LevelSequenceEditor.uplugin
LogPluginManager: Loaded Plugin MatineeToLevelSequence, From C:/Program Files (x86)/Epic Games/4.14/Engine/Plugins/MovieScene/MatineeToLevelSequence/MatineeToLevelSequence.uplugin
LogPluginManager: Loaded Plugin NetcodeUnitTest, From C:/Program Files (x86)/Epic Games/4.14/Engine/Plugins/NetcodeUnitTest/NetcodeUnitTest/NetcodeUnitTest.uplugin
LogPluginManager: Loaded Plugin NUTUnrealEngine4, From C:/Program Files (x86)/Epic Games/4.14/Engine/Plugins/NetcodeUnitTest/NUTUnrealEngine4/NUTUnrealEngine4.uplugin
LogPluginManager: Loaded Plugin OnlineSubsystemGameCircle, From C:/Program Files (x86)/Epic Games/4.14/Engine/Plugins/Online/Android/OnlineSubsystemGameCircle/OnlineSubsystemGameCircle.uplugin
LogPluginManager: Loaded Plugin OnlineSubsystemGooglePlay, From C:/Program Files (x86)/Epic Games/4.14/Engine/Plugins/Online/Android/OnlineSubsystemGooglePlay/OnlineSubsystemGooglePlay.uplugin
LogPluginManager: Loaded Plugin OnlineSubsystemIOS, From C:/Program Files (x86)/Epic Games/4.14/Engine/Plugins/Online/IOS/OnlineSubsystemIOS/OnlineSubsystemIOS.uplugin
LogPluginManager: Loaded Plugin OnlineFramework, From C:/Program Files (x86)/Epic Games/4.14/Engine/Plugins/Online/OnlineFramework/OnlineFramework.uplugin
LogPluginManager: Loaded Plugin OnlineSubsystem, From C:/Program Files (x86)/Epic Games/4.14/Engine/Plugins/Online/OnlineSubsystem/OnlineSubsystem.uplugin
LogPluginManager: Loaded Plugin OnlineSubsystemAmazon, From C:/Program Files (x86)/Epic Games/4.14/Engine/Plugins/Online/OnlineSubsystemAmazon/OnlineSubsystemAmazon.uplugin
LogPluginManager: Loaded Plugin OnlineSubsystemFacebook, From C:/Program Files (x86)/Epic Games/4.14/Engine/Plugins/Online/OnlineSubsystemFacebook/OnlineSubsystemFacebook.uplugin
LogPluginManager: Loaded Plugin OnlineSubsystemNull, From C:/Program Files (x86)/Epic Games/4.14/Engine/Plugins/Online/OnlineSubsystemNull/OnlineSubsystemNull.uplugin
LogPluginManager: Loaded Plugin OnlineSubsystemOculus, From C:/Program Files (x86)/Epic Games/4.14/Engine/Plugins/Online/OnlineSubsystemOculus/OnlineSubsystemOculus.uplugin
LogPluginManager: Loaded Plugin OnlineSubsystemSteam, From C:/Program Files (x86)/Epic Games/4.14/Engine/Plugins/Online/OnlineSubsystemSteam/OnlineSubsystemSteam.uplugin
LogPluginManager: Loaded Plugin OnlineSubsystemUtils, From C:/Program Files (x86)/Epic Games/4.14/Engine/Plugins/Online/OnlineSubsystemUtils/OnlineSubsystemUtils.uplugin
LogPluginManager: Loaded Plugin IOSTapJoy, From C:/Program Files (x86)/Epic Games/4.14/Engine/Plugins/Runtime/Advertising/IOSTapJoy/IOSTapJoy.uplugin
LogPluginManager: Loaded Plugin AnalyticsBlueprintLibrary, From C:/Program Files (x86)/Epic Games/4.14/Engine/Plugins/Runtime/Analytics/AnalyticsBlueprintLibrary/AnalyticsBlueprintLibrary.uplugin
LogPluginManager: Loaded Plugin AnalyticsMulticast, From C:/Program Files (x86)/Epic Games/4.14/Engine/Plugins/Runtime/Analytics/AnalyticsMulticast/AnalyticsMulticast.uplugin
LogPluginManager: Loaded Plugin Apsalar, From C:/Program Files (x86)/Epic Games/4.14/Engine/Plugins/Runtime/Analytics/Apsalar/Apsalar.uplugin
LogPluginManager: Loaded Plugin FileLogging, From C:/Program Files (x86)/Epic Games/4.14/Engine/Plugins/Runtime/Analytics/FileLogging/FileLogging.uplugin
LogPluginManager: Loaded Plugin Flurry, From C:/Program Files (x86)/Epic Games/4.14/Engine/Plugins/Runtime/Analytics/Flurry/Flurry.uplugin
LogPluginManager: Loaded Plugin AndroidDeviceProfileSelector, From C:/Program Files (x86)/Epic Games/4.14/Engine/Plugins/Runtime/AndroidDeviceProfileSelector/AndroidDeviceProfileSelector.uplugin
LogPluginManager: Loaded Plugin AndroidMoviePlayer, From C:/Program Files (x86)/Epic Games/4.14/Engine/Plugins/Runtime/AndroidMoviePlayer/AndroidMoviePlayer.uplugin
LogPluginManager: Loaded Plugin AppleMoviePlayer, From C:/Program Files (x86)/Epic Games/4.14/Engine/Plugins/Runtime/AppleMoviePlayer/AppleMoviePlayer.uplugin
LogPluginManager: Loaded Plugin ArchVisCharacter, From C:/Program Files (x86)/Epic Games/4.14/Engine/Plugins/Runtime/ArchVisCharacter/ArchVisCharacter.uplugin
LogPluginManager: Loaded Plugin CableComponent, From C:/Program Files (x86)/Epic Games/4.14/Engine/Plugins/Runtime/CableComponent/CableComponent.uplugin
LogPluginManager: Loaded Plugin CustomMeshComponent, From C:/Program Files (x86)/Epic Games/4.14/Engine/Plugins/Runtime/CustomMeshComponent/CustomMeshComponent.uplugin
LogPluginManager: Loaded Plugin ExampleDeviceProfileSelector, From C:/Program Files (x86)/Epic Games/4.14/Engine/Plugins/Runtime/ExampleDeviceProfileSelector/ExampleDeviceProfileSelector.uplugin
LogPluginManager: Loaded Plugin GearVR, From C:/Program Files (x86)/Epic Games/4.14/Engine/Plugins/Runtime/GearVR/GearVR.uplugin
LogPluginManager: Loaded Plugin GoogleVRController, From C:/Program Files (x86)/Epic Games/4.14/Engine/Plugins/Runtime/GoogleVR/GoogleVRController/GoogleVRController.uplugin
LogPluginManager: Loaded Plugin GoogleVRHMD, From C:/Program Files (x86)/Epic Games/4.14/Engine/Plugins/Runtime/GoogleVR/GoogleVRHMD/GoogleVRHMD.uplugin
LogPluginManager: Loaded Plugin IOSDeviceProfileSelector, From C:/Program Files (x86)/Epic Games/4.14/Engine/Plugins/Runtime/IOSDeviceProfileSelector/IOSDeviceProfileSelector.uplugin
LogPluginManager: Loaded Plugin LeapMotion, From C:/Program Files (x86)/Epic Games/4.14/Engine/Plugins/Runtime/LeapMotion/LeapMotion.uplugin
LogPluginManager: Loaded Plugin LinuxDeviceProfileSelector, From C:/Program Files (x86)/Epic Games/4.14/Engine/Plugins/Runtime/LinuxDeviceProfileSelector/LinuxDeviceProfileSelector.uplugin
LogPluginManager: Loaded Plugin MIDIDevice, From C:/Program Files (x86)/Epic Games/4.14/Engine/Plugins/Runtime/MIDIDevice/MIDIDevice.uplugin
LogPluginManager: Loaded Plugin MobilePatchingUtils, From C:/Program Files (x86)/Epic Games/4.14/Engine/Plugins/Runtime/MobilePatchingUtils/MobilePatchingUtils.uplugin
LogPluginManager: Loaded Plugin Ansel, From C:/Program Files (x86)/Epic Games/4.14/Engine/Plugins/Runtime/Nvidia/Ansel/Ansel.uplugin
LogPluginManager: Loaded Plugin OculusAudio, From C:/Program Files (x86)/Epic Games/4.14/Engine/Plugins/Runtime/OculusAudio/OculusAudio.uplugin
LogPluginManager: Loaded Plugin OculusInput, From C:/Program Files (x86)/Epic Games/4.14/Engine/Plugins/Runtime/OculusInput/OculusInput.uplugin
LogPluginManager: Loaded Plugin OculusLibrary, From C:/Program Files (x86)/Epic Games/4.14/Engine/Plugins/Runtime/OculusLibrary/OculusLibrary.uplugin
LogPluginManager: Loaded Plugin OculusRift, From C:/Program Files (x86)/Epic Games/4.14/Engine/Plugins/Runtime/OculusRift/OculusRift.uplugin
LogPluginManager: Loaded Plugin Oodle, From C:/Program Files (x86)/Epic Games/4.14/Engine/Plugins/Runtime/PacketHandlers/CompressionComponents/Oodle/Oodle.uplugin
LogPluginManager: Loaded Plugin ProceduralMeshComponent, From C:/Program Files (x86)/Epic Games/4.14/Engine/Plugins/Runtime/ProceduralMeshComponent/ProceduralMeshComponent.uplugin
LogPluginManager: Loaded Plugin SoundMod, From C:/Program Files (x86)/Epic Games/4.14/Engine/Plugins/Runtime/SoundMod/SoundMod.uplugin
LogPluginManager: Loaded Plugin SoundVisualizations, From C:/Program Files (x86)/Epic Games/4.14/Engine/Plugins/Runtime/SoundVisualizations/SoundVisualizations.uplugin
LogPluginManager: Loaded Plugin SteamController, From C:/Program Files (x86)/Epic Games/4.14/Engine/Plugins/Runtime/Steam/SteamController/SteamController.uplugin
LogPluginManager: Loaded Plugin SteamVR, From C:/Program Files (x86)/Epic Games/4.14/Engine/Plugins/Runtime/Steam/SteamVR/SteamVR.uplugin
LogPluginManager: Loaded Plugin WebBrowserWidget, From C:/Program Files (x86)/Epic Games/4.14/Engine/Plugins/Runtime/WebBrowserWidget/WebBrowserWidget.uplugin
LogPluginManager: Loaded Plugin WindowsDeviceProfileSelector, From C:/Program Files (x86)/Epic Games/4.14/Engine/Plugins/Runtime/WindowsDeviceProfileSelector/WindowsDeviceProfileSelector.uplugin
LogPluginManager: Loaded Plugin WindowsMoviePlayer, From C:/Program Files (x86)/Epic Games/4.14/Engine/Plugins/Runtime/WindowsMoviePlayer/WindowsMoviePlayer.uplugin
LogPluginManager: Loaded Plugin ScriptPlugin, From C:/Program Files (x86)/Epic Games/4.14/Engine/Plugins/ScriptPlugin/ScriptPlugin.uplugin
LogPluginManager: Loaded Plugin SlateRemote, From C:/Program Files (x86)/Epic Games/4.14/Engine/Plugins/Slate/SlateRemote/SlateRemote.uplugin
LogPluginManager: Loaded Plugin EditorTests, From C:/Program Files (x86)/Epic Games/4.14/Engine/Plugins/Tests/EditorTests/EditorTests.uplugin
LogPluginManager: Loaded Plugin FbxAutomationTestBuilder, From C:/Program Files (x86)/Epic Games/4.14/Engine/Plugins/Tests/FbxAutomationTestBuilder/FbxAutomationTestBuilder.uplugin
LogPluginManager: Loaded Plugin FunctionalTestingEditor, From C:/Program Files (x86)/Epic Games/4.14/Engine/Plugins/Tests/FunctionalTestingEditor/FunctionalTestingEditor.uplugin
LogPluginManager: Loaded Plugin RuntimeTests, From C:/Program Files (x86)/Epic Games/4.14/Engine/Plugins/Tests/RuntimeTests/RuntimeTests.uplugin
LogPluginManager: Loaded Plugin ScreenshotTools, From C:/Program Files (x86)/Epic Games/4.14/Engine/Plugins/Tests/ScreenshotTools/ScreenshotTools.uplugin
LogInit: Using libcurl 7.47.1
LogInit:  - built for x86_64-pc-win32
LogInit:  - supports SSL with OpenSSL/1.0.2g
LogInit:  - supports HTTP deflate (compression) using libz 1.2.8
LogInit:  - other features:
LogInit:      CURL_VERSION_SSL
LogInit:      CURL_VERSION_LIBZ
LogInit:      CURL_VERSION_IPV6
LogInit:      CURL_VERSION_ASYNCHDNS
LogInit:      CURL_VERSION_LARGEFILE
LogInit:      CURL_VERSION_IDN
LogInit:  CurlRequestOptions (configurable via config and command line):
LogInit:  - bVerifyPeer = false  - Libcurl will NOT verify peer certificate
LogInit:  - bUseHttpProxy = false  - Libcurl will NOT use HTTP proxy
LogInit:  - bDontReuseConnections = false  - Libcurl will reuse connections
LogInit:  - CertBundlePath = nullptr  - Libcurl will use whatever was configured at build time.
LogOnline:Display: STEAM: Loading Steam SDK 1.32
LogOnline:Warning: STEAM: Steamworks: SteamUtils() failed!
LogOnline:Warning: STEAM: Steamworks: SteamUser() failed!
LogOnline:Warning: STEAM: Steamworks: SteamFriends() failed!
LogOnline:Warning: STEAM: Steamworks: SteamRemoteStorage() failed!
LogOnline:Warning: STEAM: Steamworks: SteamUserStats() failed!
LogOnline:Warning: STEAM: Steamworks: SteamMatchmakingServers() failed!
LogOnline:Warning: STEAM: Steamworks: SteamApps() failed!
LogOnline:Warning: STEAM: Steamworks: SteamNetworking() failed!
LogOnline:Warning: STEAM: Steamworks: SteamMatchmaking() failed!
LogOnline:Display: STEAM: OnlineSubsystemSteam::Shutdown()
LogOnline:Warning: STEAM: Steam API failed to initialize!
LogOnline:Display: STEAM: OnlineSubsystemSteam::Shutdown()
LogInit: WinSock: version 1.1 (2.2), MaxSocks=32767, MaxUdp=65467
LogInit: Build: ++UE4+Release-4.14-CL-3195953
LogInit: Engine Version: 4.14.0-3195953+++UE4+Release-4.14
LogInit: Compatible Engine Version: 4.14.0-3195953+++UE4+Release-4.14
LogInit: Net CL: 3195953
LogDevObjectVersion: Number of dev versions registered: 13
LogDevObjectVersion:   Dev-Blueprints (B0D832E4-1F89-4F0D-ACCF-7EB736FD4AA2): 7
LogDevObjectVersion:   Dev-Build (E1C64328-A22C-4D53-A36C-8E866417BD8C): 0
LogDevObjectVersion:   Dev-Core (375EC13C-06E4-48FB-B500-84F0262A717E): 1
LogDevObjectVersion:   Dev-Editor (E4B068ED-F494-42E9-A231-DA0B2E46BB41): 8
LogDevObjectVersion:   Dev-Framework (CFFC743F-43B0-4480-9391-14DF171D2073): 17
LogDevObjectVersion:   Dev-Mobile (B02B49B5-BB20-44E9-A304-32B752E40360): 0
LogDevObjectVersion:   Dev-Networking (A4E4105C-59A1-49B5-A7C5-40C4547EDFEE): 0
LogDevObjectVersion:   Dev-Online (39C831C9-5AE6-47DC-9A44-9C173E1C8E7C): 0
LogDevObjectVersion:   Dev-Physics (78F01B33-EBEA-4F98-B9B4-84EACCB95AA2): 0
LogDevObjectVersion:   Dev-Platform (6631380F-2D4D-43E0-8009-CF276956A95A): 0
LogDevObjectVersion:   Dev-Rendering (12F88B9F-8875-4AFC-A67C-D90C383ABD29): 12
LogDevObjectVersion:   Dev-Sequencer (7B5AE74C-D270-4C10-A958-57980B212A5A): 1
LogDevObjectVersion:   Dev-VR (D7296918-1DD6-4BDD-9DE2-64A83CC13884): 0
LogInit: Compiled (64-bit): Nov 12 2016 02:14:10
LogInit: Compiled with Visual C++: 19.00.23026.00
LogInit: Build Configuration: Development
LogInit: Branch Name: ++UE4+Release-4.14
LogInit: Command line:  /Temp/Autosaves/Game/2DSideScrollerBP/Maps/UEDPCTraining -game -PIEVIACONSOLE -ResX=1280 -ResY=720  -Multiprocess -messaging -SessionName="Play in Standalone Game" -windowed 
LogInit: Base directory: C:/Program Files (x86)/Epic Games/4.14/Engine/Binaries/Win64/
LogInit: Installed Engine Build: 1
LogInit: Presizing for max 8388607 objects, including 0 objects not considered by GC, pre-allocating 0 bytes for permanent pool.
LogInit: Object subsystem initialized
[2016.12.11-10.54.29:515][  0]LogInit: Selected Device Profile: [Windows]
[2016.12.11-10.54.29:515][  0]LogInit: Applying CVar settings loaded from the selected device profile: [Windows]
[2016.12.11-10.54.29:519][  0]LogInit: Computer: WEAK
[2016.12.11-10.54.29:519][  0]LogInit: User: WhisperedLullaby
[2016.12.11-10.54.29:519][  0]LogInit: CPU Page size=65536, Cores=4
[2016.12.11-10.54.29:519][  0]LogInit: High frequency timer resolution =3.117186 MHz
[2016.12.11-10.54.29:520][  0]LogMemory: Memory total: Physical=15.9GB (16GB approx)
[2016.12.11-10.54.29:520][  0]LogMemory: Platform Memory Stats for Windows
[2016.12.11-10.54.29:520][  0]LogMemory: Process Physical Memory: 266.54 MB used, 266.54 MB peak
[2016.12.11-10.54.29:520][  0]LogMemory: Process Virtual Memory: 262.98 MB used, 262.98 MB peak
[2016.12.11-10.54.29:520][  0]LogMemory: Physical Memory: 8729.98 MB used,  7600.91 MB free, 16330.89 MB total
[2016.12.11-10.54.29:520][  0]LogMemory: Virtual Memory: 664.82 MB used,  7600.91 MB free, 134217728.00 MB total
[2016.12.11-10.54.29:540][  0]LogTextLocalizationManager: No specific translations for ('en-US') exist, so ('en') translations will be used.
[2016.12.11-10.54.29:951][  0]LogD3D11RHI: D3D11 adapters:
[2016.12.11-10.54.29:972][  0]LogD3D11RHI:    0. 'Radeon (TM) RX 480 Graphics' (Feature Level 11_0)
[2016.12.11-10.54.29:972][  0]LogD3D11RHI:       8140/0/8165 MB DedicatedVideo/DedicatedSystem/SharedSystem, Outputs:2, VendorId:0x1002
[2016.12.11-10.54.29:973][  0]LogD3D11RHI:    1. 'Microsoft Basic Render Driver' (Feature Level 11_0)
[2016.12.11-10.54.29:973][  0]LogD3D11RHI:       0/0/8165 MB DedicatedVideo/DedicatedSystem/SharedSystem, Outputs:0, VendorId:0x1414
[2016.12.11-10.54.29:973][  0]LogD3D11RHI: Chosen D3D11 Adapter: 0
[2016.12.11-10.54.29:982][  0]LogD3D11RHI: Creating new Direct3DDevice
[2016.12.11-10.54.29:982][  0]LogD3D11RHI:     GPU DeviceId: 0x67df (for the marketing name, search the web for "GPU Device Id")
[2016.12.11-10.54.29:982][  0]LogWindows: EnumDisplayDevices:
[2016.12.11-10.54.29:982][  0]LogWindows:    0. 'Radeon (TM) RX 480 Graphics' (P:1 D:1)
[2016.12.11-10.54.29:982][  0]LogWindows:    1. 'Radeon (TM) RX 480 Graphics' (P:0 D:1)
[2016.12.11-10.54.29:983][  0]LogWindows:    2. 'Radeon (TM) RX 480 Graphics' (P:0 D:0)
[2016.12.11-10.54.29:983][  0]LogWindows:    3. 'Radeon (TM) RX 480 Graphics' (P:0 D:0)
[2016.12.11-10.54.29:983][  0]LogWindows:    4. 'Radeon (TM) RX 480 Graphics' (P:0 D:0)
[2016.12.11-10.54.29:983][  0]LogWindows:    5. 'Radeon (TM) RX 480 Graphics' (P:0 D:0)
[2016.12.11-10.54.29:983][  0]LogWindows: DebugString: FoundDriverCount:6 
[2016.12.11-10.54.29:983][  0]LogD3D11RHI:     Adapter Name: Radeon (TM) RX 480 Graphics
[2016.12.11-10.54.29:983][  0]LogD3D11RHI:   Driver Version: Crimson 16.9.2 (internal:21.19.137.1, unified:21.19.137.1)
[2016.12.11-10.54.29:983][  0]LogD3D11RHI:      Driver Date: 9-16-2016
[2016.12.11-10.54.29:983][  0]LogRHI: Texture pool is 1361 MB (70% of 1945 MB)
[2016.12.11-10.54.29:998][  0]LogD3D11RHI: Async texture creation enabled
[2016.12.11-10.54.30:008][  0]LogD3D11RHI: GPU Timing Frequency: 25.000000 (Debug: 2 1)
[2016.12.11-10.54.30:008][  0]LogShaderCompilers: Guid format shader working directory is -22 characters bigger than the processId version (../../../../../../Users/WhisperedLullaby/Desktop/GameClone/NailBound/NailBound/Intermediate/Shaders/WorkingDirectory/30860/).
[2016.12.11-10.54.30:008][  0]LogShaderCompilers: Cleaned the shader compiler working directory 'C:/Users/WhisperedLullaby/AppData/Local/Temp/UnrealShaderWorkingDir/49D0C0054E2AD01F812131835D5EF15C/'.
[2016.12.11-10.54.30:008][  0]LogShaderCompilers:Display: Using Local Shader Compiler.
[2016.12.11-10.54.30:940][  0]LogTemp:Display: Loaded TP WindowsClientTargetPlatform
[2016.12.11-10.54.30:992][  0]LogTemp:Display: Loaded TP WindowsNoEditorTargetPlatform
[2016.12.11-10.54.31:045][  0]LogTemp:Display: Loaded TP WindowsServerTargetPlatform
[2016.12.11-10.54.31:088][  0]LogTemp:Display: Loaded TP WindowsTargetPlatform
[2016.12.11-10.54.31:088][  0]LogTargetPlatformManager:Display: Building Assets For Windows
[2016.12.11-10.54.31:484][  0]LogDerivedDataCache:Display: Max Cache Size: 512 MB
[2016.12.11-10.54.31:527][  0]LogDerivedDataCache: Loaded boot cache 0.04s 50MB C:/Users/WhisperedLullaby/AppData/Local/UnrealEngine/4.14/DerivedDataCache/Boot.ddc.
[2016.12.11-10.54.31:527][  0]LogDerivedDataCache:Display: Loaded Boot cache: C:/Users/WhisperedLullaby/AppData/Local/UnrealEngine/4.14/DerivedDataCache/Boot.ddc
[2016.12.11-10.54.31:527][  0]LogDerivedDataCache: FDerivedDataBackendGraph:  Pak pak cache file ../../../../../../Users/WhisperedLullaby/Desktop/GameClone/NailBound/NailBound/DerivedDataCache/DDC.ddp not found, will not use a pak cache.
[2016.12.11-10.54.31:527][  0]LogDerivedDataCache: Unable to find inner node Pak for hierarchical cache Hierarchy.
[2016.12.11-10.54.31:527][  0]LogDerivedDataCache: FDerivedDataBackendGraph:  CompressedPak pak cache file ../../../../../../Users/WhisperedLullaby/Desktop/GameClone/NailBound/NailBound/DerivedDataCache/Compressed.ddp not found, will not use a pak cache.
[2016.12.11-10.54.31:527][  0]LogDerivedDataCache: Unable to find inner node CompressedPak for hierarchical cache Hierarchy.
[2016.12.11-10.54.31:542][  0]LogDerivedDataCache:Display: Pak cache opened for reading ../../../Engine/DerivedDataCache/Compressed.ddp.
[2016.12.11-10.54.31:554][  0]LogDerivedDataCache: Using Local data cache path C:/Users/WhisperedLullaby/AppData/Local/UnrealEngine/Common/DerivedDataCache: Writable
[2016.12.11-10.54.31:733][  0]LogAssetRegistry: FAssetRegistry took 0.0001 seconds to start up
[2016.12.11-10.54.31:739][  0]LogPackageLocalizationCache: Processed 3 localized package path(s) for 2 prioritized culture(s) in 0.005543 seconds
[2016.12.11-10.54.31:753][  0]LogInit: Selected Device Profile: [Windows]
[2016.12.11-10.54.31:755][  0]LogContentStreaming: Texture pool size is 1000.00 MB
[2016.12.11-10.54.31:954][  0]LogMeshUtilities: Using QuadricMeshReduction for automatic static mesh reduction
[2016.12.11-10.54.32:000][  0]LogSimplygon: Simplygon DLL not present - disabling.
[2016.12.11-10.54.32:047][  0]LogMeshUtilities: Using SimplygonSwarm for distributed automatic mesh merging
[2016.12.11-10.54.32:047][  0]LogMeshUtilities: No automatic skeletal mesh reduction module available
[2016.12.11-10.54.32:047][  0]LogMeshUtilities: No automatic mesh merging module available
[2016.12.11-10.54.32:440][  0]LogNetVersion: GetLocalNetworkVersion: CL: 3195953, ProjectName: nailbound, ProjectVersion: , EngineNetworkVersion: 2, GameNetworkVersion: 0, NetworkChecksum: 3761550360
[2016.12.11-10.54.33:270][  0]LogSlate: Using Freetype 2.6.0
[2016.12.11-10.54.33:271][  0]LogSlate: SlateFontCache - WITH_FREETYPE: 1, WITH_HARFBUZZ: 1
[2016.12.11-10.54.33:271][  0]LogSlate: SlateFontCache - WITH_FREETYPE: 1, WITH_HARFBUZZ: 1
[2016.12.11-10.54.33:378][  0]LogMoviePlayer: Initializing movie player
[2016.12.11-10.54.33:434][  0]LogWindowsTextInputMethodSystem:Display: IME system now deactivated.
[2016.12.11-10.54.33:447][  0]LogWindowsMoviePlayer: Unable to load movie: ../../../../../../Users/WhisperedLullaby/Desktop/GameClone/NailBound/NailBound/Content/Movies/Default_Startup.mp4
[2016.12.11-10.54.33:602][  0]LogTcpMessaging: Initializing TcpMessaging bridge
[2016.12.11-10.54.33:639][  0]LogUdpMessaging: Initializing bridge on interface 0.0.0.0:0 to multicast group 230.0.0.1:6666.
[2016.12.11-10.54.33:776][  0]SourceControl: Info Source control is disabled
[2016.12.11-10.54.33:776][  0]SourceControl: Info Source control is disabled
[2016.12.11-10.54.33:820][  0]SourceControl: Info Source control is disabled
[2016.12.11-10.54.34:411][  0]LogUObjectArray: 33503 objects as part of root set at end of initial load.
[2016.12.11-10.54.34:411][  0]LogUObjectAllocator: 7631608 out of 0 bytes used by permanent object pool.
[2016.12.11-10.54.34:411][  0]LogUObjectArray: CloseDisregardForGC: 0/0 objects in disregard for GC pool
[2016.12.11-10.54.34:511][  0]LogEngine: Initializing Engine...
[2016.12.11-10.54.34:512][  0]LogHMD: Failed to initialize OpenVR with code 110
[2016.12.11-10.54.34:632][  0]LogInit: XAudio2 using '1 - MX279 (AMD High Definition Audio Device)' : 2 channels at 48 kHz using 16 bits per sample (channel mask 0x3)
[2016.12.11-10.54.34:646][  0]LogInit: FAudioDevice initialized.
[2016.12.11-10.54.34:662][  0]LogInit: Texture streaming: Enabled
[2016.12.11-10.54.34:672][  0]LogMaterial: Uniform references updated for custom material expression Custom.
[2016.12.11-10.54.34:968][  0]LogProperty:Error: UStructProperty::Serialize Loading: Property 'StructProperty /Game/MainMenuUI/PlayerSettings.PlayerSettings_C:PlayerInfo'. Unknown structure.
[2016.12.11-10.54.34:969][  0]LogProperty:Error: UStructProperty::Serialize Loading: Property 'StructProperty /Game/2DSideScrollerBP/AllLevels/PlayerSaveGame.PlayerSaveGame_C:S_PlayerInfo'. Unknown structure.
[2016.12.11-10.54.34:969][  0]LogClass:Warning: Property S_PlayerInfo of S_PlayerInfo has a struct type mismatch (tag STRUCT_REINST_PlayerInfo_0 != prop FallbackStruct) in package:  ../../../../../../Users/WhisperedLullaby/Desktop/GameClone/NailBound/NailBound/Content/2DSideScrollerBP/AllLevels/PlayerSaveGame.uasset. If that struct got renamed, add an entry to ActiveStructRedirects.
[2016.12.11-10.54.34:970][  0]LogClass:Warning: Property S_PlayerInfo of S_PlayerInfo has a struct type mismatch (tag FallbackStruct != prop PlayerInfo) in package:  FObjectReader. If that struct got renamed, add an entry to ActiveStructRedirects.
[2016.12.11-10.54.35:017][  0]LogClass:Warning: Property PlayerInfo of PlayerInfo has a struct type mismatch (tag STRUCT_REINST_PlayerInfo_0 != prop FallbackStruct) in package:  ../../../../../../Users/WhisperedLullaby/Desktop/GameClone/NailBound/NailBound/Content/MainMenuUI/PlayerSettings.uasset. If that struct got renamed, add an entry to ActiveStructRedirects.
[2016.12.11-10.54.35:032][  0]LogClass:Warning: Property PlayerInfo of PlayerInfo has a struct type mismatch (tag FallbackStruct != prop PlayerInfo) in package:  FObjectReader. If that struct got renamed, add an entry to ActiveStructRedirects.
[2016.12.11-10.54.35:179][  0]LogInit:Display: Game Engine Initialized.
[2016.12.11-10.54.35:323][  0]LogInit:Display: Starting Game.
[2016.12.11-10.54.35:323][  0]LogNet: Browse: /Temp/Autosaves/Game/2DSideScrollerBP/Maps/UEDPCTraining?Name=Player
[2016.12.11-10.54.35:323][  0]LogLoad: LoadMap: /Temp/Autosaves/Game/2DSideScrollerBP/Maps/UEDPCTraining?Name=Player
[2016.12.11-10.54.35:342][  0]LogMemory: Platform Memory Stats for Windows
[2016.12.11-10.54.35:342][  0]LogMemory: Process Physical Memory: 650.48 MB used, 650.48 MB peak
[2016.12.11-10.54.35:342][  0]LogMemory: Process Virtual Memory: 746.04 MB used, 746.05 MB peak
[2016.12.11-10.54.35:342][  0]LogMemory: Physical Memory: 9027.58 MB used,  7303.31 MB free, 16330.89 MB total
[2016.12.11-10.54.35:342][  0]LogMemory: Virtual Memory: 1366.15 MB used,  7303.31 MB free, 134217728.00 MB total
[2016.12.11-10.54.35:342][  0]LogMemory: 
[2016.12.11-10.54.35:342][  0]Allocator Stats for TBB: (not implemented)
[2016.12.11-10.54.35:919][  0]LogLinker:Warning: Can't find file '/Paper2D/TranslucentUnlitSpriteMaterial'
[2016.12.11-10.54.35:919][  0]LoadErrors: Info Failed to load /Paper2D/TranslucentUnlitSpriteMaterial.TranslucentUnlitSpriteMaterial Referenced by rotator_Sprite
[2016.12.11-10.54.35:919][  0]LogUObjectGlobals:Warning: Failed to load '/Paper2D/TranslucentUnlitSpriteMaterial': Can't find file '/Paper2D/TranslucentUnlitSpriteMaterial'
[2016.12.11-10.54.35:919][  0]LogLinker:Warning: Can't find file for asset '/Paper2D/TranslucentUnlitSpriteMaterial' while loading NULL.
[2016.12.11-10.54.35:919][  0]LoadErrors: Info Failed to load /Paper2D/TranslucentUnlitSpriteMaterial.TranslucentUnlitSpriteMaterial Referenced by rotator_Sprite
[2016.12.11-10.54.35:919][  0]LogUObjectGlobals:Warning: Failed to load '/Paper2D/TranslucentUnlitSpriteMaterial': Can't find file for asset '/Paper2D/TranslucentUnlitSpriteMaterial' while loading NULL.
[2016.12.11-10.54.35:928][  0]LogLinker:Warning: Can't find file '/Paper2D/TranslucentUnlitSpriteMaterial'
[2016.12.11-10.54.35:928][  0]LoadErrors: Info Failed to load /Paper2D/TranslucentUnlitSpriteMaterial.TranslucentUnlitSpriteMaterial Referenced by anglebar_Sprite
[2016.12.11-10.54.35:928][  0]LogUObjectGlobals:Warning: Failed to load '/Paper2D/TranslucentUnlitSpriteMaterial': Can't find file '/Paper2D/TranslucentUnlitSpriteMaterial'
[2016.12.11-10.54.35:929][  0]LogLinker:Warning: Can't find file for asset '/Paper2D/TranslucentUnlitSpriteMaterial' while loading NULL.
[2016.12.11-10.54.35:929][  0]LoadErrors: Info Failed to load /Paper2D/TranslucentUnlitSpriteMaterial.TranslucentUnlitSpriteMaterial Referenced by anglebar_Sprite
[2016.12.11-10.54.35:929][  0]LogUObjectGlobals:Warning: Failed to load '/Paper2D/TranslucentUnlitSpriteMaterial': Can't find file for asset '/Paper2D/TranslucentUnlitSpriteMaterial' while loading NULL.
[2016.12.11-10.54.35:940][  0]LogLinker:Warning: Can't find file '/Paper2D/TranslucentUnlitSpriteMaterial'
[2016.12.11-10.54.35:940][  0]LoadErrors: Info Failed to load /Paper2D/TranslucentUnlitSpriteMaterial.TranslucentUnlitSpriteMaterial Referenced by ultimate_Sprite
[2016.12.11-10.54.35:940][  0]LogUObjectGlobals:Warning: Failed to load '/Paper2D/TranslucentUnlitSpriteMaterial': Can't find file '/Paper2D/TranslucentUnlitSpriteMaterial'
[2016.12.11-10.54.35:941][  0]LogLinker:Warning: Can't find file for asset '/Paper2D/TranslucentUnlitSpriteMaterial' while loading NULL.
[2016.12.11-10.54.35:941][  0]LoadErrors: Info Failed to load /Paper2D/TranslucentUnlitSpriteMaterial.TranslucentUnlitSpriteMaterial Referenced by ultimate_Sprite
[2016.12.11-10.54.35:941][  0]LogUObjectGlobals:Warning: Failed to load '/Paper2D/TranslucentUnlitSpriteMaterial': Can't find file for asset '/Paper2D/TranslucentUnlitSpriteMaterial' while loading NULL.
[2016.12.11-10.54.36:262][  0]LogAIModule: Creating AISystem for world Training
[2016.12.11-10.54.36:263][  0]LogLoad: Game class is 'InGameGM_C'
[2016.12.11-10.54.36:529][  0]LogWorld: Bringing World /Temp/Autosaves/Game/2DSideScrollerBP/Maps/UEDPCTraining.Training up for play (max tick rate 0) at 2016.12.11-05.54.36
[2016.12.11-10.54.36:548][  0]LogWorld: Bringing up level for play took: 0.284431
[2016.12.11-10.54.36:577][  0]LogLoad: Took 1.254022 seconds to LoadMap(/Temp/Autosaves/Game/2DSideScrollerBP/Maps/UEDPCTraining)
[2016.12.11-10.54.36:926][  0]LogLoad: (Engine Initialization) Total time: 8.79 seconds
[2016.12.11-10.54.36:926][  0]LogLoad: (Engine Initialization) Total Blueprint compile time: 0.35 seconds
[2016.12.11-10.54.36:926][  0]LogExternalProfiler: Found external profiler: VSPerf
[2016.12.11-10.54.36:926][  0]LogExternalProfiler: Using external profiler: VSPerf
[2016.12.11-10.54.36:943][  0]LogOcInput: OculusInput pre-init called
[2016.12.11-10.54.37:046][  2]LogRenderer: Reallocating scene render targets to support 1280x720 NumSamples 1 (Frame:2).
[2016.12.11-10.54.59:744][393]LogWindowsTextInputMethodSystem:Display: IME system now deactivated.
[2016.12.11-10.54.59:747][393]LogWindowsTextInputMethodSystem:Display: IME system now deactivated.
[2016.12.11-10.54.59:748][393]LogEngine: All Windows Closed
[2016.12.11-10.54.59:748][393]LogWindows: FPlatformMisc::RequestExit(0)
[2016.12.11-10.54.59:748][394]LogMoviePlayer: Shutting down movie player
[2016.12.11-10.55.00:532][394]LogExit: Preparing to exit.
[2016.12.11-10.55.00:790][394]LogExit: Game engine shut down
[2016.12.11-10.55.00:849][394]LogObj: Freed 0b from 0 cluster array pools.
[2016.12.11-10.55.00:849][394]LogExit: Object subsystem successfully closed.
[2016.12.11-10.55.00:864][394]LogD3D11RHI: Shutdown
[2016.12.11-10.55.00:864][394]LogD3D11RHI: CleanupD3DDevice
[2016.12.11-10.55.00:950][394]LogD3D11RHI: ~FD3D11DynamicRHI
[2016.12.11-10.55.00:968][394]LogModuleManager: Shutting down and abandoning module SequenceRecorderSections (127)
[2016.12.11-10.55.00:968][394]LogModuleManager: Shutting down and abandoning module SequenceRecorder (126)
[2016.12.11-10.55.00:968][394]LogModuleManager: Shutting down and abandoning module AutomationController (125)
[2016.12.11-10.55.00:968][394]LogModuleManager: Shutting down and abandoning module AutomationWorker (124)
[2016.12.11-10.55.00:968][394]LogModuleManager: Shutting down and abandoning module Voice (123)
[2016.12.11-10.55.00:968][394]LogModuleManager: Shutting down and abandoning module GameplayDebugger (122)
[2016.12.11-10.55.00:968][394]LogModuleManager: Shutting down and abandoning module AITestSuite (121)
[2016.12.11-10.55.00:968][394]LogModuleManager: Shutting down and abandoning module AIModule (120)
[2016.12.11-10.55.00:968][394]LogModuleManager: Shutting down and abandoning module WmfMediaFactory (119)
[2016.12.11-10.55.00:968][394]LogModuleManager: Shutting down and abandoning module AvfMediaFactory (118)
[2016.12.11-10.55.00:968][394]LogModuleManager: Shutting down and abandoning module Media (117)
[2016.12.11-10.55.00:968][394]LogModuleManager: Shutting down and abandoning module AndroidMediaFactory (116)
[2016.12.11-10.55.00:968][394]LogModuleManager: Shutting down and abandoning module CharacterAI (115)
[2016.12.11-10.55.00:968][394]LogModuleManager: Shutting down and abandoning module SessionServices (114)
[2016.12.11-10.55.00:968][394]LogModuleManager: Shutting down and abandoning module MovieSceneCapture (113)
[2016.12.11-10.55.00:968][394]LogModuleManager: Shutting down and abandoning module GeometryCacheEd (112)
[2016.12.11-10.55.00:968][394]LogModuleManager: Shutting down and abandoning module GeometryCache (111)
[2016.12.11-10.55.00:968][394]LogModuleManager: Shutting down and abandoning module Niagara (110)
[2016.12.11-10.55.00:968][394]LogModuleManager: Shutting down and abandoning module StreamingPauseRendering (109)
[2016.12.11-10.55.00:968][394]LogModuleManager: Shutting down and abandoning module PortalServices (108)
[2016.12.11-10.55.00:968][394]LogModuleManager: Shutting down and abandoning module PortalRpc (107)
[2016.12.11-10.55.00:968][394]LogModuleManager: Shutting down and abandoning module MessagingRpc (106)
[2016.12.11-10.55.00:968][394]LogModuleManager: Shutting down and abandoning module ProfilerService (105)
[2016.12.11-10.55.00:994][394]LogModuleManager: Shutting down and abandoning module TaskGraph (104)
[2016.12.11-10.55.00:994][394]LogModuleManager: Shutting down and abandoning module SlateRemote (103)
[2016.12.11-10.55.00:994][394]LogModuleManager: Shutting down and abandoning module SteamVRController (102)
[2016.12.11-10.55.00:994][394]LogModuleManager: Shutting down and abandoning module SteamVR (101)
[2016.12.11-10.55.00:994][394]LogModuleManager: Shutting down and abandoning module ProceduralMeshComponent (100)
[2016.12.11-10.55.00:994][394]LogModuleManager: Shutting down and abandoning module OculusLibrary (99)
[2016.12.11-10.55.00:994][394]LogModuleManager: Shutting down and abandoning module OculusInput (98)
[2016.12.11-10.55.00:994][394]LogModuleManager: Shutting down and abandoning module MobilePatchingUtils (97)
[2016.12.11-10.55.00:994][394]LogModuleManager: Shutting down and abandoning module CustomMeshComponent (96)
[2016.12.11-10.55.00:994][394]LogModuleManager: Shutting down and abandoning module CableComponent (95)
[2016.12.11-10.55.00:994][394]LogModuleManager: Shutting down and abandoning module ArchVisCharacter (94)
[2016.12.11-10.55.00:994][394]LogModuleManager: Shutting down and abandoning module HTML5Networking (93)
[2016.12.11-10.55.00:994][394]LogModuleManager: Shutting down and abandoning module DesktopPlatform (92)
[2016.12.11-10.55.00:994][394]LogModuleManager: Shutting down and abandoning module DirectoryWatcher (91)
[2016.12.11-10.55.00:994][394]LogModuleManager: Shutting down and abandoning module HotReload (90)
[2016.12.11-10.55.00:995][394]LogModuleManager: Shutting down and abandoning module VisualStudioSourceCodeAccess (89)
[2016.12.11-10.55.00:995][394]LogModuleManager: Shutting down and abandoning module UObjectPlugin (88)
[2016.12.11-10.55.00:995][394]LogModuleManager: Shutting down and abandoning module SubversionSourceControl (87)
[2016.12.11-10.55.00:995][394]LogModuleManager: Shutting down and abandoning module SourceControl (86)
[2016.12.11-10.55.00:995][394]LogModuleManager: Shutting down and abandoning module PerforceSourceControl (85)
[2016.12.11-10.55.00:995][394]LogModuleManager: Shutting down and abandoning module UdpMessaging (84)
[2016.12.11-10.55.01:096][394]LogModuleManager: Shutting down and abandoning module TcpMessaging (83)
[2016.12.11-10.55.01:607][394]LogModuleManager: Shutting down and abandoning module LightPropagationVolumeRuntime (82)
[2016.12.11-10.55.01:607][394]LogModuleManager: Shutting down and abandoning module Paper2D (81)
[2016.12.11-10.55.01:607][394]LogModuleManager: Shutting down and abandoning module WindowsMoviePlayer (80)
[2016.12.11-10.55.01:607][394]LogModuleManager: Shutting down and abandoning module WmfMedia (79)
[2016.12.11-10.55.01:608][394]LogModuleManager: Shutting down and abandoning module MediaAssets (78)
[2016.12.11-10.55.01:608][394]LogModuleManager: Shutting down and abandoning module GameLiveStreaming (77)
[2016.12.11-10.55.01:608][394]LogModuleManager: Shutting down and abandoning module GameplayTagsEditor (76)
[2016.12.11-10.55.01:608][394]LogModuleManager: Shutting down and abandoning module VREditor (75)
[2016.12.11-10.55.01:608][394]LogModuleManager: Shutting down and abandoning module GameplayTasksEditor (74)
[2016.12.11-10.55.01:608][394]LogModuleManager: Shutting down and abandoning module BehaviorTreeEditor (73)
[2016.12.11-10.55.01:608][394]LogModuleManager: Shutting down and abandoning module FunctionalTesting (72)
[2016.12.11-10.55.01:608][394]LogModuleManager: Shutting down and abandoning module CollisionAnalyzer (71)
[2016.12.11-10.55.01:608][394]LogModuleManager: Shutting down and abandoning module Sequencer (70)
[2016.12.11-10.55.01:608][394]LogModuleManager: Shutting down and abandoning module WorkspaceMenuStructure (69)
[2016.12.11-10.55.01:608][394]LogModuleManager: Shutting down and abandoning module MessageLog (68)
[2016.12.11-10.55.01:608][394]LogModuleManager: Shutting down and abandoning module AssetTools (67)
[2016.12.11-10.55.01:608][394]LogModuleManager: Shutting down and abandoning module UMGEditor (66)
[2016.12.11-10.55.01:608][394]LogModuleManager: Shutting down and abandoning module UMG (65)
[2016.12.11-10.55.01:608][394]LogModuleManager: Shutting down and abandoning module SlateReflector (64)
[2016.12.11-10.55.01:608][394]LogModuleManager: Shutting down and abandoning module Slate (63)
[2016.12.11-10.55.01:608][394]LogModuleManager: Shutting down and abandoning module EditorStyle (62)
[2016.12.11-10.55.01:609][394]LogModuleManager: Shutting down and abandoning module Messaging (61)
[2016.12.11-10.55.01:609][394]LogModuleManager: Shutting down and abandoning module SourceCodeAccess (60)
[2016.12.11-10.55.01:609][394]LogModuleManager: Shutting down and abandoning module HeadMountedDisplay (59)
[2016.12.11-10.55.01:609][394]LogModuleManager: Shutting down and abandoning module XAudio2 (58)
[2016.12.11-10.55.01:609][394]LogModuleManager: Shutting down and abandoning module Networking (57)
[2016.12.11-10.55.01:610][394]LogModuleManager: Shutting down and abandoning module Core (56)
[2016.12.11-10.55.01:610][394]LogModuleManager: Shutting down and abandoning module KismetCompiler (55)
[2016.12.11-10.55.01:610][394]LogModuleManager: Shutting down and abandoning module PhysXFormats (54)
[2016.12.11-10.55.01:610][394]LogModuleManager: Shutting down and abandoning module SimplygonSwarm (53)
[2016.12.11-10.55.01:610][394]LogModuleManager: Shutting down and abandoning module SimplygonMeshReduction (52)
[2016.12.11-10.55.01:610][394]LogModuleManager: Shutting down and abandoning module QuadricMeshReduction (51)
[2016.12.11-10.55.01:610][394]LogModuleManager: Shutting down and abandoning module PropertyEditor (50)
[2016.12.11-10.55.01:610][394]LogModuleManager: Shutting down and abandoning module MeshUtilities (49)
[2016.12.11-10.55.01:610][394]LogModuleManager: Shutting down and abandoning module AssetRegistry (48)
[2016.12.11-10.55.01:610][394]LogModuleManager: Shutting down and abandoning module DerivedDataCache (47)
[2016.12.11-10.55.02:066][394]LogDerivedDataCache: Shutdown
[2016.12.11-10.55.02:066][394]LogModuleManager: Shutting down and abandoning module VulkanShaderFormat (46)
[2016.12.11-10.55.02:066][394]LogModuleManager: Shutting down and abandoning module ShaderFormatOpenGL (45)
[2016.12.11-10.55.02:066][394]LogModuleManager: Shutting down and abandoning module ShaderFormatD3D (44)
[2016.12.11-10.55.02:066][394]LogModuleManager: Shutting down and abandoning module MetalShaderFormat (43)
[2016.12.11-10.55.02:066][394]LogModuleManager: Shutting down and abandoning module TextureFormatUncompressed (42)
[2016.12.11-10.55.02:066][394]LogModuleManager: Shutting down and abandoning module TextureFormatPVR (41)
[2016.12.11-10.55.02:066][394]LogModuleManager: Shutting down and abandoning module TextureFormatDXT (40)
[2016.12.11-10.55.02:066][394]LogModuleManager: Shutting down and abandoning module TextureFormatIntelISPCTexComp (39)
[2016.12.11-10.55.02:066][394]LogModuleManager: Shutting down and abandoning module ImageWrapper (38)
[2016.12.11-10.55.02:066][394]LogModuleManager: Shutting down and abandoning module TextureFormatASTC (37)
[2016.12.11-10.55.02:066][394]LogModuleManager: Shutting down and abandoning module TextureFormatAndroid (36)
[2016.12.11-10.55.02:066][394]LogModuleManager: Shutting down and abandoning module AudioFormatOpus (35)
[2016.12.11-10.55.02:066][394]LogModuleManager: Shutting down and abandoning module AudioFormatOgg (34)
[2016.12.11-10.55.02:066][394]LogModuleManager: Shutting down and abandoning module AudioFormatADPCM (33)
[2016.12.11-10.55.02:066][394]LogModuleManager: Shutting down and abandoning module WindowsTargetPlatform (32)
[2016.12.11-10.55.02:066][394]LogModuleManager: Shutting down and abandoning module WindowsServerTargetPlatform (31)
[2016.12.11-10.55.02:066][394]LogModuleManager: Shutting down and abandoning module WindowsNoEditorTargetPlatform (30)
[2016.12.11-10.55.02:066][394]LogModuleManager: Shutting down and abandoning module WindowsClientTargetPlatform (29)
[2016.12.11-10.55.02:066][394]LogModuleManager: Shutting down and abandoning module TargetPlatform (28)
[2016.12.11-10.55.02:066][394]LogModuleManager: Shutting down and abandoning module InputCore (27)
[2016.12.11-10.55.02:066][394]LogModuleManager: Shutting down and abandoning module Settings (26)
[2016.12.11-10.55.02:066][394]LogModuleManager: Shutting down and abandoning module OculusRift (25)
[2016.12.11-10.55.02:066][394]LogModuleManager: Shutting down and abandoning module ExampleDeviceProfileSelector (24)
[2016.12.11-10.55.02:066][394]LogModuleManager: Shutting down and abandoning module OnlineBlueprintSupport (23)
[2016.12.11-10.55.02:066][394]LogModuleManager: Shutting down and abandoning module OnlineSubsystem (18)
[2016.12.11-10.55.02:066][394]LogOnline:Display: NULL: FOnlineSubsystemNull::Shutdown()
[2016.12.11-10.55.02:067][394]LogOnline:Display: Unloading online subsystem: STEAM
[2016.12.11-10.55.02:067][394]LogOnline:Display: Unloading online subsystem: NULL
[2016.12.11-10.55.02:067][394]LogModuleManager: Shutting down and abandoning module SSL (17)
[2016.12.11-10.55.02:068][394]LogModuleManager: Shutting down and abandoning module HTTP (16)
[2016.12.11-10.55.02:068][394]LogModuleManager: Shutting down and abandoning module XMPP (15)
[2016.12.11-10.55.02:068][394]LogModuleManager: Shutting down and abandoning module TextureCompressor (14)
[2016.12.11-10.55.02:068][394]LogModuleManager: Shutting down and abandoning module ShaderCore (13)
[2016.12.11-10.55.02:068][394]LogModuleManager: Shutting down and abandoning module Landscape (12)
[2016.12.11-10.55.02:068][394]LogModuleManager: Shutting down and abandoning module SlateRHIRenderer (11)
[2016.12.11-10.55.02:068][394]LogModuleManager: Shutting down and abandoning module OpenGLDrv (10)
[2016.12.11-10.55.02:068][394]LogModuleManager: Shutting down and abandoning module D3D11RHI (9)
[2016.12.11-10.55.02:068][394]LogModuleManager: Shutting down and abandoning module AnimGraphRuntime (8)
[2016.12.11-10.55.02:068][394]LogModuleManager: Shutting down and abandoning module Renderer (7)
[2016.12.11-10.55.02:068][394]LogModuleManager: Shutting down and abandoning module Engine (6)
[2016.12.11-10.55.02:068][394]LogModuleManager: Shutting down and abandoning module CoreUObject (5)
[2016.12.11-10.55.02:068][394]LogModuleManager: Shutting down and abandoning module NetworkFile (4)
[2016.12.11-10.55.02:068][394]LogModuleManager: Shutting down and abandoning module StreamingFile (3)
[2016.12.11-10.55.02:068][394]LogModuleManager: Shutting down and abandoning module SandboxFile (2)
[2016.12.11-10.55.02:068][394]LogModuleManager: Shutting down and abandoning module PakFile (1)
[2016.12.11-10.55.02:070][394]LogExit: Exiting.
[2016.12.11-10.55.02:071][394]Log file closed, 12/11/16 05:55:02
