Log file open, 12/08/16 20:08:52
LogInit:Display: Running engine for game: NailBound
LogPlatformFile: Not using cached read wrapper
LogInit:Display: RandInit(2006308959) SRandInit(2006308959).
LogTaskGraph: Started task graph with 5 named threads and 8 total threads with 1 sets of task threads.
LogStats: Stats thread started at 0.080831
LogPluginManager: Loaded Plugin Paper2D, From C:/Program Files (x86)/Epic Games/4.14/Engine/Plugins/2D/Paper2D/Paper2D.uplugin
LogPluginManager: Loaded Plugin LightPropagationVolume, From C:/Program Files (x86)/Epic Games/4.14/Engine/Plugins/Blendables/LightPropagationVolume/LightPropagationVolume.uplugin
LogPluginManager: Loaded Plugin BlankPlugin, From C:/Program Files (x86)/Epic Games/4.14/Engine/Plugins/Developer/BlankPlugin/BlankPlugin.uplugin
LogPluginManager: Loaded Plugin CodeLiteSourceCodeAccess, From C:/Program Files (x86)/Epic Games/4.14/Engine/Plugins/Developer/CodeLiteSourceCodeAccess/CodeLiteSourceCodeAccess.uplugin
LogPluginManager: Loaded Plugin GitSourceControl, From C:/Program Files (x86)/Epic Games/4.14/Engine/Plugins/Developer/GitSourceControl/GitSourceControl.uplugin
LogPluginManager: Loaded Plugin KDevelopSourceCodeAccess, From C:/Program Files (x86)/Epic Games/4.14/Engine/Plugins/Developer/KDevelopSourceCodeAccess/KDevelopSourceCodeAccess.uplugin
LogPluginManager: Loaded Plugin NullSourceCodeAccess, From C:/Program Files (x86)/Epic Games/4.14/Engine/Plugins/Developer/NullSourceCodeAccess/NullSourceCodeAccess.uplugin
LogPluginManager: Loaded Plugin OneSkyLocalizationService, From C:/Program Files (x86)/Epic Games/4.14/Engine/Plugins/Developer/OneSkyLocalizationService/OneSkyLocalizationService.uplugin
LogPluginManager: Loaded Plugin PerforceSourceControl, From C:/Program Files (x86)/Epic Games/4.14/Engine/Plugins/Developer/PerforceSourceControl/PerforceSourceControl.uplugin
LogPluginManager: Loaded Plugin SubversionSourceControl, From C:/Program Files (x86)/Epic Games/4.14/Engine/Plugins/Developer/SubversionSourceControl/SubversionSourceControl.uplugin
LogPluginManager: Loaded Plugin UObjectPlugin, From C:/Program Files (x86)/Epic Games/4.14/Engine/Plugins/Developer/UObjectPlugin/UObjectPlugin.uplugin
LogPluginManager: Loaded Plugin VisualStudioSourceCodeAccess, From C:/Program Files (x86)/Epic Games/4.14/Engine/Plugins/Developer/VisualStudioSourceCodeAccess/VisualStudioSourceCodeAccess.uplugin
LogPluginManager: Loaded Plugin XCodeSourceCodeAccess, From C:/Program Files (x86)/Epic Games/4.14/Engine/Plugins/Developer/XCodeSourceCodeAccess/XCodeSourceCodeAccess.uplugin
LogPluginManager: Loaded Plugin AudioCapture, From C:/Program Files (x86)/Epic Games/4.14/Engine/Plugins/Editor/AudioCapture/AudioCapture.uplugin
LogPluginManager: Loaded Plugin EpicSurvey, From C:/Program Files (x86)/Epic Games/4.14/Engine/Plugins/Editor/EpicSurvey/EpicSurvey.uplugin
LogPluginManager: Loaded Plugin MacGraphicsSwitching, From C:/Program Files (x86)/Epic Games/4.14/Engine/Plugins/Editor/MacGraphicsSwitching/MacGraphicsSwitching.uplugin
LogPluginManager: Loaded Plugin MobileLauncherProfileWizard, From C:/Program Files (x86)/Epic Games/4.14/Engine/Plugins/Editor/MobileLauncherProfileWizard/MobileLauncherProfileWizard.uplugin
LogPluginManager: Loaded Plugin PluginBrowser, From C:/Program Files (x86)/Epic Games/4.14/Engine/Plugins/Editor/PluginBrowser/PluginBrowser.uplugin
LogPluginManager: Loaded Plugin SpeedTreeImporter, From C:/Program Files (x86)/Epic Games/4.14/Engine/Plugins/Editor/SpeedTreeImporter/SpeedTreeImporter.uplugin
LogPluginManager: Loaded Plugin SuperSearchEditor, From C:/Program Files (x86)/Epic Games/4.14/Engine/Plugins/Editor/SuperSearchEditor/SuperSearchEditor.uplugin
LogPluginManager: Loaded Plugin AlembicImporter, From C:/Program Files (x86)/Epic Games/4.14/Engine/Plugins/Experimental/AlembicImporter/AlembicImporter.uplugin
LogPluginManager: Loaded Plugin BlueprintStats, From C:/Program Files (x86)/Epic Games/4.14/Engine/Plugins/Experimental/BlueprintStats/BlueprintStats.uplugin
LogPluginManager: Loaded Plugin CharacterAI, From C:/Program Files (x86)/Epic Games/4.14/Engine/Plugins/Experimental/CharacterAI/CharacterAI.uplugin
LogPluginManager: Loaded Plugin CodeEditor, From C:/Program Files (x86)/Epic Games/4.14/Engine/Plugins/Experimental/CodeEditor/CodeEditor.uplugin
LogPluginManager: Loaded Plugin CodeView, From C:/Program Files (x86)/Epic Games/4.14/Engine/Plugins/Experimental/CodeView/CodeView.uplugin
LogPluginManager: Loaded Plugin HTML5Networking, From C:/Program Files (x86)/Epic Games/4.14/Engine/Plugins/Experimental/HTML5Networking/HTML5Networking.uplugin
LogPluginManager: Loaded Plugin OSVR, From C:/Program Files (x86)/Epic Games/4.14/Engine/Plugins/Experimental/OSVR/OSVR.uplugin
LogPluginManager: Loaded Plugin Phya, From C:/Program Files (x86)/Epic Games/4.14/Engine/Plugins/Experimental/Phya/Phya.uplugin
LogPluginManager: Loaded Plugin SignificanceManager, From C:/Program Files (x86)/Epic Games/4.14/Engine/Plugins/Experimental/SignificanceManager/SignificanceManager.uplugin
LogPluginManager: Loaded Plugin SimpleHMD, From C:/Program Files (x86)/Epic Games/4.14/Engine/Plugins/Experimental/SimpleHMD/SimpleHMD.uplugin
LogPluginManager: Loaded Plugin StereoPanorama, From C:/Program Files (x86)/Epic Games/4.14/Engine/Plugins/Experimental/StereoPanorama/StereoPanorama.uplugin
LogPluginManager: Loaded Plugin StructBox, From C:/Program Files (x86)/Epic Games/4.14/Engine/Plugins/Experimental/StructBox/StructBox.uplugin
LogPluginManager: Loaded Plugin AndroidMedia, From C:/Program Files (x86)/Epic Games/4.14/Engine/Plugins/Media/AndroidMedia/AndroidMedia.uplugin
LogPluginManager: Loaded Plugin AvfMedia, From C:/Program Files (x86)/Epic Games/4.14/Engine/Plugins/Media/AvfMedia/AvfMedia.uplugin
LogPluginManager: Loaded Plugin MediaPlayerEditor, From C:/Program Files (x86)/Epic Games/4.14/Engine/Plugins/Media/MediaPlayerEditor/MediaPlayerEditor.uplugin
LogPluginManager: Loaded Plugin WmfMedia, From C:/Program Files (x86)/Epic Games/4.14/Engine/Plugins/Media/WmfMedia/WmfMedia.uplugin
LogPluginManager: Loaded Plugin MessagingDebugger, From C:/Program Files (x86)/Epic Games/4.14/Engine/Plugins/Messaging/MessagingDebugger/MessagingDebugger.uplugin
LogPluginManager: Loaded Plugin TcpMessaging, From C:/Program Files (x86)/Epic Games/4.14/Engine/Plugins/Messaging/TcpMessaging/TcpMessaging.uplugin
LogPluginManager: Loaded Plugin UdpMessaging, From C:/Program Files (x86)/Epic Games/4.14/Engine/Plugins/Messaging/UdpMessaging/UdpMessaging.uplugin
LogPluginManager: Loaded Plugin LevelSequenceEditor, From C:/Program Files (x86)/Epic Games/4.14/Engine/Plugins/MovieScene/LevelSequenceEditor/LevelSequenceEditor.uplugin
LogPluginManager: Loaded Plugin MatineeToLevelSequence, From C:/Program Files (x86)/Epic Games/4.14/Engine/Plugins/MovieScene/MatineeToLevelSequence/MatineeToLevelSequence.uplugin
LogPluginManager: Loaded Plugin NetcodeUnitTest, From C:/Program Files (x86)/Epic Games/4.14/Engine/Plugins/NetcodeUnitTest/NetcodeUnitTest/NetcodeUnitTest.uplugin
LogPluginManager: Loaded Plugin NUTUnrealEngine4, From C:/Program Files (x86)/Epic Games/4.14/Engine/Plugins/NetcodeUnitTest/NUTUnrealEngine4/NUTUnrealEngine4.uplugin
LogPluginManager: Loaded Plugin OnlineSubsystemGameCircle, From C:/Program Files (x86)/Epic Games/4.14/Engine/Plugins/Online/Android/OnlineSubsystemGameCircle/OnlineSubsystemGameCircle.uplugin
LogPluginManager: Loaded Plugin OnlineSubsystemGooglePlay, From C:/Program Files (x86)/Epic Games/4.14/Engine/Plugins/Online/Android/OnlineSubsystemGooglePlay/OnlineSubsystemGooglePlay.uplugin
LogPluginManager: Loaded Plugin OnlineSubsystemIOS, From C:/Program Files (x86)/Epic Games/4.14/Engine/Plugins/Online/IOS/OnlineSubsystemIOS/OnlineSubsystemIOS.uplugin
LogPluginManager: Loaded Plugin OnlineFramework, From C:/Program Files (x86)/Epic Games/4.14/Engine/Plugins/Online/OnlineFramework/OnlineFramework.uplugin
LogPluginManager: Loaded Plugin OnlineSubsystem, From C:/Program Files (x86)/Epic Games/4.14/Engine/Plugins/Online/OnlineSubsystem/OnlineSubsystem.uplugin
LogPluginManager: Loaded Plugin OnlineSubsystemAmazon, From C:/Program Files (x86)/Epic Games/4.14/Engine/Plugins/Online/OnlineSubsystemAmazon/OnlineSubsystemAmazon.uplugin
LogPluginManager: Loaded Plugin OnlineSubsystemFacebook, From C:/Program Files (x86)/Epic Games/4.14/Engine/Plugins/Online/OnlineSubsystemFacebook/OnlineSubsystemFacebook.uplugin
LogPluginManager: Loaded Plugin OnlineSubsystemNull, From C:/Program Files (x86)/Epic Games/4.14/Engine/Plugins/Online/OnlineSubsystemNull/OnlineSubsystemNull.uplugin
LogPluginManager: Loaded Plugin OnlineSubsystemOculus, From C:/Program Files (x86)/Epic Games/4.14/Engine/Plugins/Online/OnlineSubsystemOculus/OnlineSubsystemOculus.uplugin
LogPluginManager: Loaded Plugin OnlineSubsystemSteam, From C:/Program Files (x86)/Epic Games/4.14/Engine/Plugins/Online/OnlineSubsystemSteam/OnlineSubsystemSteam.uplugin
LogPluginManager: Loaded Plugin OnlineSubsystemUtils, From C:/Program Files (x86)/Epic Games/4.14/Engine/Plugins/Online/OnlineSubsystemUtils/OnlineSubsystemUtils.uplugin
LogPluginManager: Loaded Plugin IOSTapJoy, From C:/Program Files (x86)/Epic Games/4.14/Engine/Plugins/Runtime/Advertising/IOSTapJoy/IOSTapJoy.uplugin
LogPluginManager: Loaded Plugin AnalyticsBlueprintLibrary, From C:/Program Files (x86)/Epic Games/4.14/Engine/Plugins/Runtime/Analytics/AnalyticsBlueprintLibrary/AnalyticsBlueprintLibrary.uplugin
LogPluginManager: Loaded Plugin AnalyticsMulticast, From C:/Program Files (x86)/Epic Games/4.14/Engine/Plugins/Runtime/Analytics/AnalyticsMulticast/AnalyticsMulticast.uplugin
LogPluginManager: Loaded Plugin Apsalar, From C:/Program Files (x86)/Epic Games/4.14/Engine/Plugins/Runtime/Analytics/Apsalar/Apsalar.uplugin
LogPluginManager: Loaded Plugin FileLogging, From C:/Program Files (x86)/Epic Games/4.14/Engine/Plugins/Runtime/Analytics/FileLogging/FileLogging.uplugin
LogPluginManager: Loaded Plugin Flurry, From C:/Program Files (x86)/Epic Games/4.14/Engine/Plugins/Runtime/Analytics/Flurry/Flurry.uplugin
LogPluginManager: Loaded Plugin AndroidDeviceProfileSelector, From C:/Program Files (x86)/Epic Games/4.14/Engine/Plugins/Runtime/AndroidDeviceProfileSelector/AndroidDeviceProfileSelector.uplugin
LogPluginManager: Loaded Plugin AndroidMoviePlayer, From C:/Program Files (x86)/Epic Games/4.14/Engine/Plugins/Runtime/AndroidMoviePlayer/AndroidMoviePlayer.uplugin
LogPluginManager: Loaded Plugin AppleMoviePlayer, From C:/Program Files (x86)/Epic Games/4.14/Engine/Plugins/Runtime/AppleMoviePlayer/AppleMoviePlayer.uplugin
LogPluginManager: Loaded Plugin ArchVisCharacter, From C:/Program Files (x86)/Epic Games/4.14/Engine/Plugins/Runtime/ArchVisCharacter/ArchVisCharacter.uplugin
LogPluginManager: Loaded Plugin CableComponent, From C:/Program Files (x86)/Epic Games/4.14/Engine/Plugins/Runtime/CableComponent/CableComponent.uplugin
LogPluginManager: Loaded Plugin CustomMeshComponent, From C:/Program Files (x86)/Epic Games/4.14/Engine/Plugins/Runtime/CustomMeshComponent/CustomMeshComponent.uplugin
LogPluginManager: Loaded Plugin ExampleDeviceProfileSelector, From C:/Program Files (x86)/Epic Games/4.14/Engine/Plugins/Runtime/ExampleDeviceProfileSelector/ExampleDeviceProfileSelector.uplugin
LogPluginManager: Loaded Plugin GearVR, From C:/Program Files (x86)/Epic Games/4.14/Engine/Plugins/Runtime/GearVR/GearVR.uplugin
LogPluginManager: Loaded Plugin GoogleVRController, From C:/Program Files (x86)/Epic Games/4.14/Engine/Plugins/Runtime/GoogleVR/GoogleVRController/GoogleVRController.uplugin
LogPluginManager: Loaded Plugin GoogleVRHMD, From C:/Program Files (x86)/Epic Games/4.14/Engine/Plugins/Runtime/GoogleVR/GoogleVRHMD/GoogleVRHMD.uplugin
LogPluginManager: Loaded Plugin IOSDeviceProfileSelector, From C:/Program Files (x86)/Epic Games/4.14/Engine/Plugins/Runtime/IOSDeviceProfileSelector/IOSDeviceProfileSelector.uplugin
LogPluginManager: Loaded Plugin LeapMotion, From C:/Program Files (x86)/Epic Games/4.14/Engine/Plugins/Runtime/LeapMotion/LeapMotion.uplugin
LogPluginManager: Loaded Plugin LinuxDeviceProfileSelector, From C:/Program Files (x86)/Epic Games/4.14/Engine/Plugins/Runtime/LinuxDeviceProfileSelector/LinuxDeviceProfileSelector.uplugin
LogPluginManager: Loaded Plugin MIDIDevice, From C:/Program Files (x86)/Epic Games/4.14/Engine/Plugins/Runtime/MIDIDevice/MIDIDevice.uplugin
LogPluginManager: Loaded Plugin MobilePatchingUtils, From C:/Program Files (x86)/Epic Games/4.14/Engine/Plugins/Runtime/MobilePatchingUtils/MobilePatchingUtils.uplugin
LogPluginManager: Loaded Plugin Ansel, From C:/Program Files (x86)/Epic Games/4.14/Engine/Plugins/Runtime/Nvidia/Ansel/Ansel.uplugin
LogPluginManager: Loaded Plugin OculusAudio, From C:/Program Files (x86)/Epic Games/4.14/Engine/Plugins/Runtime/OculusAudio/OculusAudio.uplugin
LogPluginManager: Loaded Plugin OculusInput, From C:/Program Files (x86)/Epic Games/4.14/Engine/Plugins/Runtime/OculusInput/OculusInput.uplugin
LogPluginManager: Loaded Plugin OculusLibrary, From C:/Program Files (x86)/Epic Games/4.14/Engine/Plugins/Runtime/OculusLibrary/OculusLibrary.uplugin
LogPluginManager: Loaded Plugin OculusRift, From C:/Program Files (x86)/Epic Games/4.14/Engine/Plugins/Runtime/OculusRift/OculusRift.uplugin
LogPluginManager: Loaded Plugin Oodle, From C:/Program Files (x86)/Epic Games/4.14/Engine/Plugins/Runtime/PacketHandlers/CompressionComponents/Oodle/Oodle.uplugin
LogPluginManager: Loaded Plugin ProceduralMeshComponent, From C:/Program Files (x86)/Epic Games/4.14/Engine/Plugins/Runtime/ProceduralMeshComponent/ProceduralMeshComponent.uplugin
LogPluginManager: Loaded Plugin SoundMod, From C:/Program Files (x86)/Epic Games/4.14/Engine/Plugins/Runtime/SoundMod/SoundMod.uplugin
LogPluginManager: Loaded Plugin SoundVisualizations, From C:/Program Files (x86)/Epic Games/4.14/Engine/Plugins/Runtime/SoundVisualizations/SoundVisualizations.uplugin
LogPluginManager: Loaded Plugin SteamController, From C:/Program Files (x86)/Epic Games/4.14/Engine/Plugins/Runtime/Steam/SteamController/SteamController.uplugin
LogPluginManager: Loaded Plugin SteamVR, From C:/Program Files (x86)/Epic Games/4.14/Engine/Plugins/Runtime/Steam/SteamVR/SteamVR.uplugin
LogPluginManager: Loaded Plugin WebBrowserWidget, From C:/Program Files (x86)/Epic Games/4.14/Engine/Plugins/Runtime/WebBrowserWidget/WebBrowserWidget.uplugin
LogPluginManager: Loaded Plugin WindowsDeviceProfileSelector, From C:/Program Files (x86)/Epic Games/4.14/Engine/Plugins/Runtime/WindowsDeviceProfileSelector/WindowsDeviceProfileSelector.uplugin
LogPluginManager: Loaded Plugin WindowsMoviePlayer, From C:/Program Files (x86)/Epic Games/4.14/Engine/Plugins/Runtime/WindowsMoviePlayer/WindowsMoviePlayer.uplugin
LogPluginManager: Loaded Plugin ScriptPlugin, From C:/Program Files (x86)/Epic Games/4.14/Engine/Plugins/ScriptPlugin/ScriptPlugin.uplugin
LogPluginManager: Loaded Plugin SlateRemote, From C:/Program Files (x86)/Epic Games/4.14/Engine/Plugins/Slate/SlateRemote/SlateRemote.uplugin
LogPluginManager: Loaded Plugin EditorTests, From C:/Program Files (x86)/Epic Games/4.14/Engine/Plugins/Tests/EditorTests/EditorTests.uplugin
LogPluginManager: Loaded Plugin FbxAutomationTestBuilder, From C:/Program Files (x86)/Epic Games/4.14/Engine/Plugins/Tests/FbxAutomationTestBuilder/FbxAutomationTestBuilder.uplugin
LogPluginManager: Loaded Plugin FunctionalTestingEditor, From C:/Program Files (x86)/Epic Games/4.14/Engine/Plugins/Tests/FunctionalTestingEditor/FunctionalTestingEditor.uplugin
LogPluginManager: Loaded Plugin RuntimeTests, From C:/Program Files (x86)/Epic Games/4.14/Engine/Plugins/Tests/RuntimeTests/RuntimeTests.uplugin
LogPluginManager: Loaded Plugin ScreenshotTools, From C:/Program Files (x86)/Epic Games/4.14/Engine/Plugins/Tests/ScreenshotTools/ScreenshotTools.uplugin
LogInit: Using libcurl 7.47.1
LogInit:  - built for x86_64-pc-win32
LogInit:  - supports SSL with OpenSSL/1.0.2g
LogInit:  - supports HTTP deflate (compression) using libz 1.2.8
LogInit:  - other features:
LogInit:      CURL_VERSION_SSL
LogInit:      CURL_VERSION_LIBZ
LogInit:      CURL_VERSION_IPV6
LogInit:      CURL_VERSION_ASYNCHDNS
LogInit:      CURL_VERSION_LARGEFILE
LogInit:      CURL_VERSION_IDN
LogInit:  CurlRequestOptions (configurable via config and command line):
LogInit:  - bVerifyPeer = false  - Libcurl will NOT verify peer certificate
LogInit:  - bUseHttpProxy = false  - Libcurl will NOT use HTTP proxy
LogInit:  - bDontReuseConnections = false  - Libcurl will reuse connections
LogInit:  - CertBundlePath = nullptr  - Libcurl will use whatever was configured at build time.
LogOnline:Display: STEAM: Loading Steam SDK 1.32
LogInit: WinSock: version 1.1 (2.2), MaxSocks=32767, MaxUdp=65467
LogInit: Build: ++UE4+Release-4.14-CL-3195953
LogInit: Engine Version: 4.14.0-3195953+++UE4+Release-4.14
LogInit: Compatible Engine Version: 4.14.0-3195953+++UE4+Release-4.14
LogInit: Net CL: 3195953
LogDevObjectVersion: Number of dev versions registered: 13
LogDevObjectVersion:   Dev-Blueprints (B0D832E4-1F89-4F0D-ACCF-7EB736FD4AA2): 7
LogDevObjectVersion:   Dev-Build (E1C64328-A22C-4D53-A36C-8E866417BD8C): 0
LogDevObjectVersion:   Dev-Core (375EC13C-06E4-48FB-B500-84F0262A717E): 1
LogDevObjectVersion:   Dev-Editor (E4B068ED-F494-42E9-A231-DA0B2E46BB41): 8
LogDevObjectVersion:   Dev-Framework (CFFC743F-43B0-4480-9391-14DF171D2073): 17
LogDevObjectVersion:   Dev-Mobile (B02B49B5-BB20-44E9-A304-32B752E40360): 0
LogDevObjectVersion:   Dev-Networking (A4E4105C-59A1-49B5-A7C5-40C4547EDFEE): 0
LogDevObjectVersion:   Dev-Online (39C831C9-5AE6-47DC-9A44-9C173E1C8E7C): 0
LogDevObjectVersion:   Dev-Physics (78F01B33-EBEA-4F98-B9B4-84EACCB95AA2): 0
LogDevObjectVersion:   Dev-Platform (6631380F-2D4D-43E0-8009-CF276956A95A): 0
LogDevObjectVersion:   Dev-Rendering (12F88B9F-8875-4AFC-A67C-D90C383ABD29): 12
LogDevObjectVersion:   Dev-Sequencer (7B5AE74C-D270-4C10-A958-57980B212A5A): 1
LogDevObjectVersion:   Dev-VR (D7296918-1DD6-4BDD-9DE2-64A83CC13884): 0
LogInit: Compiled (64-bit): Nov 12 2016 02:14:10
LogInit: Compiled with Visual C++: 19.00.23026.00
LogInit: Build Configuration: Development
LogInit: Branch Name: ++UE4+Release-4.14
LogInit: Command line:  /Temp/Autosaves/Game/2DSideScrollerBP/Maps/UEDPCMainMenu2 -game -PIEVIACONSOLE -ResX=1280 -ResY=720  -Multiprocess -messaging -SessionName="Play in Standalone Game" -windowed 
LogInit: Base directory: C:/Program Files (x86)/Epic Games/4.14/Engine/Binaries/Win64/
LogInit: Installed Engine Build: 1
LogInit: Presizing for max 8388607 objects, including 0 objects not considered by GC, pre-allocating 0 bytes for permanent pool.
LogInit: Object subsystem initialized
[2016.12.09-01.08.53:649][  0]LogInit: Selected Device Profile: [Windows]
[2016.12.09-01.08.53:649][  0]LogInit: Applying CVar settings loaded from the selected device profile: [Windows]
[2016.12.09-01.08.53:655][  0]LogInit: Computer: WEAK
[2016.12.09-01.08.53:655][  0]LogInit: User: WhisperedLullaby
[2016.12.09-01.08.53:655][  0]LogInit: CPU Page size=65536, Cores=4
[2016.12.09-01.08.53:655][  0]LogInit: High frequency timer resolution =3.117186 MHz
[2016.12.09-01.08.53:655][  0]LogMemory: Memory total: Physical=15.9GB (16GB approx)
[2016.12.09-01.08.53:655][  0]LogMemory: Platform Memory Stats for Windows
[2016.12.09-01.08.53:655][  0]LogMemory: Process Physical Memory: 301.83 MB used, 301.83 MB peak
[2016.12.09-01.08.53:655][  0]LogMemory: Process Virtual Memory: 280.67 MB used, 280.67 MB peak
[2016.12.09-01.08.53:655][  0]LogMemory: Physical Memory: 8009.24 MB used,  8321.65 MB free, 16330.89 MB total
[2016.12.09-01.08.53:655][  0]LogMemory: Virtual Memory: 769.30 MB used,  8321.65 MB free, 134217728.00 MB total
[2016.12.09-01.08.53:682][  0]LogTextLocalizationManager: No specific translations for ('en-US') exist, so ('en') translations will be used.
[2016.12.09-01.08.54:252][  0]LogD3D11RHI: D3D11 adapters:
[2016.12.09-01.08.54:293][  0]LogD3D11RHI:    0. 'Radeon (TM) RX 480 Graphics' (Feature Level 11_0)
[2016.12.09-01.08.54:293][  0]LogD3D11RHI:       8140/0/8165 MB DedicatedVideo/DedicatedSystem/SharedSystem, Outputs:2, VendorId:0x1002
[2016.12.09-01.08.54:294][  0]LogD3D11RHI:    1. 'Microsoft Basic Render Driver' (Feature Level 11_0)
[2016.12.09-01.08.54:294][  0]LogD3D11RHI:       0/0/8165 MB DedicatedVideo/DedicatedSystem/SharedSystem, Outputs:0, VendorId:0x1414
[2016.12.09-01.08.54:294][  0]LogD3D11RHI: Chosen D3D11 Adapter: 0
[2016.12.09-01.08.54:303][  0]LogD3D11RHI: Creating new Direct3DDevice
[2016.12.09-01.08.54:303][  0]LogD3D11RHI:     GPU DeviceId: 0x67df (for the marketing name, search the web for "GPU Device Id")
[2016.12.09-01.08.54:303][  0]LogWindows: EnumDisplayDevices:
[2016.12.09-01.08.54:303][  0]LogWindows:    0. 'Radeon (TM) RX 480 Graphics' (P:1 D:1)
[2016.12.09-01.08.54:303][  0]LogWindows:    1. 'Radeon (TM) RX 480 Graphics' (P:0 D:1)
[2016.12.09-01.08.54:304][  0]LogWindows:    2. 'Radeon (TM) RX 480 Graphics' (P:0 D:0)
[2016.12.09-01.08.54:304][  0]LogWindows:    3. 'Radeon (TM) RX 480 Graphics' (P:0 D:0)
[2016.12.09-01.08.54:304][  0]LogWindows:    4. 'Radeon (TM) RX 480 Graphics' (P:0 D:0)
[2016.12.09-01.08.54:305][  0]LogWindows:    5. 'Radeon (TM) RX 480 Graphics' (P:0 D:0)
[2016.12.09-01.08.54:305][  0]LogWindows: DebugString: FoundDriverCount:6 
[2016.12.09-01.08.54:305][  0]LogD3D11RHI:     Adapter Name: Radeon (TM) RX 480 Graphics
[2016.12.09-01.08.54:305][  0]LogD3D11RHI:   Driver Version: Crimson 16.9.2 (internal:21.19.137.1, unified:21.19.137.1)
[2016.12.09-01.08.54:305][  0]LogD3D11RHI:      Driver Date: 9-16-2016
[2016.12.09-01.08.54:305][  0]LogRHI: Texture pool is 1361 MB (70% of 1945 MB)
[2016.12.09-01.08.54:326][  0]LogD3D11RHI: Async texture creation enabled
[2016.12.09-01.08.54:340][  0]LogD3D11RHI: GPU Timing Frequency: 25.000000 (Debug: 2 1)
[2016.12.09-01.08.54:341][  0]LogShaderCompilers: Guid format shader working directory is -22 characters bigger than the processId version (../../../../../../Users/WhisperedLullaby/Desktop/GameClone/NailBound/NailBound/Intermediate/Shaders/WorkingDirectory/21536/).
[2016.12.09-01.08.54:341][  0]LogShaderCompilers: Cleaned the shader compiler working directory 'C:/Users/WhisperedLullaby/AppData/Local/Temp/UnrealShaderWorkingDir/583B23B2463F2858480D25AF5C299D55/'.
[2016.12.09-01.08.54:341][  0]LogShaderCompilers:Display: Using Local Shader Compiler.
[2016.12.09-01.08.55:407][  0]LogTemp:Display: Loaded TP WindowsClientTargetPlatform
[2016.12.09-01.08.55:463][  0]LogTemp:Display: Loaded TP WindowsNoEditorTargetPlatform
[2016.12.09-01.08.55:519][  0]LogTemp:Display: Loaded TP WindowsServerTargetPlatform
[2016.12.09-01.08.55:566][  0]LogTemp:Display: Loaded TP WindowsTargetPlatform
[2016.12.09-01.08.55:566][  0]LogTargetPlatformManager:Display: Building Assets For Windows
[2016.12.09-01.08.55:996][  0]LogDerivedDataCache:Display: Max Cache Size: 512 MB
[2016.12.09-01.08.56:047][  0]LogDerivedDataCache: Loaded boot cache 0.05s 50MB C:/Users/WhisperedLullaby/AppData/Local/UnrealEngine/4.14/DerivedDataCache/Boot.ddc.
[2016.12.09-01.08.56:047][  0]LogDerivedDataCache:Display: Loaded Boot cache: C:/Users/WhisperedLullaby/AppData/Local/UnrealEngine/4.14/DerivedDataCache/Boot.ddc
[2016.12.09-01.08.56:047][  0]LogDerivedDataCache: FDerivedDataBackendGraph:  Pak pak cache file ../../../../../../Users/WhisperedLullaby/Desktop/GameClone/NailBound/NailBound/DerivedDataCache/DDC.ddp not found, will not use a pak cache.
[2016.12.09-01.08.56:047][  0]LogDerivedDataCache: Unable to find inner node Pak for hierarchical cache Hierarchy.
[2016.12.09-01.08.56:047][  0]LogDerivedDataCache: FDerivedDataBackendGraph:  CompressedPak pak cache file ../../../../../../Users/WhisperedLullaby/Desktop/GameClone/NailBound/NailBound/DerivedDataCache/Compressed.ddp not found, will not use a pak cache.
[2016.12.09-01.08.56:047][  0]LogDerivedDataCache: Unable to find inner node CompressedPak for hierarchical cache Hierarchy.
[2016.12.09-01.08.56:063][  0]LogDerivedDataCache:Display: Pak cache opened for reading ../../../Engine/DerivedDataCache/Compressed.ddp.
[2016.12.09-01.08.56:075][  0]LogDerivedDataCache: Using Local data cache path C:/Users/WhisperedLullaby/AppData/Local/UnrealEngine/Common/DerivedDataCache: Writable
[2016.12.09-01.08.56:350][  0]LogAssetRegistry: FAssetRegistry took 0.0001 seconds to start up
[2016.12.09-01.08.56:355][  0]LogPackageLocalizationCache: Processed 3 localized package path(s) for 2 prioritized culture(s) in 0.005404 seconds
[2016.12.09-01.08.56:372][  0]LogInit: Selected Device Profile: [Windows]
[2016.12.09-01.08.56:374][  0]LogContentStreaming: Texture pool size is 1000.00 MB
[2016.12.09-01.08.56:586][  0]LogMeshUtilities: Using QuadricMeshReduction for automatic static mesh reduction
[2016.12.09-01.08.56:633][  0]LogSimplygon: Simplygon DLL not present - disabling.
[2016.12.09-01.08.56:681][  0]LogMeshUtilities: Using SimplygonSwarm for distributed automatic mesh merging
[2016.12.09-01.08.56:681][  0]LogMeshUtilities: No automatic skeletal mesh reduction module available
[2016.12.09-01.08.56:681][  0]LogMeshUtilities: No automatic mesh merging module available
[2016.12.09-01.08.57:146][  0]LogNetVersion: GetLocalNetworkVersion: CL: 3195953, ProjectName: nailbound, ProjectVersion: , EngineNetworkVersion: 2, GameNetworkVersion: 0, NetworkChecksum: 3761550360
[2016.12.09-01.08.58:001][  0]LogSlate: Using Freetype 2.6.0
[2016.12.09-01.08.58:002][  0]LogSlate: SlateFontCache - WITH_FREETYPE: 1, WITH_HARFBUZZ: 1
[2016.12.09-01.08.58:002][  0]LogSlate: SlateFontCache - WITH_FREETYPE: 1, WITH_HARFBUZZ: 1
[2016.12.09-01.08.58:120][  0]LogMoviePlayer: Initializing movie player
[2016.12.09-01.08.58:184][  0]LogWindowsTextInputMethodSystem:Display: IME system now deactivated.
[2016.12.09-01.08.58:218][  0]LogWindowsMoviePlayer: Unable to load movie: ../../../../../../Users/WhisperedLullaby/Desktop/GameClone/NailBound/NailBound/Content/Movies/Default_Startup.mp4
[2016.12.09-01.08.58:402][  0]LogTcpMessaging: Initializing TcpMessaging bridge
[2016.12.09-01.08.58:440][  0]LogUdpMessaging: Initializing bridge on interface 0.0.0.0:0 to multicast group 230.0.0.1:6666.
[2016.12.09-01.08.58:582][  0]SourceControl: Info Source control is disabled
[2016.12.09-01.08.58:582][  0]SourceControl: Info Source control is disabled
[2016.12.09-01.08.58:630][  0]SourceControl: Info Source control is disabled
[2016.12.09-01.08.59:336][  0]LogUObjectArray: 33503 objects as part of root set at end of initial load.
[2016.12.09-01.08.59:336][  0]LogUObjectAllocator: 7631608 out of 0 bytes used by permanent object pool.
[2016.12.09-01.08.59:336][  0]LogUObjectArray: CloseDisregardForGC: 0/0 objects in disregard for GC pool
[2016.12.09-01.08.59:444][  0]LogEngine: Initializing Engine...
[2016.12.09-01.08.59:445][  0]LogHMD: Failed to initialize OpenVR with code 110
[2016.12.09-01.08.59:573][  0]LogInit: XAudio2 using 'Speakers (High Definition Audio Device)' : 2 channels at 44.1 kHz using 16 bits per sample (channel mask 0x3)
[2016.12.09-01.08.59:584][  0]LogInit: FAudioDevice initialized.
[2016.12.09-01.08.59:600][  0]LogInit: Texture streaming: Enabled
[2016.12.09-01.08.59:612][  0]LogMaterial: Uniform references updated for custom material expression Custom.
[2016.12.09-01.08.59:937][  0]LogProperty:Error: UStructProperty::Serialize Loading: Property 'StructProperty /Game/MainMenuUI/PlayerSettings.PlayerSettings_C:PlayerInfo'. Unknown structure.
[2016.12.09-01.08.59:937][  0]LogProperty:Error: UStructProperty::Serialize Loading: Property 'StructProperty /Game/2DSideScrollerBP/AllLevels/PlayerSaveGame.PlayerSaveGame_C:S_PlayerInfo'. Unknown structure.
[2016.12.09-01.08.59:938][  0]LogClass:Warning: Property S_PlayerInfo of S_PlayerInfo has a struct type mismatch (tag STRUCT_REINST_PlayerInfo_0 != prop FallbackStruct) in package:  ../../../../../../Users/WhisperedLullaby/Desktop/GameClone/NailBound/NailBound/Content/2DSideScrollerBP/AllLevels/PlayerSaveGame.uasset. If that struct got renamed, add an entry to ActiveStructRedirects.
[2016.12.09-01.08.59:939][  0]LogClass:Warning: Property S_PlayerInfo of S_PlayerInfo has a struct type mismatch (tag FallbackStruct != prop PlayerInfo) in package:  FObjectReader. If that struct got renamed, add an entry to ActiveStructRedirects.
[2016.12.09-01.08.59:989][  0]LogClass:Warning: Property PlayerInfo of PlayerInfo has a struct type mismatch (tag STRUCT_REINST_PlayerInfo_0 != prop FallbackStruct) in package:  ../../../../../../Users/WhisperedLullaby/Desktop/GameClone/NailBound/NailBound/Content/MainMenuUI/PlayerSettings.uasset. If that struct got renamed, add an entry to ActiveStructRedirects.
[2016.12.09-01.09.00:007][  0]LogClass:Warning: Property PlayerInfo of PlayerInfo has a struct type mismatch (tag FallbackStruct != prop PlayerInfo) in package:  FObjectReader. If that struct got renamed, add an entry to ActiveStructRedirects.
[2016.12.09-01.09.00:165][  0]LogInit:Display: Game Engine Initialized.
[2016.12.09-01.09.00:323][  0]LogInit:Display: Starting Game.
[2016.12.09-01.09.00:323][  0]LogNet: Browse: /Temp/Autosaves/Game/2DSideScrollerBP/Maps/UEDPCMainMenu2?Name=Player
[2016.12.09-01.09.00:323][  0]LogLoad: LoadMap: /Temp/Autosaves/Game/2DSideScrollerBP/Maps/UEDPCMainMenu2?Name=Player
[2016.12.09-01.09.00:344][  0]LogMemory: Platform Memory Stats for Windows
[2016.12.09-01.09.00:344][  0]LogMemory: Process Physical Memory: 682.68 MB used, 686.76 MB peak
[2016.12.09-01.09.00:344][  0]LogMemory: Process Virtual Memory: 765.29 MB used, 767.17 MB peak
[2016.12.09-01.09.00:344][  0]LogMemory: Physical Memory: 8348.75 MB used,  7982.14 MB free, 16330.89 MB total
[2016.12.09-01.09.00:344][  0]LogMemory: Virtual Memory: 1461.12 MB used,  7982.14 MB free, 134217728.00 MB total
[2016.12.09-01.09.00:344][  0]LogMemory: 
[2016.12.09-01.09.00:344][  0]Allocator Stats for TBB: (not implemented)
[2016.12.09-01.09.00:568][  0]LogLinker:Warning: Can't find file '/Paper2D/TranslucentUnlitSpriteMaterial'
[2016.12.09-01.09.00:568][  0]LoadErrors: Info Failed to load /Paper2D/TranslucentUnlitSpriteMaterial.TranslucentUnlitSpriteMaterial Referenced by rotator_Sprite
[2016.12.09-01.09.00:568][  0]LogUObjectGlobals:Warning: Failed to load '/Paper2D/TranslucentUnlitSpriteMaterial': Can't find file '/Paper2D/TranslucentUnlitSpriteMaterial'
[2016.12.09-01.09.00:568][  0]LogLinker:Warning: Can't find file for asset '/Paper2D/TranslucentUnlitSpriteMaterial' while loading NULL.
[2016.12.09-01.09.00:568][  0]LoadErrors: Info Failed to load /Paper2D/TranslucentUnlitSpriteMaterial.TranslucentUnlitSpriteMaterial Referenced by rotator_Sprite
[2016.12.09-01.09.00:568][  0]LogUObjectGlobals:Warning: Failed to load '/Paper2D/TranslucentUnlitSpriteMaterial': Can't find file for asset '/Paper2D/TranslucentUnlitSpriteMaterial' while loading NULL.
[2016.12.09-01.09.00:591][  0]LogLinker:Warning: Can't find file '/Paper2D/TranslucentUnlitSpriteMaterial'
[2016.12.09-01.09.00:591][  0]LoadErrors: Info Failed to load /Paper2D/TranslucentUnlitSpriteMaterial.TranslucentUnlitSpriteMaterial Referenced by ultimate_Sprite
[2016.12.09-01.09.00:591][  0]LogUObjectGlobals:Warning: Failed to load '/Paper2D/TranslucentUnlitSpriteMaterial': Can't find file '/Paper2D/TranslucentUnlitSpriteMaterial'
[2016.12.09-01.09.00:591][  0]LogLinker:Warning: Can't find file for asset '/Paper2D/TranslucentUnlitSpriteMaterial' while loading NULL.
[2016.12.09-01.09.00:591][  0]LoadErrors: Info Failed to load /Paper2D/TranslucentUnlitSpriteMaterial.TranslucentUnlitSpriteMaterial Referenced by ultimate_Sprite
[2016.12.09-01.09.00:591][  0]LogUObjectGlobals:Warning: Failed to load '/Paper2D/TranslucentUnlitSpriteMaterial': Can't find file for asset '/Paper2D/TranslucentUnlitSpriteMaterial' while loading NULL.
[2016.12.09-01.09.00:880][  0]LogAIModule: Creating AISystem for world MainMenu2
[2016.12.09-01.09.00:880][  0]LogLoad: Game class is 'GameplayGM_C'
[2016.12.09-01.09.00:881][  0]LogWorld: Bringing World /Temp/Autosaves/Game/2DSideScrollerBP/Maps/UEDPCMainMenu2.MainMenu2 up for play (max tick rate 0) at 2016.12.08-20.09.00
[2016.12.09-01.09.00:881][  0]LogWorld: Bringing up level for play took: 0.000566
[2016.12.09-01.09.00:886][  0]LogLoad: Took 0.562284 seconds to LoadMap(/Temp/Autosaves/Game/2DSideScrollerBP/Maps/UEDPCMainMenu2)
[2016.12.09-01.09.01:239][  0]LogLoad: (Engine Initialization) Total time: 9.46 seconds
[2016.12.09-01.09.01:239][  0]LogLoad: (Engine Initialization) Total Blueprint compile time: 0.28 seconds
[2016.12.09-01.09.01:239][  0]LogExternalProfiler: Found external profiler: VSPerf
[2016.12.09-01.09.01:239][  0]LogExternalProfiler: Using external profiler: VSPerf
[2016.12.09-01.09.01:256][  0]LogOcInput: OculusInput pre-init called
[2016.12.09-01.09.01:365][  2]LogRenderer: Reallocating scene render targets to support 1280x720 NumSamples 1 (Frame:2).
[2016.12.09-01.09.08:297][428]LogNetVersion: GetLocalNetworkVersion: CL: 3195953, ProjectName: nailbound, ProjectVersion: 1.0.0.0, EngineNetworkVersion: 2, GameNetworkVersion: 0, NetworkChecksum: 73830662
[2016.12.09-01.09.08:299][428]LogInit: WinSock: I am Weak (192.168.2.2:0)
[2016.12.09-01.09.08:580][428]LogPackageName: SearchForPackageOnDisk took   0.064s to resolve Lobby.umap.
[2016.12.09-01.09.08:642][428]LogPackageName: SearchForPackageOnDisk took   0.061s to resolve Lobby.umap.
[2016.12.09-01.09.08:642][428]LogNet: Browse: /Game/2DSideScrollerBP/Maps/Lobby?listen
[2016.12.09-01.09.08:642][428]LogLoad: LoadMap: /Game/2DSideScrollerBP/Maps/Lobby?listen
[2016.12.09-01.09.08:673][428]LogMemory: Platform Memory Stats for Windows
[2016.12.09-01.09.08:673][428]LogMemory: Process Physical Memory: 827.17 MB used, 899.34 MB peak
[2016.12.09-01.09.08:673][428]LogMemory: Process Virtual Memory: 1195.50 MB used, 1258.94 MB peak
[2016.12.09-01.09.08:673][428]LogMemory: Physical Memory: 8477.72 MB used,  7853.17 MB free, 16330.89 MB total
[2016.12.09-01.09.08:673][428]LogMemory: Virtual Memory: 1899.16 MB used,  7853.17 MB free, 134217728.00 MB total
[2016.12.09-01.09.08:673][428]LogMemory: 
[2016.12.09-01.09.08:673][428]Allocator Stats for TBB: (not implemented)
[2016.12.09-01.09.08:896][428]LogProperty:Error: UStructProperty::Serialize Loading: Property 'StructProperty /Game/LobbyUI/GameSettings.GameSettings_C:ExecuteUbergraph_GameSettings.CallFunc_Array_Get_Item'. Unknown structure.
[2016.12.09-01.09.08:958][428]LogProperty:Error: UStructProperty::Serialize Loading: Property 'StructProperty /Game/LobbyUI/ConnectedPlayer.ConnectedPlayer_C:PlayersInfo'. Unknown structure.
[2016.12.09-01.09.08:958][428]LogClass:Warning: Property PlayersInfo of PlayersInfo has a struct type mismatch (tag STRUCT_REINST_PlayerInfo_0 != prop FallbackStruct) in package:  ../../../../../../Users/WhisperedLullaby/Desktop/GameClone/NailBound/NailBound/Content/LobbyUI/ConnectedPlayer.uasset. If that struct got renamed, add an entry to ActiveStructRedirects.
[2016.12.09-01.09.08:962][428]LogClass:Warning: Property PlayersInfo of PlayersInfo has a struct type mismatch (tag FallbackStruct != prop PlayerInfo) in package:  FObjectReader. If that struct got renamed, add an entry to ActiveStructRedirects.
[2016.12.09-01.09.09:285][428]LogLinker:Warning: Can't find file '/Paper2D/TranslucentUnlitSpriteMaterial'
[2016.12.09-01.09.09:285][428]LoadErrors: Info Failed to load /Paper2D/TranslucentUnlitSpriteMaterial.TranslucentUnlitSpriteMaterial Referenced by rotator_Sprite
[2016.12.09-01.09.09:285][428]LogUObjectGlobals:Warning: Failed to load '/Paper2D/TranslucentUnlitSpriteMaterial': Can't find file '/Paper2D/TranslucentUnlitSpriteMaterial'
[2016.12.09-01.09.09:285][428]LogLinker:Warning: Can't find file for asset '/Paper2D/TranslucentUnlitSpriteMaterial' while loading NULL.
[2016.12.09-01.09.09:285][428]LoadErrors: Info Failed to load /Paper2D/TranslucentUnlitSpriteMaterial.TranslucentUnlitSpriteMaterial Referenced by rotator_Sprite
[2016.12.09-01.09.09:285][428]LogUObjectGlobals:Warning: Failed to load '/Paper2D/TranslucentUnlitSpriteMaterial': Can't find file for asset '/Paper2D/TranslucentUnlitSpriteMaterial' while loading NULL.
[2016.12.09-01.09.09:309][428]LogLinker:Warning: Can't find file '/Paper2D/TranslucentUnlitSpriteMaterial'
[2016.12.09-01.09.09:309][428]LoadErrors: Info Failed to load /Paper2D/TranslucentUnlitSpriteMaterial.TranslucentUnlitSpriteMaterial Referenced by ultimate_Sprite
[2016.12.09-01.09.09:309][428]LogUObjectGlobals:Warning: Failed to load '/Paper2D/TranslucentUnlitSpriteMaterial': Can't find file '/Paper2D/TranslucentUnlitSpriteMaterial'
[2016.12.09-01.09.09:309][428]LogLinker:Warning: Can't find file for asset '/Paper2D/TranslucentUnlitSpriteMaterial' while loading NULL.
[2016.12.09-01.09.09:309][428]LoadErrors: Info Failed to load /Paper2D/TranslucentUnlitSpriteMaterial.TranslucentUnlitSpriteMaterial Referenced by ultimate_Sprite
[2016.12.09-01.09.09:309][428]LogUObjectGlobals:Warning: Failed to load '/Paper2D/TranslucentUnlitSpriteMaterial': Can't find file for asset '/Paper2D/TranslucentUnlitSpriteMaterial' while loading NULL.
[2016.12.09-01.09.09:488][428]LogAIModule: Creating AISystem for world Lobby
[2016.12.09-01.09.09:490][428]LogLoad: Game class is 'LobbyGM_C'
[2016.12.09-01.09.09:490][428]LogNet:Display: SteamNetDriver_0 bound to port 7777
[2016.12.09-01.09.09:490][428]PacketHandlerLog: Loaded PacketHandler component: Engine.EngineHandlerComponentFactory (StatelessConnectHandlerComponent)
[2016.12.09-01.09.09:490][428]LogNet: GameNetDriver SteamNetDriver_0 IpNetDriver listening on port 7777
[2016.12.09-01.09.09:492][428]LogWorld: Bringing World /Game/2DSideScrollerBP/Maps/Lobby.Lobby up for play (max tick rate 0) at 2016.12.08-20.09.09
[2016.12.09-01.09.09:493][428]LogWorld: Bringing up level for play took: 0.001532
[2016.12.09-01.09.09:494][428]LogSpawn:Warning: SpawnActor failed because no class was specified
[2016.12.09-01.09.09:507][428]LogLoad: Took 0.865495 seconds to LoadMap(/Game/2DSideScrollerBP/Maps/Lobby)
[2016.12.09-01.09.28:771][615]LogWindowsTextInputMethodSystem:Display: IME system now deactivated.
[2016.12.09-01.09.28:773][615]LogWindowsTextInputMethodSystem:Display: IME system now deactivated.
[2016.12.09-01.09.28:774][615]LogEngine: All Windows Closed
[2016.12.09-01.09.28:774][615]LogWindows: FPlatformMisc::RequestExit(0)
[2016.12.09-01.09.28:774][616]LogMoviePlayer: Shutting down movie player
[2016.12.09-01.09.29:459][616]LogNet: World NetDriver shutdown SteamNetDriver_0 [GameNetDriver]
[2016.12.09-01.09.29:459][616]LogNet: DestroyNamedNetDriver SteamNetDriver_0 [GameNetDriver]
[2016.12.09-01.09.29:459][616]LogExit: GameNetDriver SteamNetDriver_0 shut down
[2016.12.09-01.09.29:460][616]LogExit: Preparing to exit.
