Log file open, 12/07/16 01:40:12
LogInit:Display: Running engine for game: NailBound
LogPlatformFile: Not using cached read wrapper
LogInit:Display: RandInit(-1299740580) SRandInit(-1299740580).
LogTaskGraph: Started task graph with 5 named threads and 8 total threads with 1 sets of task threads.
LogStats: Stats thread started at 0.077370
LogPluginManager: Loaded Plugin Paper2D, From C:/Program Files (x86)/Epic Games/4.14/Engine/Plugins/2D/Paper2D/Paper2D.uplugin
LogPluginManager: Loaded Plugin LightPropagationVolume, From C:/Program Files (x86)/Epic Games/4.14/Engine/Plugins/Blendables/LightPropagationVolume/LightPropagationVolume.uplugin
LogPluginManager: Loaded Plugin BlankPlugin, From C:/Program Files (x86)/Epic Games/4.14/Engine/Plugins/Developer/BlankPlugin/BlankPlugin.uplugin
LogPluginManager: Loaded Plugin CodeLiteSourceCodeAccess, From C:/Program Files (x86)/Epic Games/4.14/Engine/Plugins/Developer/CodeLiteSourceCodeAccess/CodeLiteSourceCodeAccess.uplugin
LogPluginManager: Loaded Plugin GitSourceControl, From C:/Program Files (x86)/Epic Games/4.14/Engine/Plugins/Developer/GitSourceControl/GitSourceControl.uplugin
LogPluginManager: Loaded Plugin KDevelopSourceCodeAccess, From C:/Program Files (x86)/Epic Games/4.14/Engine/Plugins/Developer/KDevelopSourceCodeAccess/KDevelopSourceCodeAccess.uplugin
LogPluginManager: Loaded Plugin NullSourceCodeAccess, From C:/Program Files (x86)/Epic Games/4.14/Engine/Plugins/Developer/NullSourceCodeAccess/NullSourceCodeAccess.uplugin
LogPluginManager: Loaded Plugin OneSkyLocalizationService, From C:/Program Files (x86)/Epic Games/4.14/Engine/Plugins/Developer/OneSkyLocalizationService/OneSkyLocalizationService.uplugin
LogPluginManager: Loaded Plugin PerforceSourceControl, From C:/Program Files (x86)/Epic Games/4.14/Engine/Plugins/Developer/PerforceSourceControl/PerforceSourceControl.uplugin
LogPluginManager: Loaded Plugin SubversionSourceControl, From C:/Program Files (x86)/Epic Games/4.14/Engine/Plugins/Developer/SubversionSourceControl/SubversionSourceControl.uplugin
LogPluginManager: Loaded Plugin UObjectPlugin, From C:/Program Files (x86)/Epic Games/4.14/Engine/Plugins/Developer/UObjectPlugin/UObjectPlugin.uplugin
LogPluginManager: Loaded Plugin VisualStudioSourceCodeAccess, From C:/Program Files (x86)/Epic Games/4.14/Engine/Plugins/Developer/VisualStudioSourceCodeAccess/VisualStudioSourceCodeAccess.uplugin
LogPluginManager: Loaded Plugin XCodeSourceCodeAccess, From C:/Program Files (x86)/Epic Games/4.14/Engine/Plugins/Developer/XCodeSourceCodeAccess/XCodeSourceCodeAccess.uplugin
LogPluginManager: Loaded Plugin AudioCapture, From C:/Program Files (x86)/Epic Games/4.14/Engine/Plugins/Editor/AudioCapture/AudioCapture.uplugin
LogPluginManager: Loaded Plugin EpicSurvey, From C:/Program Files (x86)/Epic Games/4.14/Engine/Plugins/Editor/EpicSurvey/EpicSurvey.uplugin
LogPluginManager: Loaded Plugin MacGraphicsSwitching, From C:/Program Files (x86)/Epic Games/4.14/Engine/Plugins/Editor/MacGraphicsSwitching/MacGraphicsSwitching.uplugin
LogPluginManager: Loaded Plugin MobileLauncherProfileWizard, From C:/Program Files (x86)/Epic Games/4.14/Engine/Plugins/Editor/MobileLauncherProfileWizard/MobileLauncherProfileWizard.uplugin
LogPluginManager: Loaded Plugin PluginBrowser, From C:/Program Files (x86)/Epic Games/4.14/Engine/Plugins/Editor/PluginBrowser/PluginBrowser.uplugin
LogPluginManager: Loaded Plugin SpeedTreeImporter, From C:/Program Files (x86)/Epic Games/4.14/Engine/Plugins/Editor/SpeedTreeImporter/SpeedTreeImporter.uplugin
LogPluginManager: Loaded Plugin SuperSearchEditor, From C:/Program Files (x86)/Epic Games/4.14/Engine/Plugins/Editor/SuperSearchEditor/SuperSearchEditor.uplugin
LogPluginManager: Loaded Plugin AlembicImporter, From C:/Program Files (x86)/Epic Games/4.14/Engine/Plugins/Experimental/AlembicImporter/AlembicImporter.uplugin
LogPluginManager: Loaded Plugin BlueprintStats, From C:/Program Files (x86)/Epic Games/4.14/Engine/Plugins/Experimental/BlueprintStats/BlueprintStats.uplugin
LogPluginManager: Loaded Plugin CharacterAI, From C:/Program Files (x86)/Epic Games/4.14/Engine/Plugins/Experimental/CharacterAI/CharacterAI.uplugin
LogPluginManager: Loaded Plugin CodeEditor, From C:/Program Files (x86)/Epic Games/4.14/Engine/Plugins/Experimental/CodeEditor/CodeEditor.uplugin
LogPluginManager: Loaded Plugin CodeView, From C:/Program Files (x86)/Epic Games/4.14/Engine/Plugins/Experimental/CodeView/CodeView.uplugin
LogPluginManager: Loaded Plugin HTML5Networking, From C:/Program Files (x86)/Epic Games/4.14/Engine/Plugins/Experimental/HTML5Networking/HTML5Networking.uplugin
LogPluginManager: Loaded Plugin OSVR, From C:/Program Files (x86)/Epic Games/4.14/Engine/Plugins/Experimental/OSVR/OSVR.uplugin
LogPluginManager: Loaded Plugin Phya, From C:/Program Files (x86)/Epic Games/4.14/Engine/Plugins/Experimental/Phya/Phya.uplugin
LogPluginManager: Loaded Plugin SignificanceManager, From C:/Program Files (x86)/Epic Games/4.14/Engine/Plugins/Experimental/SignificanceManager/SignificanceManager.uplugin
LogPluginManager: Loaded Plugin SimpleHMD, From C:/Program Files (x86)/Epic Games/4.14/Engine/Plugins/Experimental/SimpleHMD/SimpleHMD.uplugin
LogPluginManager: Loaded Plugin StereoPanorama, From C:/Program Files (x86)/Epic Games/4.14/Engine/Plugins/Experimental/StereoPanorama/StereoPanorama.uplugin
LogPluginManager: Loaded Plugin StructBox, From C:/Program Files (x86)/Epic Games/4.14/Engine/Plugins/Experimental/StructBox/StructBox.uplugin
LogPluginManager: Loaded Plugin AndroidMedia, From C:/Program Files (x86)/Epic Games/4.14/Engine/Plugins/Media/AndroidMedia/AndroidMedia.uplugin
LogPluginManager: Loaded Plugin AvfMedia, From C:/Program Files (x86)/Epic Games/4.14/Engine/Plugins/Media/AvfMedia/AvfMedia.uplugin
LogPluginManager: Loaded Plugin MediaPlayerEditor, From C:/Program Files (x86)/Epic Games/4.14/Engine/Plugins/Media/MediaPlayerEditor/MediaPlayerEditor.uplugin
LogPluginManager: Loaded Plugin WmfMedia, From C:/Program Files (x86)/Epic Games/4.14/Engine/Plugins/Media/WmfMedia/WmfMedia.uplugin
LogPluginManager: Loaded Plugin MessagingDebugger, From C:/Program Files (x86)/Epic Games/4.14/Engine/Plugins/Messaging/MessagingDebugger/MessagingDebugger.uplugin
LogPluginManager: Loaded Plugin TcpMessaging, From C:/Program Files (x86)/Epic Games/4.14/Engine/Plugins/Messaging/TcpMessaging/TcpMessaging.uplugin
LogPluginManager: Loaded Plugin UdpMessaging, From C:/Program Files (x86)/Epic Games/4.14/Engine/Plugins/Messaging/UdpMessaging/UdpMessaging.uplugin
LogPluginManager: Loaded Plugin LevelSequenceEditor, From C:/Program Files (x86)/Epic Games/4.14/Engine/Plugins/MovieScene/LevelSequenceEditor/LevelSequenceEditor.uplugin
LogPluginManager: Loaded Plugin MatineeToLevelSequence, From C:/Program Files (x86)/Epic Games/4.14/Engine/Plugins/MovieScene/MatineeToLevelSequence/MatineeToLevelSequence.uplugin
LogPluginManager: Loaded Plugin NetcodeUnitTest, From C:/Program Files (x86)/Epic Games/4.14/Engine/Plugins/NetcodeUnitTest/NetcodeUnitTest/NetcodeUnitTest.uplugin
LogPluginManager: Loaded Plugin NUTUnrealEngine4, From C:/Program Files (x86)/Epic Games/4.14/Engine/Plugins/NetcodeUnitTest/NUTUnrealEngine4/NUTUnrealEngine4.uplugin
LogPluginManager: Loaded Plugin OnlineSubsystemGameCircle, From C:/Program Files (x86)/Epic Games/4.14/Engine/Plugins/Online/Android/OnlineSubsystemGameCircle/OnlineSubsystemGameCircle.uplugin
LogPluginManager: Loaded Plugin OnlineSubsystemGooglePlay, From C:/Program Files (x86)/Epic Games/4.14/Engine/Plugins/Online/Android/OnlineSubsystemGooglePlay/OnlineSubsystemGooglePlay.uplugin
LogPluginManager: Loaded Plugin OnlineSubsystemIOS, From C:/Program Files (x86)/Epic Games/4.14/Engine/Plugins/Online/IOS/OnlineSubsystemIOS/OnlineSubsystemIOS.uplugin
LogPluginManager: Loaded Plugin OnlineFramework, From C:/Program Files (x86)/Epic Games/4.14/Engine/Plugins/Online/OnlineFramework/OnlineFramework.uplugin
LogPluginManager: Loaded Plugin OnlineSubsystem, From C:/Program Files (x86)/Epic Games/4.14/Engine/Plugins/Online/OnlineSubsystem/OnlineSubsystem.uplugin
LogPluginManager: Loaded Plugin OnlineSubsystemAmazon, From C:/Program Files (x86)/Epic Games/4.14/Engine/Plugins/Online/OnlineSubsystemAmazon/OnlineSubsystemAmazon.uplugin
LogPluginManager: Loaded Plugin OnlineSubsystemFacebook, From C:/Program Files (x86)/Epic Games/4.14/Engine/Plugins/Online/OnlineSubsystemFacebook/OnlineSubsystemFacebook.uplugin
LogPluginManager: Loaded Plugin OnlineSubsystemNull, From C:/Program Files (x86)/Epic Games/4.14/Engine/Plugins/Online/OnlineSubsystemNull/OnlineSubsystemNull.uplugin
LogPluginManager: Loaded Plugin OnlineSubsystemOculus, From C:/Program Files (x86)/Epic Games/4.14/Engine/Plugins/Online/OnlineSubsystemOculus/OnlineSubsystemOculus.uplugin
LogPluginManager: Loaded Plugin OnlineSubsystemSteam, From C:/Program Files (x86)/Epic Games/4.14/Engine/Plugins/Online/OnlineSubsystemSteam/OnlineSubsystemSteam.uplugin
LogPluginManager: Loaded Plugin OnlineSubsystemUtils, From C:/Program Files (x86)/Epic Games/4.14/Engine/Plugins/Online/OnlineSubsystemUtils/OnlineSubsystemUtils.uplugin
LogPluginManager: Loaded Plugin IOSTapJoy, From C:/Program Files (x86)/Epic Games/4.14/Engine/Plugins/Runtime/Advertising/IOSTapJoy/IOSTapJoy.uplugin
LogPluginManager: Loaded Plugin AnalyticsBlueprintLibrary, From C:/Program Files (x86)/Epic Games/4.14/Engine/Plugins/Runtime/Analytics/AnalyticsBlueprintLibrary/AnalyticsBlueprintLibrary.uplugin
LogPluginManager: Loaded Plugin AnalyticsMulticast, From C:/Program Files (x86)/Epic Games/4.14/Engine/Plugins/Runtime/Analytics/AnalyticsMulticast/AnalyticsMulticast.uplugin
LogPluginManager: Loaded Plugin Apsalar, From C:/Program Files (x86)/Epic Games/4.14/Engine/Plugins/Runtime/Analytics/Apsalar/Apsalar.uplugin
LogPluginManager: Loaded Plugin FileLogging, From C:/Program Files (x86)/Epic Games/4.14/Engine/Plugins/Runtime/Analytics/FileLogging/FileLogging.uplugin
LogPluginManager: Loaded Plugin Flurry, From C:/Program Files (x86)/Epic Games/4.14/Engine/Plugins/Runtime/Analytics/Flurry/Flurry.uplugin
LogPluginManager: Loaded Plugin AndroidDeviceProfileSelector, From C:/Program Files (x86)/Epic Games/4.14/Engine/Plugins/Runtime/AndroidDeviceProfileSelector/AndroidDeviceProfileSelector.uplugin
LogPluginManager: Loaded Plugin AndroidMoviePlayer, From C:/Program Files (x86)/Epic Games/4.14/Engine/Plugins/Runtime/AndroidMoviePlayer/AndroidMoviePlayer.uplugin
LogPluginManager: Loaded Plugin AppleMoviePlayer, From C:/Program Files (x86)/Epic Games/4.14/Engine/Plugins/Runtime/AppleMoviePlayer/AppleMoviePlayer.uplugin
LogPluginManager: Loaded Plugin ArchVisCharacter, From C:/Program Files (x86)/Epic Games/4.14/Engine/Plugins/Runtime/ArchVisCharacter/ArchVisCharacter.uplugin
LogPluginManager: Loaded Plugin CableComponent, From C:/Program Files (x86)/Epic Games/4.14/Engine/Plugins/Runtime/CableComponent/CableComponent.uplugin
LogPluginManager: Loaded Plugin CustomMeshComponent, From C:/Program Files (x86)/Epic Games/4.14/Engine/Plugins/Runtime/CustomMeshComponent/CustomMeshComponent.uplugin
LogPluginManager: Loaded Plugin ExampleDeviceProfileSelector, From C:/Program Files (x86)/Epic Games/4.14/Engine/Plugins/Runtime/ExampleDeviceProfileSelector/ExampleDeviceProfileSelector.uplugin
LogPluginManager: Loaded Plugin GearVR, From C:/Program Files (x86)/Epic Games/4.14/Engine/Plugins/Runtime/GearVR/GearVR.uplugin
LogPluginManager: Loaded Plugin GoogleVRController, From C:/Program Files (x86)/Epic Games/4.14/Engine/Plugins/Runtime/GoogleVR/GoogleVRController/GoogleVRController.uplugin
LogPluginManager: Loaded Plugin GoogleVRHMD, From C:/Program Files (x86)/Epic Games/4.14/Engine/Plugins/Runtime/GoogleVR/GoogleVRHMD/GoogleVRHMD.uplugin
LogPluginManager: Loaded Plugin IOSDeviceProfileSelector, From C:/Program Files (x86)/Epic Games/4.14/Engine/Plugins/Runtime/IOSDeviceProfileSelector/IOSDeviceProfileSelector.uplugin
LogPluginManager: Loaded Plugin LeapMotion, From C:/Program Files (x86)/Epic Games/4.14/Engine/Plugins/Runtime/LeapMotion/LeapMotion.uplugin
LogPluginManager: Loaded Plugin LinuxDeviceProfileSelector, From C:/Program Files (x86)/Epic Games/4.14/Engine/Plugins/Runtime/LinuxDeviceProfileSelector/LinuxDeviceProfileSelector.uplugin
LogPluginManager: Loaded Plugin MIDIDevice, From C:/Program Files (x86)/Epic Games/4.14/Engine/Plugins/Runtime/MIDIDevice/MIDIDevice.uplugin
LogPluginManager: Loaded Plugin MobilePatchingUtils, From C:/Program Files (x86)/Epic Games/4.14/Engine/Plugins/Runtime/MobilePatchingUtils/MobilePatchingUtils.uplugin
LogPluginManager: Loaded Plugin Ansel, From C:/Program Files (x86)/Epic Games/4.14/Engine/Plugins/Runtime/Nvidia/Ansel/Ansel.uplugin
LogPluginManager: Loaded Plugin OculusAudio, From C:/Program Files (x86)/Epic Games/4.14/Engine/Plugins/Runtime/OculusAudio/OculusAudio.uplugin
LogPluginManager: Loaded Plugin OculusInput, From C:/Program Files (x86)/Epic Games/4.14/Engine/Plugins/Runtime/OculusInput/OculusInput.uplugin
LogPluginManager: Loaded Plugin OculusLibrary, From C:/Program Files (x86)/Epic Games/4.14/Engine/Plugins/Runtime/OculusLibrary/OculusLibrary.uplugin
LogPluginManager: Loaded Plugin OculusRift, From C:/Program Files (x86)/Epic Games/4.14/Engine/Plugins/Runtime/OculusRift/OculusRift.uplugin
LogPluginManager: Loaded Plugin Oodle, From C:/Program Files (x86)/Epic Games/4.14/Engine/Plugins/Runtime/PacketHandlers/CompressionComponents/Oodle/Oodle.uplugin
LogPluginManager: Loaded Plugin ProceduralMeshComponent, From C:/Program Files (x86)/Epic Games/4.14/Engine/Plugins/Runtime/ProceduralMeshComponent/ProceduralMeshComponent.uplugin
LogPluginManager: Loaded Plugin SoundMod, From C:/Program Files (x86)/Epic Games/4.14/Engine/Plugins/Runtime/SoundMod/SoundMod.uplugin
LogPluginManager: Loaded Plugin SoundVisualizations, From C:/Program Files (x86)/Epic Games/4.14/Engine/Plugins/Runtime/SoundVisualizations/SoundVisualizations.uplugin
LogPluginManager: Loaded Plugin SteamController, From C:/Program Files (x86)/Epic Games/4.14/Engine/Plugins/Runtime/Steam/SteamController/SteamController.uplugin
LogPluginManager: Loaded Plugin SteamVR, From C:/Program Files (x86)/Epic Games/4.14/Engine/Plugins/Runtime/Steam/SteamVR/SteamVR.uplugin
LogPluginManager: Loaded Plugin WebBrowserWidget, From C:/Program Files (x86)/Epic Games/4.14/Engine/Plugins/Runtime/WebBrowserWidget/WebBrowserWidget.uplugin
LogPluginManager: Loaded Plugin WindowsDeviceProfileSelector, From C:/Program Files (x86)/Epic Games/4.14/Engine/Plugins/Runtime/WindowsDeviceProfileSelector/WindowsDeviceProfileSelector.uplugin
LogPluginManager: Loaded Plugin WindowsMoviePlayer, From C:/Program Files (x86)/Epic Games/4.14/Engine/Plugins/Runtime/WindowsMoviePlayer/WindowsMoviePlayer.uplugin
LogPluginManager: Loaded Plugin ScriptPlugin, From C:/Program Files (x86)/Epic Games/4.14/Engine/Plugins/ScriptPlugin/ScriptPlugin.uplugin
LogPluginManager: Loaded Plugin SlateRemote, From C:/Program Files (x86)/Epic Games/4.14/Engine/Plugins/Slate/SlateRemote/SlateRemote.uplugin
LogPluginManager: Loaded Plugin EditorTests, From C:/Program Files (x86)/Epic Games/4.14/Engine/Plugins/Tests/EditorTests/EditorTests.uplugin
LogPluginManager: Loaded Plugin FbxAutomationTestBuilder, From C:/Program Files (x86)/Epic Games/4.14/Engine/Plugins/Tests/FbxAutomationTestBuilder/FbxAutomationTestBuilder.uplugin
LogPluginManager: Loaded Plugin FunctionalTestingEditor, From C:/Program Files (x86)/Epic Games/4.14/Engine/Plugins/Tests/FunctionalTestingEditor/FunctionalTestingEditor.uplugin
LogPluginManager: Loaded Plugin RuntimeTests, From C:/Program Files (x86)/Epic Games/4.14/Engine/Plugins/Tests/RuntimeTests/RuntimeTests.uplugin
LogPluginManager: Loaded Plugin ScreenshotTools, From C:/Program Files (x86)/Epic Games/4.14/Engine/Plugins/Tests/ScreenshotTools/ScreenshotTools.uplugin
LogInit: Using libcurl 7.47.1
LogInit:  - built for x86_64-pc-win32
LogInit:  - supports SSL with OpenSSL/1.0.2g
LogInit:  - supports HTTP deflate (compression) using libz 1.2.8
LogInit:  - other features:
LogInit:      CURL_VERSION_SSL
LogInit:      CURL_VERSION_LIBZ
LogInit:      CURL_VERSION_IPV6
LogInit:      CURL_VERSION_ASYNCHDNS
LogInit:      CURL_VERSION_LARGEFILE
LogInit:      CURL_VERSION_IDN
LogInit:  CurlRequestOptions (configurable via config and command line):
LogInit:  - bVerifyPeer = false  - Libcurl will NOT verify peer certificate
LogInit:  - bUseHttpProxy = false  - Libcurl will NOT use HTTP proxy
LogInit:  - bDontReuseConnections = false  - Libcurl will reuse connections
LogInit:  - CertBundlePath = nullptr  - Libcurl will use whatever was configured at build time.
LogOnline:Display: STEAM: Loading Steam SDK 1.32
LogInit: WinSock: version 1.1 (2.2), MaxSocks=32767, MaxUdp=65467
LogInit: Build: ++UE4+Release-4.14-CL-3195953
LogInit: Engine Version: 4.14.0-3195953+++UE4+Release-4.14
LogInit: Compatible Engine Version: 4.14.0-3195953+++UE4+Release-4.14
LogInit: Net CL: 3195953
LogDevObjectVersion: Number of dev versions registered: 13
LogDevObjectVersion:   Dev-Blueprints (B0D832E4-1F89-4F0D-ACCF-7EB736FD4AA2): 7
LogDevObjectVersion:   Dev-Build (E1C64328-A22C-4D53-A36C-8E866417BD8C): 0
LogDevObjectVersion:   Dev-Core (375EC13C-06E4-48FB-B500-84F0262A717E): 1
LogDevObjectVersion:   Dev-Editor (E4B068ED-F494-42E9-A231-DA0B2E46BB41): 8
LogDevObjectVersion:   Dev-Framework (CFFC743F-43B0-4480-9391-14DF171D2073): 17
LogDevObjectVersion:   Dev-Mobile (B02B49B5-BB20-44E9-A304-32B752E40360): 0
LogDevObjectVersion:   Dev-Networking (A4E4105C-59A1-49B5-A7C5-40C4547EDFEE): 0
LogDevObjectVersion:   Dev-Online (39C831C9-5AE6-47DC-9A44-9C173E1C8E7C): 0
LogDevObjectVersion:   Dev-Physics (78F01B33-EBEA-4F98-B9B4-84EACCB95AA2): 0
LogDevObjectVersion:   Dev-Platform (6631380F-2D4D-43E0-8009-CF276956A95A): 0
LogDevObjectVersion:   Dev-Rendering (12F88B9F-8875-4AFC-A67C-D90C383ABD29): 12
LogDevObjectVersion:   Dev-Sequencer (7B5AE74C-D270-4C10-A958-57980B212A5A): 1
LogDevObjectVersion:   Dev-VR (D7296918-1DD6-4BDD-9DE2-64A83CC13884): 0
LogInit: Compiled (64-bit): Nov 12 2016 02:14:10
LogInit: Compiled with Visual C++: 19.00.23026.00
LogInit: Build Configuration: Development
LogInit: Branch Name: ++UE4+Release-4.14
LogInit: Command line:  /Temp/Autosaves/Game/2DSideScrollerBP/Maps/UEDPCMainMenu2 -game -PIEVIACONSOLE -ResX=1280 -ResY=720  -Multiprocess -messaging -SessionName="Play in Standalone Game" -windowed 
LogInit: Base directory: C:/Program Files (x86)/Epic Games/4.14/Engine/Binaries/Win64/
LogInit: Installed Engine Build: 1
LogInit: Presizing for max 8388607 objects, including 0 objects not considered by GC, pre-allocating 0 bytes for permanent pool.
LogInit: Object subsystem initialized
[2016.12.07-06.40.13:513][  0]LogInit: Selected Device Profile: [Windows]
[2016.12.07-06.40.13:513][  0]LogInit: Applying CVar settings loaded from the selected device profile: [Windows]
[2016.12.07-06.40.13:517][  0]LogInit: Computer: WEAK
[2016.12.07-06.40.13:517][  0]LogInit: User: WhisperedLullaby
[2016.12.07-06.40.13:517][  0]LogInit: CPU Page size=65536, Cores=4
[2016.12.07-06.40.13:517][  0]LogInit: High frequency timer resolution =3.117186 MHz
[2016.12.07-06.40.13:517][  0]LogMemory: Memory total: Physical=15.9GB (16GB approx)
[2016.12.07-06.40.13:517][  0]LogMemory: Platform Memory Stats for Windows
[2016.12.07-06.40.13:517][  0]LogMemory: Process Physical Memory: 301.42 MB used, 301.42 MB peak
[2016.12.07-06.40.13:517][  0]LogMemory: Process Virtual Memory: 280.28 MB used, 280.28 MB peak
[2016.12.07-06.40.13:517][  0]LogMemory: Physical Memory: 8916.49 MB used,  7414.40 MB free, 16330.89 MB total
[2016.12.07-06.40.13:517][  0]LogMemory: Virtual Memory: 769.29 MB used,  7414.40 MB free, 134217728.00 MB total
[2016.12.07-06.40.13:545][  0]LogTextLocalizationManager: No specific translations for ('en-US') exist, so ('en') translations will be used.
[2016.12.07-06.40.14:028][  0]LogD3D11RHI: D3D11 adapters:
[2016.12.07-06.40.14:055][  0]LogD3D11RHI:    0. 'Radeon (TM) RX 480 Graphics' (Feature Level 11_0)
[2016.12.07-06.40.14:055][  0]LogD3D11RHI:       8140/0/8165 MB DedicatedVideo/DedicatedSystem/SharedSystem, Outputs:2, VendorId:0x1002
[2016.12.07-06.40.14:057][  0]LogD3D11RHI:    1. 'Microsoft Basic Render Driver' (Feature Level 11_0)
[2016.12.07-06.40.14:057][  0]LogD3D11RHI:       0/0/8165 MB DedicatedVideo/DedicatedSystem/SharedSystem, Outputs:0, VendorId:0x1414
[2016.12.07-06.40.14:057][  0]LogD3D11RHI: Chosen D3D11 Adapter: 0
[2016.12.07-06.40.14:067][  0]LogD3D11RHI: Creating new Direct3DDevice
[2016.12.07-06.40.14:068][  0]LogD3D11RHI:     GPU DeviceId: 0x67df (for the marketing name, search the web for "GPU Device Id")
[2016.12.07-06.40.14:068][  0]LogWindows: EnumDisplayDevices:
[2016.12.07-06.40.14:068][  0]LogWindows:    0. 'Radeon (TM) RX 480 Graphics' (P:1 D:1)
[2016.12.07-06.40.14:068][  0]LogWindows:    1. 'Radeon (TM) RX 480 Graphics' (P:0 D:1)
[2016.12.07-06.40.14:070][  0]LogWindows:    2. 'Radeon (TM) RX 480 Graphics' (P:0 D:0)
[2016.12.07-06.40.14:071][  0]LogWindows:    3. 'Radeon (TM) RX 480 Graphics' (P:0 D:0)
[2016.12.07-06.40.14:071][  0]LogWindows:    4. 'Radeon (TM) RX 480 Graphics' (P:0 D:0)
[2016.12.07-06.40.14:071][  0]LogWindows:    5. 'Radeon (TM) RX 480 Graphics' (P:0 D:0)
[2016.12.07-06.40.14:071][  0]LogWindows: DebugString: FoundDriverCount:6 
[2016.12.07-06.40.14:071][  0]LogD3D11RHI:     Adapter Name: Radeon (TM) RX 480 Graphics
[2016.12.07-06.40.14:071][  0]LogD3D11RHI:   Driver Version: Crimson 16.9.2 (internal:21.19.137.1, unified:21.19.137.1)
[2016.12.07-06.40.14:071][  0]LogD3D11RHI:      Driver Date: 9-16-2016
[2016.12.07-06.40.14:071][  0]LogRHI: Texture pool is 1361 MB (70% of 1945 MB)
[2016.12.07-06.40.14:092][  0]LogD3D11RHI: Async texture creation enabled
[2016.12.07-06.40.14:104][  0]LogD3D11RHI: GPU Timing Frequency: 25.000000 (Debug: 2 1)
[2016.12.07-06.40.14:105][  0]LogShaderCompilers: Guid format shader working directory is -22 characters bigger than the processId version (../../../../../../Users/WhisperedLullaby/Desktop/GameClone/NailBound/NailBound/Intermediate/Shaders/WorkingDirectory/27912/).
[2016.12.07-06.40.14:105][  0]LogShaderCompilers: Cleaned the shader compiler working directory 'C:/Users/WhisperedLullaby/AppData/Local/Temp/UnrealShaderWorkingDir/6025054F4CE0A08663D4E694A4A939CD/'.
[2016.12.07-06.40.14:105][  0]LogShaderCompilers:Display: Using Local Shader Compiler.
[2016.12.07-06.40.15:098][  0]LogTemp:Display: Loaded TP WindowsClientTargetPlatform
[2016.12.07-06.40.15:151][  0]LogTemp:Display: Loaded TP WindowsNoEditorTargetPlatform
[2016.12.07-06.40.15:322][  0]LogTemp:Display: Loaded TP WindowsServerTargetPlatform
[2016.12.07-06.40.15:368][  0]LogTemp:Display: Loaded TP WindowsTargetPlatform
[2016.12.07-06.40.15:368][  0]LogTargetPlatformManager:Display: Building Assets For Windows
[2016.12.07-06.40.15:790][  0]LogDerivedDataCache:Display: Max Cache Size: 512 MB
[2016.12.07-06.40.15:837][  0]LogDerivedDataCache: Loaded boot cache 0.05s 50MB C:/Users/WhisperedLullaby/AppData/Local/UnrealEngine/4.14/DerivedDataCache/Boot.ddc.
[2016.12.07-06.40.15:837][  0]LogDerivedDataCache:Display: Loaded Boot cache: C:/Users/WhisperedLullaby/AppData/Local/UnrealEngine/4.14/DerivedDataCache/Boot.ddc
[2016.12.07-06.40.15:837][  0]LogDerivedDataCache: FDerivedDataBackendGraph:  Pak pak cache file ../../../../../../Users/WhisperedLullaby/Desktop/GameClone/NailBound/NailBound/DerivedDataCache/DDC.ddp not found, will not use a pak cache.
[2016.12.07-06.40.15:837][  0]LogDerivedDataCache: Unable to find inner node Pak for hierarchical cache Hierarchy.
[2016.12.07-06.40.15:837][  0]LogDerivedDataCache: FDerivedDataBackendGraph:  CompressedPak pak cache file ../../../../../../Users/WhisperedLullaby/Desktop/GameClone/NailBound/NailBound/DerivedDataCache/Compressed.ddp not found, will not use a pak cache.
[2016.12.07-06.40.15:837][  0]LogDerivedDataCache: Unable to find inner node CompressedPak for hierarchical cache Hierarchy.
[2016.12.07-06.40.15:852][  0]LogDerivedDataCache:Display: Pak cache opened for reading ../../../Engine/DerivedDataCache/Compressed.ddp.
[2016.12.07-06.40.15:864][  0]LogDerivedDataCache: Using Local data cache path C:/Users/WhisperedLullaby/AppData/Local/UnrealEngine/Common/DerivedDataCache: Writable
[2016.12.07-06.40.16:113][  0]LogAssetRegistry: FAssetRegistry took 0.0001 seconds to start up
[2016.12.07-06.40.16:119][  0]LogPackageLocalizationCache: Processed 3 localized package path(s) for 2 prioritized culture(s) in 0.005449 seconds
[2016.12.07-06.40.16:134][  0]LogInit: Selected Device Profile: [Windows]
[2016.12.07-06.40.16:136][  0]LogContentStreaming: Texture pool size is 1000.00 MB
[2016.12.07-06.40.16:329][  0]LogMeshUtilities: Using QuadricMeshReduction for automatic static mesh reduction
[2016.12.07-06.40.16:372][  0]LogSimplygon: Simplygon DLL not present - disabling.
[2016.12.07-06.40.16:522][  0]LogMeshUtilities: Using SimplygonSwarm for distributed automatic mesh merging
[2016.12.07-06.40.16:522][  0]LogMeshUtilities: No automatic skeletal mesh reduction module available
[2016.12.07-06.40.16:522][  0]LogMeshUtilities: No automatic mesh merging module available
[2016.12.07-06.40.16:942][  0]LogNetVersion: GetLocalNetworkVersion: CL: 3195953, ProjectName: nailbound, ProjectVersion: , EngineNetworkVersion: 2, GameNetworkVersion: 0, NetworkChecksum: 3761550360
[2016.12.07-06.40.17:731][  0]LogSlate: Using Freetype 2.6.0
[2016.12.07-06.40.17:732][  0]LogSlate: SlateFontCache - WITH_FREETYPE: 1, WITH_HARFBUZZ: 1
[2016.12.07-06.40.17:732][  0]LogSlate: SlateFontCache - WITH_FREETYPE: 1, WITH_HARFBUZZ: 1
[2016.12.07-06.40.17:842][  0]LogMoviePlayer: Initializing movie player
[2016.12.07-06.40.17:922][  0]LogWindowsMoviePlayer: Unable to load movie: ../../../../../../Users/WhisperedLullaby/Desktop/GameClone/NailBound/NailBound/Content/Movies/Default_Startup.mp4
[2016.12.07-06.40.18:083][  0]LogTcpMessaging: Initializing TcpMessaging bridge
[2016.12.07-06.40.18:120][  0]LogUdpMessaging: Initializing bridge on interface 0.0.0.0:0 to multicast group 230.0.0.1:6666.
[2016.12.07-06.40.18:263][  0]SourceControl: Info Source control is disabled
[2016.12.07-06.40.18:263][  0]SourceControl: Info Source control is disabled
[2016.12.07-06.40.18:307][  0]SourceControl: Info Source control is disabled
[2016.12.07-06.40.18:969][  0]LogUObjectArray: 33503 objects as part of root set at end of initial load.
[2016.12.07-06.40.18:969][  0]LogUObjectAllocator: 7631608 out of 0 bytes used by permanent object pool.
[2016.12.07-06.40.18:969][  0]LogUObjectArray: CloseDisregardForGC: 0/0 objects in disregard for GC pool
[2016.12.07-06.40.19:069][  0]LogEngine: Initializing Engine...
[2016.12.07-06.40.19:069][  0]LogHMD: Failed to initialize OpenVR with code 110
[2016.12.07-06.40.19:188][  0]LogInit: XAudio2 using 'Speakers (High Definition Audio Device)' : 2 channels at 44.1 kHz using 16 bits per sample (channel mask 0x3)
[2016.12.07-06.40.19:198][  0]LogInit: FAudioDevice initialized.
[2016.12.07-06.40.19:215][  0]LogInit: Texture streaming: Enabled
[2016.12.07-06.40.19:227][  0]LogMaterial: Uniform references updated for custom material expression Custom.
[2016.12.07-06.40.19:756][  0]LogInit:Display: Game Engine Initialized.
[2016.12.07-06.40.19:905][  0]LogInit:Display: Starting Game.
[2016.12.07-06.40.19:905][  0]LogNet: Browse: /Temp/Autosaves/Game/2DSideScrollerBP/Maps/UEDPCMainMenu2?Name=Player
[2016.12.07-06.40.19:906][  0]LogLoad: LoadMap: /Temp/Autosaves/Game/2DSideScrollerBP/Maps/UEDPCMainMenu2?Name=Player
[2016.12.07-06.40.19:929][  0]LogMemory: Platform Memory Stats for Windows
[2016.12.07-06.40.19:929][  0]LogMemory: Process Physical Memory: 683.21 MB used, 683.62 MB peak
[2016.12.07-06.40.19:929][  0]LogMemory: Process Virtual Memory: 778.07 MB used, 778.07 MB peak
[2016.12.07-06.40.19:929][  0]LogMemory: Physical Memory: 9239.20 MB used,  7091.70 MB free, 16330.89 MB total
[2016.12.07-06.40.19:929][  0]LogMemory: Virtual Memory: 1474.03 MB used,  7091.70 MB free, 134217728.00 MB total
[2016.12.07-06.40.19:929][  0]LogMemory: 
[2016.12.07-06.40.19:929][  0]Allocator Stats for TBB: (not implemented)
[2016.12.07-06.40.20:183][  0]LogLinker:Warning: Can't find file '/Paper2D/TranslucentUnlitSpriteMaterial'
[2016.12.07-06.40.20:183][  0]LoadErrors: Info Failed to load /Paper2D/TranslucentUnlitSpriteMaterial.TranslucentUnlitSpriteMaterial Referenced by rotator_Sprite
[2016.12.07-06.40.20:183][  0]LogUObjectGlobals:Warning: Failed to load '/Paper2D/TranslucentUnlitSpriteMaterial': Can't find file '/Paper2D/TranslucentUnlitSpriteMaterial'
[2016.12.07-06.40.20:183][  0]LogLinker:Warning: Can't find file for asset '/Paper2D/TranslucentUnlitSpriteMaterial' while loading NULL.
[2016.12.07-06.40.20:183][  0]LoadErrors: Info Failed to load /Paper2D/TranslucentUnlitSpriteMaterial.TranslucentUnlitSpriteMaterial Referenced by rotator_Sprite
[2016.12.07-06.40.20:183][  0]LogUObjectGlobals:Warning: Failed to load '/Paper2D/TranslucentUnlitSpriteMaterial': Can't find file for asset '/Paper2D/TranslucentUnlitSpriteMaterial' while loading NULL.
[2016.12.07-06.40.20:189][  0]LogLinker:Warning: Can't find file '/Paper2D/TranslucentUnlitSpriteMaterial'
[2016.12.07-06.40.20:189][  0]LoadErrors: Info Failed to load /Paper2D/TranslucentUnlitSpriteMaterial.TranslucentUnlitSpriteMaterial Referenced by anglebar_Sprite
[2016.12.07-06.40.20:189][  0]LogUObjectGlobals:Warning: Failed to load '/Paper2D/TranslucentUnlitSpriteMaterial': Can't find file '/Paper2D/TranslucentUnlitSpriteMaterial'
[2016.12.07-06.40.20:190][  0]LogLinker:Warning: Can't find file for asset '/Paper2D/TranslucentUnlitSpriteMaterial' while loading NULL.
[2016.12.07-06.40.20:190][  0]LoadErrors: Info Failed to load /Paper2D/TranslucentUnlitSpriteMaterial.TranslucentUnlitSpriteMaterial Referenced by anglebar_Sprite
[2016.12.07-06.40.20:190][  0]LogUObjectGlobals:Warning: Failed to load '/Paper2D/TranslucentUnlitSpriteMaterial': Can't find file for asset '/Paper2D/TranslucentUnlitSpriteMaterial' while loading NULL.
[2016.12.07-06.40.20:193][  0]LogLinker:Warning: Can't find file '/Paper2D/TranslucentUnlitSpriteMaterial'
[2016.12.07-06.40.20:193][  0]LoadErrors: Info Failed to load /Paper2D/TranslucentUnlitSpriteMaterial.TranslucentUnlitSpriteMaterial Referenced by ultimate_Sprite
[2016.12.07-06.40.20:193][  0]LogUObjectGlobals:Warning: Failed to load '/Paper2D/TranslucentUnlitSpriteMaterial': Can't find file '/Paper2D/TranslucentUnlitSpriteMaterial'
[2016.12.07-06.40.20:193][  0]LogLinker:Warning: Can't find file for asset '/Paper2D/TranslucentUnlitSpriteMaterial' while loading NULL.
[2016.12.07-06.40.20:194][  0]LoadErrors: Info Failed to load /Paper2D/TranslucentUnlitSpriteMaterial.TranslucentUnlitSpriteMaterial Referenced by ultimate_Sprite
[2016.12.07-06.40.20:194][  0]LogUObjectGlobals:Warning: Failed to load '/Paper2D/TranslucentUnlitSpriteMaterial': Can't find file for asset '/Paper2D/TranslucentUnlitSpriteMaterial' while loading NULL.
[2016.12.07-06.40.20:497][  0]LogAIModule: Creating AISystem for world MainMenu2
[2016.12.07-06.40.20:498][  0]LogLoad: Game class is 'GameplayGM_C'
[2016.12.07-06.40.20:502][  0]LogWorld: Bringing World /Temp/Autosaves/Game/2DSideScrollerBP/Maps/UEDPCMainMenu2.MainMenu2 up for play (max tick rate 0) at 2016.12.07-01.40.20
[2016.12.07-06.40.20:503][  0]LogWorld: Bringing up level for play took: 0.003169
[2016.12.07-06.40.20:532][  0]LogLoad: Took 0.625269 seconds to LoadMap(/Temp/Autosaves/Game/2DSideScrollerBP/Maps/UEDPCMainMenu2)
[2016.12.07-06.40.20:882][  0]LogLoad: (Engine Initialization) Total time: 9.16 seconds
[2016.12.07-06.40.20:882][  0]LogLoad: (Engine Initialization) Total Blueprint compile time: 0.29 seconds
[2016.12.07-06.40.20:882][  0]LogExternalProfiler: Found external profiler: VSPerf
[2016.12.07-06.40.20:882][  0]LogExternalProfiler: Using external profiler: VSPerf
[2016.12.07-06.40.20:899][  0]LogOcInput: OculusInput pre-init called
[2016.12.07-06.40.20:977][  0]LogBlueprintUserMessages: [MainHud_C_0] Fuel is300.0
[2016.12.07-06.40.20:977][  0]LogBlueprintUserMessages: [MainHud_C_0] Fuel is300.0
[2016.12.07-06.40.20:991][  1]LogBlueprintUserMessages: [MainHud_C_0] Fuel is299.971252
[2016.12.07-06.40.21:010][  2]LogRenderer: Reallocating scene render targets to support 1280x720 NumSamples 1 (Frame:2).
[2016.12.07-06.40.21:072][  2]LogBlueprintUserMessages: [MainHud_C_0] Fuel is299.856628
[2016.12.07-06.40.21:087][  3]LogBlueprintUserMessages: [MainHud_C_0] Fuel is299.71936
[2016.12.07-06.40.21:103][  4]LogBlueprintUserMessages: [MainHud_C_0] Fuel is299.557404
[2016.12.07-06.40.21:119][  5]LogBlueprintUserMessages: [MainHud_C_0] Fuel is299.368713
[2016.12.07-06.40.21:135][  6]LogBlueprintUserMessages: [MainHud_C_0] Fuel is299.151276
[2016.12.07-06.40.21:151][  7]LogBlueprintUserMessages: [MainHud_C_0] Fuel is298.903015
[2016.12.07-06.40.21:167][  8]LogBlueprintUserMessages: [MainHud_C_0] Fuel is298.621918
[2016.12.07-06.40.21:184][  9]LogBlueprintUserMessages: [MainHud_C_0] Fuel is298.305939
[2016.12.07-06.40.21:200][ 10]LogBlueprintUserMessages: [MainHud_C_0] Fuel is297.953033
[2016.12.07-06.40.21:216][ 11]LogBlueprintUserMessages: [MainHud_C_0] Fuel is297.561188
[2016.12.07-06.40.21:232][ 12]LogBlueprintUserMessages: [MainHud_C_0] Fuel is297.128326
[2016.12.07-06.40.21:248][ 13]LogBlueprintUserMessages: [MainHud_C_0] Fuel is296.652435
[2016.12.07-06.40.21:264][ 14]LogBlueprintUserMessages: [MainHud_C_0] Fuel is296.13147
[2016.12.07-06.40.21:281][ 15]LogBlueprintUserMessages: [MainHud_C_0] Fuel is295.563385
[2016.12.07-06.40.21:297][ 16]LogBlueprintUserMessages: [MainHud_C_0] Fuel is294.946106
[2016.12.07-06.40.21:313][ 17]LogBlueprintUserMessages: [MainHud_C_0] Fuel is294.277618
[2016.12.07-06.40.21:329][ 18]LogBlueprintUserMessages: [MainHud_C_0] Fuel is293.555878
[2016.12.07-06.40.21:345][ 19]LogBlueprintUserMessages: [MainHud_C_0] Fuel is292.77887
[2016.12.07-06.40.21:361][ 20]LogBlueprintUserMessages: [MainHud_C_0] Fuel is291.944519
[2016.12.07-06.40.21:377][ 21]LogBlueprintUserMessages: [MainHud_C_0] Fuel is291.050812
[2016.12.07-06.40.21:394][ 22]LogBlueprintUserMessages: [MainHud_C_0] Fuel is290.095703
[2016.12.07-06.40.21:410][ 23]LogBlueprintUserMessages: [MainHud_C_0] Fuel is289.077118
[2016.12.07-06.40.21:426][ 24]LogBlueprintUserMessages: [MainHud_C_0] Fuel is287.993042
[2016.12.07-06.40.21:442][ 25]LogBlueprintUserMessages: [MainHud_C_0] Fuel is286.841431
[2016.12.07-06.40.21:458][ 26]LogBlueprintUserMessages: [MainHud_C_0] Fuel is285.62027
[2016.12.07-06.40.21:474][ 27]LogBlueprintUserMessages: [MainHud_C_0] Fuel is284.327515
[2016.12.07-06.40.21:491][ 28]LogBlueprintUserMessages: [MainHud_C_0] Fuel is282.961121
[2016.12.07-06.40.21:506][ 29]LogBlueprintUserMessages: [MainHud_C_0] Fuel is281.519043
[2016.12.07-06.40.21:523][ 30]LogBlueprintUserMessages: [MainHud_C_0] Fuel is279.999237
[2016.12.07-06.40.21:539][ 31]LogBlueprintUserMessages: [MainHud_C_0] Fuel is278.399689
[2016.12.07-06.40.21:555][ 32]LogBlueprintUserMessages: [MainHud_C_0] Fuel is276.718323
[2016.12.07-06.40.21:571][ 33]LogBlueprintUserMessages: [MainHud_C_0] Fuel is274.953125
[2016.12.07-06.40.21:587][ 34]LogBlueprintUserMessages: [MainHud_C_0] Fuel is273.102051
[2016.12.07-06.40.21:604][ 35]LogBlueprintUserMessages: [MainHud_C_0] Fuel is271.162994
[2016.12.07-06.40.21:620][ 36]LogBlueprintUserMessages: [MainHud_C_0] Fuel is269.133972
[2016.12.07-06.40.21:636][ 37]LogBlueprintUserMessages: [MainHud_C_0] Fuel is267.01297
[2016.12.07-06.40.21:652][ 38]LogBlueprintUserMessages: [MainHud_C_0] Fuel is264.797913
[2016.12.07-06.40.21:668][ 39]LogBlueprintUserMessages: [MainHud_C_0] Fuel is262.486786
[2016.12.07-06.40.21:684][ 40]LogBlueprintUserMessages: [MainHud_C_0] Fuel is260.077301
[2016.12.07-06.40.21:700][ 41]LogBlueprintUserMessages: [MainHud_C_0] Fuel is257.567657
[2016.12.07-06.40.21:716][ 42]LogBlueprintUserMessages: [MainHud_C_0] Fuel is254.955811
[2016.12.07-06.40.21:732][ 43]LogBlueprintUserMessages: [MainHud_C_0] Fuel is252.239731
[2016.12.07-06.40.21:748][ 44]LogBlueprintUserMessages: [MainHud_C_0] Fuel is249.417374
[2016.12.07-06.40.21:765][ 45]LogBlueprintUserMessages: [MainHud_C_0] Fuel is246.486694
[2016.12.07-06.40.21:781][ 46]LogBlueprintUserMessages: [MainHud_C_0] Fuel is243.445648
[2016.12.07-06.40.21:797][ 47]LogBlueprintUserMessages: [MainHud_C_0] Fuel is240.292206
[2016.12.07-06.40.21:813][ 48]LogBlueprintUserMessages: [MainHud_C_0] Fuel is237.024323
[2016.12.07-06.40.21:829][ 49]LogBlueprintUserMessages: [MainHud_C_0] Fuel is233.639954
[2016.12.07-06.40.21:845][ 50]LogBlueprintUserMessages: [MainHud_C_0] Fuel is230.13707
[2016.12.07-06.40.21:861][ 51]LogBlueprintUserMessages: [MainHud_C_0] Fuel is226.513641
[2016.12.07-06.40.21:878][ 52]LogBlueprintUserMessages: [MainHud_C_0] Fuel is222.767426
[2016.12.07-06.40.21:894][ 53]LogBlueprintUserMessages: [MainHud_C_0] Fuel is218.896576
[2016.12.07-06.40.21:910][ 54]LogBlueprintUserMessages: [MainHud_C_0] Fuel is214.899048
[2016.12.07-06.40.21:926][ 55]LogBlueprintUserMessages: [MainHud_C_0] Fuel is210.772797
[2016.12.07-06.40.21:942][ 56]LogBlueprintUserMessages: [MainHud_C_0] Fuel is206.515793
[2016.12.07-06.40.21:958][ 57]LogBlueprintUserMessages: [MainHud_C_0] Fuel is202.125992
[2016.12.07-06.40.21:974][ 58]LogBlueprintUserMessages: [MainHud_C_0] Fuel is197.601349
[2016.12.07-06.40.21:990][ 59]LogBlueprintUserMessages: [MainHud_C_0] Fuel is192.939835
[2016.12.07-06.40.22:007][ 60]LogBlueprintUserMessages: [MainHud_C_0] Fuel is188.139404
[2016.12.07-06.40.22:023][ 61]LogBlueprintUserMessages: [MainHud_C_0] Fuel is183.198013
[2016.12.07-06.40.22:039][ 62]LogBlueprintUserMessages: [MainHud_C_0] Fuel is178.113632
[2016.12.07-06.40.22:055][ 63]LogBlueprintUserMessages: [MainHud_C_0] Fuel is172.884216
[2016.12.07-06.40.22:071][ 64]LogBlueprintUserMessages: [MainHud_C_0] Fuel is167.507721
[2016.12.07-06.40.22:087][ 65]LogBlueprintUserMessages: [MainHud_C_0] Fuel is161.982117
[2016.12.07-06.40.22:103][ 66]LogBlueprintUserMessages: [MainHud_C_0] Fuel is156.305359
[2016.12.07-06.40.22:120][ 67]LogBlueprintUserMessages: [MainHud_C_0] Fuel is150.475403
[2016.12.07-06.40.22:135][ 68]LogBlueprintUserMessages: [MainHud_C_0] Fuel is144.490219
[2016.12.07-06.40.22:152][ 69]LogBlueprintUserMessages: [MainHud_C_0] Fuel is138.347702
[2016.12.07-06.40.22:168][ 70]LogBlueprintUserMessages: [MainHud_C_0] Fuel is132.045883
[2016.12.07-06.40.22:184][ 71]LogBlueprintUserMessages: [MainHud_C_0] Fuel is125.582703
[2016.12.07-06.40.22:200][ 72]LogBlueprintUserMessages: [MainHud_C_0] Fuel is118.956131
[2016.12.07-06.40.22:216][ 73]LogBlueprintUserMessages: [MainHud_C_0] Fuel is112.164131
[2016.12.07-06.40.22:233][ 74]LogBlueprintUserMessages: [MainHud_C_0] Fuel is105.204659
[2016.12.07-06.40.22:248][ 75]LogBlueprintUserMessages: [MainHud_C_0] Fuel is98.075676
[2016.12.07-06.40.22:265][ 76]LogBlueprintUserMessages: [MainHud_C_0] Fuel is90.775139
[2016.12.07-06.40.22:281][ 77]LogBlueprintUserMessages: [MainHud_C_0] Fuel is83.301018
[2016.12.07-06.40.22:297][ 78]LogBlueprintUserMessages: [MainHud_C_0] Fuel is75.65126
[2016.12.07-06.40.22:313][ 79]LogBlueprintUserMessages: [MainHud_C_0] Fuel is67.823837
[2016.12.07-06.40.22:329][ 80]LogBlueprintUserMessages: [MainHud_C_0] Fuel is59.816704
[2016.12.07-06.40.22:454][ 81]LogWindowsTextInputMethodSystem:Display: IME system now deactivated.
[2016.12.07-06.40.22:461][ 81]LogEngine: All Windows Closed
[2016.12.07-06.40.22:461][ 81]LogWindows: FPlatformMisc::RequestExit(0)
[2016.12.07-06.40.22:462][ 82]LogMoviePlayer: Shutting down movie player
[2016.12.07-06.40.23:077][ 82]LogExit: Preparing to exit.
[2016.12.07-06.40.24:204][ 82]LogExit: Game engine shut down
[2016.12.07-06.40.24:289][ 82]LogObj: Freed 0b from 0 cluster array pools.
[2016.12.07-06.40.24:289][ 82]LogExit: Object subsystem successfully closed.
[2016.12.07-06.40.24:309][ 82]LogD3D11RHI: Shutdown
[2016.12.07-06.40.24:309][ 82]LogD3D11RHI: CleanupD3DDevice
[2016.12.07-06.40.24:366][ 82]LogD3D11RHI: ~FD3D11DynamicRHI
[2016.12.07-06.40.24:395][ 82]LogModuleManager: Shutting down and abandoning module SequenceRecorderSections (126)
[2016.12.07-06.40.24:395][ 82]LogModuleManager: Shutting down and abandoning module SequenceRecorder (125)
[2016.12.07-06.40.24:395][ 82]LogModuleManager: Shutting down and abandoning module AutomationController (124)
[2016.12.07-06.40.24:396][ 82]LogModuleManager: Shutting down and abandoning module AutomationWorker (123)
[2016.12.07-06.40.24:396][ 82]LogModuleManager: Shutting down and abandoning module GameplayDebugger (122)
[2016.12.07-06.40.24:397][ 82]LogModuleManager: Shutting down and abandoning module AITestSuite (121)
[2016.12.07-06.40.24:397][ 82]LogModuleManager: Shutting down and abandoning module AIModule (120)
[2016.12.07-06.40.24:397][ 82]LogModuleManager: Shutting down and abandoning module WmfMediaFactory (119)
[2016.12.07-06.40.24:397][ 82]LogModuleManager: Shutting down and abandoning module AvfMediaFactory (118)
[2016.12.07-06.40.24:397][ 82]LogModuleManager: Shutting down and abandoning module Media (117)
[2016.12.07-06.40.24:397][ 82]LogModuleManager: Shutting down and abandoning module AndroidMediaFactory (116)
[2016.12.07-06.40.24:397][ 82]LogModuleManager: Shutting down and abandoning module CharacterAI (115)
[2016.12.07-06.40.24:397][ 82]LogModuleManager: Shutting down and abandoning module SessionServices (114)
[2016.12.07-06.40.24:397][ 82]LogModuleManager: Shutting down and abandoning module MovieSceneCapture (113)
[2016.12.07-06.40.24:397][ 82]LogModuleManager: Shutting down and abandoning module GeometryCacheEd (112)
[2016.12.07-06.40.24:397][ 82]LogModuleManager: Shutting down and abandoning module GeometryCache (111)
[2016.12.07-06.40.24:397][ 82]LogModuleManager: Shutting down and abandoning module Niagara (110)
[2016.12.07-06.40.24:397][ 82]LogModuleManager: Shutting down and abandoning module StreamingPauseRendering (109)
[2016.12.07-06.40.24:397][ 82]LogModuleManager: Shutting down and abandoning module PortalServices (108)
[2016.12.07-06.40.24:397][ 82]LogModuleManager: Shutting down and abandoning module PortalRpc (107)
[2016.12.07-06.40.24:397][ 82]LogModuleManager: Shutting down and abandoning module MessagingRpc (106)
[2016.12.07-06.40.24:397][ 82]LogModuleManager: Shutting down and abandoning module ProfilerService (105)
[2016.12.07-06.40.24:539][ 82]LogModuleManager: Shutting down and abandoning module TaskGraph (104)
[2016.12.07-06.40.24:540][ 82]LogModuleManager: Shutting down and abandoning module SlateRemote (103)
[2016.12.07-06.40.24:540][ 82]LogModuleManager: Shutting down and abandoning module SteamVRController (102)
[2016.12.07-06.40.24:540][ 82]LogModuleManager: Shutting down and abandoning module SteamVR (101)
[2016.12.07-06.40.24:540][ 82]LogModuleManager: Shutting down and abandoning module ProceduralMeshComponent (100)
[2016.12.07-06.40.24:540][ 82]LogModuleManager: Shutting down and abandoning module OculusLibrary (99)
[2016.12.07-06.40.24:540][ 82]LogModuleManager: Shutting down and abandoning module OculusInput (98)
[2016.12.07-06.40.24:540][ 82]LogModuleManager: Shutting down and abandoning module MobilePatchingUtils (97)
[2016.12.07-06.40.24:540][ 82]LogModuleManager: Shutting down and abandoning module CustomMeshComponent (96)
[2016.12.07-06.40.24:540][ 82]LogModuleManager: Shutting down and abandoning module CableComponent (95)
[2016.12.07-06.40.24:540][ 82]LogModuleManager: Shutting down and abandoning module ArchVisCharacter (94)
[2016.12.07-06.40.24:540][ 82]LogModuleManager: Shutting down and abandoning module HTML5Networking (92)
[2016.12.07-06.40.24:540][ 82]LogModuleManager: Shutting down and abandoning module DesktopPlatform (91)
[2016.12.07-06.40.24:541][ 82]LogModuleManager: Shutting down and abandoning module DirectoryWatcher (90)
[2016.12.07-06.40.24:541][ 82]LogModuleManager: Shutting down and abandoning module HotReload (89)
[2016.12.07-06.40.24:541][ 82]LogModuleManager: Shutting down and abandoning module VisualStudioSourceCodeAccess (88)
[2016.12.07-06.40.24:541][ 82]LogModuleManager: Shutting down and abandoning module UObjectPlugin (87)
[2016.12.07-06.40.24:541][ 82]LogModuleManager: Shutting down and abandoning module SubversionSourceControl (86)
[2016.12.07-06.40.24:542][ 82]LogModuleManager: Shutting down and abandoning module SourceControl (85)
[2016.12.07-06.40.24:542][ 82]LogModuleManager: Shutting down and abandoning module PerforceSourceControl (84)
[2016.12.07-06.40.24:543][ 82]LogModuleManager: Shutting down and abandoning module UdpMessaging (83)
[2016.12.07-06.40.24:643][ 82]LogModuleManager: Shutting down and abandoning module TcpMessaging (82)
[2016.12.07-06.40.25:085][ 82]LogModuleManager: Shutting down and abandoning module LightPropagationVolumeRuntime (81)
[2016.12.07-06.40.25:085][ 82]LogModuleManager: Shutting down and abandoning module Paper2D (80)
[2016.12.07-06.40.25:085][ 82]LogModuleManager: Shutting down and abandoning module WindowsMoviePlayer (79)
[2016.12.07-06.40.25:085][ 82]LogModuleManager: Shutting down and abandoning module WmfMedia (78)
[2016.12.07-06.40.25:086][ 82]LogModuleManager: Shutting down and abandoning module MediaAssets (77)
[2016.12.07-06.40.25:086][ 82]LogModuleManager: Shutting down and abandoning module GameLiveStreaming (76)
[2016.12.07-06.40.25:086][ 82]LogModuleManager: Shutting down and abandoning module GameplayTagsEditor (75)
[2016.12.07-06.40.25:087][ 82]LogModuleManager: Shutting down and abandoning module VREditor (74)
[2016.12.07-06.40.25:087][ 82]LogModuleManager: Shutting down and abandoning module GameplayTasksEditor (73)
[2016.12.07-06.40.25:087][ 82]LogModuleManager: Shutting down and abandoning module BehaviorTreeEditor (72)
[2016.12.07-06.40.25:088][ 82]LogModuleManager: Shutting down and abandoning module FunctionalTesting (71)
[2016.12.07-06.40.25:088][ 82]LogModuleManager: Shutting down and abandoning module CollisionAnalyzer (70)
[2016.12.07-06.40.25:089][ 82]LogModuleManager: Shutting down and abandoning module Sequencer (69)
[2016.12.07-06.40.25:089][ 82]LogModuleManager: Shutting down and abandoning module WorkspaceMenuStructure (68)
[2016.12.07-06.40.25:089][ 82]LogModuleManager: Shutting down and abandoning module MessageLog (67)
[2016.12.07-06.40.25:089][ 82]LogModuleManager: Shutting down and abandoning module AssetTools (66)
[2016.12.07-06.40.25:091][ 82]LogModuleManager: Shutting down and abandoning module UMGEditor (65)
[2016.12.07-06.40.25:091][ 82]LogModuleManager: Shutting down and abandoning module UMG (64)
[2016.12.07-06.40.25:091][ 82]LogModuleManager: Shutting down and abandoning module SlateReflector (63)
[2016.12.07-06.40.25:092][ 82]LogModuleManager: Shutting down and abandoning module Slate (62)
[2016.12.07-06.40.25:092][ 82]LogModuleManager: Shutting down and abandoning module EditorStyle (61)
[2016.12.07-06.40.25:094][ 82]LogModuleManager: Shutting down and abandoning module Messaging (60)
[2016.12.07-06.40.25:094][ 82]LogModuleManager: Shutting down and abandoning module SourceCodeAccess (59)
[2016.12.07-06.40.25:094][ 82]LogModuleManager: Shutting down and abandoning module HeadMountedDisplay (58)
[2016.12.07-06.40.25:094][ 82]LogModuleManager: Shutting down and abandoning module XAudio2 (57)
[2016.12.07-06.40.25:094][ 82]LogModuleManager: Shutting down and abandoning module Networking (56)
[2016.12.07-06.40.25:094][ 82]LogModuleManager: Shutting down and abandoning module Core (55)
[2016.12.07-06.40.25:094][ 82]LogModuleManager: Shutting down and abandoning module KismetCompiler (54)
[2016.12.07-06.40.25:094][ 82]LogModuleManager: Shutting down and abandoning module PhysXFormats (53)
[2016.12.07-06.40.25:094][ 82]LogModuleManager: Shutting down and abandoning module SimplygonSwarm (52)
[2016.12.07-06.40.25:095][ 82]LogModuleManager: Shutting down and abandoning module SimplygonMeshReduction (51)
[2016.12.07-06.40.25:095][ 82]LogModuleManager: Shutting down and abandoning module QuadricMeshReduction (50)
[2016.12.07-06.40.25:095][ 82]LogModuleManager: Shutting down and abandoning module PropertyEditor (49)
[2016.12.07-06.40.25:095][ 82]LogModuleManager: Shutting down and abandoning module MeshUtilities (48)
[2016.12.07-06.40.25:096][ 82]LogModuleManager: Shutting down and abandoning module AssetRegistry (47)
[2016.12.07-06.40.25:097][ 82]LogModuleManager: Shutting down and abandoning module DerivedDataCache (46)
[2016.12.07-06.40.25:360][ 82]LogDerivedDataCache: Shutdown
[2016.12.07-06.40.25:360][ 82]LogModuleManager: Shutting down and abandoning module VulkanShaderFormat (45)
[2016.12.07-06.40.25:360][ 82]LogModuleManager: Shutting down and abandoning module ShaderFormatOpenGL (44)
[2016.12.07-06.40.25:361][ 82]LogModuleManager: Shutting down and abandoning module ShaderFormatD3D (43)
[2016.12.07-06.40.25:361][ 82]LogModuleManager: Shutting down and abandoning module MetalShaderFormat (42)
[2016.12.07-06.40.25:361][ 82]LogModuleManager: Shutting down and abandoning module TextureFormatUncompressed (41)
[2016.12.07-06.40.25:361][ 82]LogModuleManager: Shutting down and abandoning module TextureFormatPVR (40)
[2016.12.07-06.40.25:361][ 82]LogModuleManager: Shutting down and abandoning module TextureFormatDXT (39)
[2016.12.07-06.40.25:361][ 82]LogModuleManager: Shutting down and abandoning module TextureFormatIntelISPCTexComp (38)
[2016.12.07-06.40.25:362][ 82]LogModuleManager: Shutting down and abandoning module ImageWrapper (37)
[2016.12.07-06.40.25:362][ 82]LogModuleManager: Shutting down and abandoning module TextureFormatASTC (36)
[2016.12.07-06.40.25:362][ 82]LogModuleManager: Shutting down and abandoning module TextureFormatAndroid (35)
[2016.12.07-06.40.25:362][ 82]LogModuleManager: Shutting down and abandoning module AudioFormatOpus (34)
[2016.12.07-06.40.25:362][ 82]LogModuleManager: Shutting down and abandoning module AudioFormatOgg (33)
[2016.12.07-06.40.25:362][ 82]LogModuleManager: Shutting down and abandoning module AudioFormatADPCM (32)
[2016.12.07-06.40.25:362][ 82]LogModuleManager: Shutting down and abandoning module WindowsTargetPlatform (31)
[2016.12.07-06.40.25:362][ 82]LogModuleManager: Shutting down and abandoning module WindowsServerTargetPlatform (30)
[2016.12.07-06.40.25:362][ 82]LogModuleManager: Shutting down and abandoning module WindowsNoEditorTargetPlatform (29)
[2016.12.07-06.40.25:362][ 82]LogModuleManager: Shutting down and abandoning module WindowsClientTargetPlatform (28)
[2016.12.07-06.40.25:362][ 82]LogModuleManager: Shutting down and abandoning module TargetPlatform (27)
[2016.12.07-06.40.25:362][ 82]LogModuleManager: Shutting down and abandoning module InputCore (26)
[2016.12.07-06.40.25:362][ 82]LogModuleManager: Shutting down and abandoning module Settings (25)
[2016.12.07-06.40.25:362][ 82]LogModuleManager: Shutting down and abandoning module OculusRift (24)
[2016.12.07-06.40.25:363][ 82]LogModuleManager: Shutting down and abandoning module ExampleDeviceProfileSelector (23)
[2016.12.07-06.40.25:363][ 82]LogModuleManager: Shutting down and abandoning module OnlineBlueprintSupport (22)
[2016.12.07-06.40.25:363][ 82]LogModuleManager: Shutting down and abandoning module OnlineSubsystem (18)
[2016.12.07-06.40.25:363][ 82]LogOnline:Display: STEAM: OnlineSubsystemSteam::Shutdown()
